Created a DragonFly topology with dimension 4

****************************************************************
*                      CasHMC version 1.1                      *
*            Date : 2018/08/03      Time : 00:28:38            *
****************************************************************

 = Log folder generating information
   Result folder already exists (./result/)

   === Simulation start === 
  [ graph/CasHMC_plot_no0.dat ] is generated
  [ graph/CasHMC_plot_no0.gnuplot ] is generated

in case when the program exits with an error, please run the following command
kill -9 35649 
  -- {54166} cmd: /home/sungkeun/git/active-routing-fullsim-cache-granularity-2/pin/intel64/bin/pinbin -t /home/sungkeun/git/active-routing-fullsim-cache-granularity-2/Pthread/mypthreadtool -port 54166 -skip_first 0 -run_roi true -- ./sgemm -i 4096,4096,4096 -n 16 -s 1 -t 4 
initiating context at the begining ...
  -- [           0]: {54166} thread 0 is created
finish context initialization ...
NYI: __pthread_initialize_minimal at: 0x45e0c0
NYI: __linkin_atfork at: 0x4b9bd0
Generate 4096x4096 matrix
Generate 4096x4096 matrix
I am in ::::::::::::::::::::::::::::::::::: ROI-Begin
[MCSIM-HOOKS] ROI begin
m: 4096, n: 4096, k: 4096, lda: 4096, ldb: 4096, ldc: 4096, nthreads: 16
  -- [       50760]: {54166} thread 1 is created
  -- [       50760]: {54166} thread 2 is created
  -- [       50760]: {54166} thread 3 is created
  -- [       50760]: {54166} thread 4 is created
  -- [       50760]: {54166} thread 5 is created
  -- [       50760]: {54166} thread 6 is created
  -- [       50760]: {54166} thread 7 is created
  -- [       50760]: {54166} thread 8 is created
  -- [       50760]: {54166} thread 9 is created
  -- [       50760]: {54166} thread 10 is created
  -- [       50760]: {54166} thread 11 is created
  -- [       52510]: {54166} thread 12 is created
  -- [       52510]: {54166} thread 13 is created
  -- [       52510]: {54166} thread 14 is created
  -- [       52510]: {54166} thread 15 is created
  -- [      196880]: {54166} thread 15 is killed :   -- num_ins : (mem_rd, mem_wr, 2nd_mem_rd, spin, lock, trylock, all)=(          0,          0,        0,        0,        0,        0,          0)
  -- [      198250]: {54166} thread 13 is killed :   -- num_ins : (mem_rd, mem_wr, 2nd_mem_rd, spin, lock, trylock, all)=(          0,          0,        0,        0,        0,        0,          0)
  -- [      213660]: {54166} thread 11 is killed :   -- num_ins : (mem_rd, mem_wr, 2nd_mem_rd, spin, lock, trylock, all)=(          0,          0,        0,        0,        0,        0,          0)
  -- [      215020]: {54166} thread 9 is killed :   -- num_ins : (mem_rd, mem_wr, 2nd_mem_rd, spin, lock, trylock, all)=(          0,          0,        0,        0,        0,        0,          0)
  -- [      216240]: {54166} thread 14 is killed :   -- num_ins : (mem_rd, mem_wr, 2nd_mem_rd, spin, lock, trylock, all)=(          0,          0,        0,        0,        0,        0,          0)
  -- [      222410]: {54166} thread 5 is killed :   -- num_ins : (mem_rd, mem_wr, 2nd_mem_rd, spin, lock, trylock, all)=(          0,          0,        0,        0,        0,        0,          0)
  -- [      222640]: {54166} thread 7 is killed :   -- num_ins : (mem_rd, mem_wr, 2nd_mem_rd, spin, lock, trylock, all)=(          0,          0,        0,        0,        0,        0,          0)
  -- [      223900]: {54166} thread 10 is killed :   -- num_ins : (mem_rd, mem_wr, 2nd_mem_rd, spin, lock, trylock, all)=(          0,          0,        0,        0,        0,        0,          0)
  -- [      225260]: {54166} thread 6 is killed :   -- num_ins : (mem_rd, mem_wr, 2nd_mem_rd, spin, lock, trylock, all)=(          0,          0,        0,        0,        0,        0,          0)
  -- [      232360]: {54166} thread 1 is killed :   -- num_ins : (mem_rd, mem_wr, 2nd_mem_rd, spin, lock, trylock, all)=(          0,          0,        0,        0,        0,        0,          0)
  -- [      235770]: {54166} thread 2 is killed :   -- num_ins : (mem_rd, mem_wr, 2nd_mem_rd, spin, lock, trylock, all)=(          0,          0,        0,        0,        0,        0,          0)
  -- [      239110]: {54166} thread 12 is killed :   -- num_ins : (mem_rd, mem_wr, 2nd_mem_rd, spin, lock, trylock, all)=(          0,          0,        0,        0,        0,        0,          0)
  -- [      241850]: {54166} thread 3 is killed :   -- num_ins : (mem_rd, mem_wr, 2nd_mem_rd, spin, lock, trylock, all)=(          0,          0,        0,        0,        0,        0,          0)
  -- [      289700]: {54166} thread 8 is killed :   -- num_ins : (mem_rd, mem_wr, 2nd_mem_rd, spin, lock, trylock, all)=(          0,          0,        0,        0,        0,        0,          0)
  -- [      335270]: {54166} thread 4 is killed :   -- num_ins : (mem_rd, mem_wr, 2nd_mem_rd, spin, lock, trylock, all)=(          0,          0,        0,        0,        0,        0,          0)
I am in ::::::::::::::::::::::::::::::::::: ROI-End
[MCSIM-HOOKS] ROI end
GFLOPs = 5.5417
IO        : 158.909311
Compute   : 24.800852
Timer Wall Time: 184.955597
  -- [      335950]: {54166} thread 0 is killed :   -- num_ins : (mem_rd, mem_wr, 2nd_mem_rd, spin, lock, trylock, all)=(          0,          0,        0,        0,        0,        0,          0)
  -- {54166} total number of unsimulated (ins, rd, wr, rd_2nd): (3615, 939, 589, 0)
  -- {54166} (cond_broadcast, cond_signal, cond_wait, barrier) = (0, 0, 0, 16)
Pthread Tool ngather: 64
 -- event became empty at cycle = 419590 num_threads 
  -- event became empty at cycle = 419590
  -- th[  0] fetched 12093 instrs
  -- th[  1] fetched 10433 instrs
  -- th[  2] fetched 10433 instrs
  -- th[  3] fetched 10433 instrs
  -- th[  4] fetched 10433 instrs
  -- th[  5] fetched 10433 instrs
  -- th[  6] fetched 10433 instrs
  -- th[  7] fetched 10433 instrs
  -- th[  8] fetched 10433 instrs
  -- th[  9] fetched 10433 instrs
  -- th[ 10] fetched 10433 instrs
  -- th[ 11] fetched 10433 instrs
  -- th[ 12] fetched 10433 instrs
  -- th[ 13] fetched 10433 instrs
  -- th[ 14] fetched 10433 instrs
  -- th[ 15] fetched 10433 instrs
  -- total number of fetched instructions : 168588 (IPC =   4.017)
  -- total number of ticks: 419590 , cycles: 41959
  -- total number of mem accs : 233
  -- total number of updates : 16384
  -- total number of gathers : 64
  -- total ngather recieved : 64
  -- total ngather to o3cores : 64
  -- total number of back invalidations : 0
  -- average update request latency : 103.759
  -- average update stalls in hmc controllers : 24.0939
  -- average update roundtrip latency : 143.244
  -- average gather roundtrip latency : 2191.27
  -- OOO [  0] : fetched      12093 instrs, branch (miss, access)=(       93,       1330)=   6.99%, nacks= 2210, x87_ops= 0, call_ops= 58, latest_ip= 0x400cc0, num_read= 1523, num_write= 506, tot_mem_wr_time= 1603360, tot_mem_rd_time= 1923410, tot_dep_dist= 886644
  -- OOO [  1] : fetched      10433 instrs, branch (miss, access)=(       11,       1045)=   1.05%, nacks= 64, x87_ops= 0, call_ops= 1, latest_ip= 0x7ffff6ad2980, num_read= 1101, num_write= 30, tot_mem_wr_time= 36580, tot_mem_rd_time= 43960, tot_dep_dist= 848692
  -- OOO [  2] : fetched      10433 instrs, branch (miss, access)=(       11,       1045)=   1.05%, nacks= 42, x87_ops= 0, call_ops= 1, latest_ip= 0x7ffff6ad2980, num_read= 1101, num_write= 30, tot_mem_wr_time= 61600, tot_mem_rd_time= 65310, tot_dep_dist= 858748
  -- OOO [  3] : fetched      10433 instrs, branch (miss, access)=(       11,       1045)=   1.05%, nacks= 52, x87_ops= 0, call_ops= 1, latest_ip= 0x7ffff6ad2980, num_read= 1101, num_write= 30, tot_mem_wr_time= 39540, tot_mem_rd_time= 44200, tot_dep_dist= 851442
  -- OOO [  4] : fetched      10433 instrs, branch (miss, access)=(       11,       1045)=   1.05%, nacks= 54, x87_ops= 0, call_ops= 1, latest_ip= 0x7ffff6ad2980, num_read= 1101, num_write= 30, tot_mem_wr_time= 177850, tot_mem_rd_time= 190550, tot_dep_dist= 847301
  -- OOO [  5] : fetched      10433 instrs, branch (miss, access)=(       11,       1045)=   1.05%, nacks= 62, x87_ops= 0, call_ops= 1, latest_ip= 0x7ffff6ad2980, num_read= 1101, num_write= 30, tot_mem_wr_time= 45480, tot_mem_rd_time= 46920, tot_dep_dist= 828565
  -- OOO [  6] : fetched      10433 instrs, branch (miss, access)=(       11,       1045)=   1.05%, nacks= 44, x87_ops= 0, call_ops= 1, latest_ip= 0x7ffff6ad2980, num_read= 1101, num_write= 30, tot_mem_wr_time= 77560, tot_mem_rd_time= 78610, tot_dep_dist= 833324
  -- OOO [  7] : fetched      10433 instrs, branch (miss, access)=(       11,       1045)=   1.05%, nacks= 41, x87_ops= 0, call_ops= 1, latest_ip= 0x7ffff6ad2980, num_read= 1101, num_write= 30, tot_mem_wr_time= 36160, tot_mem_rd_time= 38160, tot_dep_dist= 834149
  -- OOO [  8] : fetched      10433 instrs, branch (miss, access)=(       11,       1045)=   1.05%, nacks= 62, x87_ops= 0, call_ops= 1, latest_ip= 0x7ffff6ad2980, num_read= 1101, num_write= 30, tot_mem_wr_time= 63720, tot_mem_rd_time= 77970, tot_dep_dist= 854660
  -- OOO [  9] : fetched      10433 instrs, branch (miss, access)=(       11,       1045)=   1.05%, nacks= 52, x87_ops= 0, call_ops= 1, latest_ip= 0x7ffff6ad2980, num_read= 1101, num_write= 30, tot_mem_wr_time= 44590, tot_mem_rd_time= 48300, tot_dep_dist= 850978
  -- OOO [ 10] : fetched      10433 instrs, branch (miss, access)=(       11,       1045)=   1.05%, nacks= 43, x87_ops= 0, call_ops= 1, latest_ip= 0x7ffff6ad2980, num_read= 1101, num_write= 30, tot_mem_wr_time= 78550, tot_mem_rd_time= 82400, tot_dep_dist= 855851
  -- OOO [ 11] : fetched      10433 instrs, branch (miss, access)=(       11,       1045)=   1.05%, nacks= 58, x87_ops= 0, call_ops= 1, latest_ip= 0x7ffff6ad2980, num_read= 1101, num_write= 30, tot_mem_wr_time= 55090, tot_mem_rd_time= 63420, tot_dep_dist= 851380
  -- OOO [ 12] : fetched      10433 instrs, branch (miss, access)=(       11,       1045)=   1.05%, nacks= 44, x87_ops= 0, call_ops= 1, latest_ip= 0x7ffff6ad2980, num_read= 1101, num_write= 30, tot_mem_wr_time= 74000, tot_mem_rd_time= 83170, tot_dep_dist= 839458
  -- OOO [ 13] : fetched      10433 instrs, branch (miss, access)=(       11,       1045)=   1.05%, nacks= 46, x87_ops= 0, call_ops= 1, latest_ip= 0x7ffff6ad2980, num_read= 1101, num_write= 30, tot_mem_wr_time= 58790, tot_mem_rd_time= 67480, tot_dep_dist= 825281
  -- OOO [ 14] : fetched      10433 instrs, branch (miss, access)=(       11,       1045)=   1.05%, nacks= 47, x87_ops= 0, call_ops= 1, latest_ip= 0x7ffff6ad2980, num_read= 1101, num_write= 30, tot_mem_wr_time= 89380, tot_mem_rd_time= 92020, tot_dep_dist= 830947
  -- OOO [ 15] : fetched      10433 instrs, branch (miss, access)=(       11,       1045)=   1.05%, nacks= 107, x87_ops= 0, call_ops= 1, latest_ip= 0x7ffff6ad2980, num_read= 1101, num_write= 30, tot_mem_wr_time= 83050, tot_mem_rd_time= 89540, tot_dep_dist= 830834
  -- L2$ [  0] : RD (miss, access)=(        130,        210)=  61.90%
 L2$ (i,e,s,m,tr) ratio=( 998,    1,    0,    0,    0), num_dirty_lines (pid:#) = 
  -- L2$ [  1] : RD (miss, access)=(          1,          1)= 100.00%
 L2$ (i,e,s,m,tr) ratio=( 999,    0,    0,    0,    0), num_dirty_lines (pid:#) = 
  -- L2$ [  2] : RD (miss, access)=(         40,         40)= 100.00%
  -- L2$ [  2] : WR (miss, access)=(         24,         44)=  54.55%
  -- L2$ [  2] : (ev_coherency, ev_capacity, coherency_access, up_req, bypass, nack)=(          0,          0,          0,         20,          0,          0)
  -- L2$ [  2] : EV_from_L1 (miss, access)=(          0,         20)= 0.00%,  L2$ (i,e,s,m,tr) ratio=( 996,    1,    0,    2,    0), num_dirty_lines (pid:#) = 0 : 44 , 
  -- L2$ [  3] : RD (miss, access)=(         46,         46)= 100.00%
  -- L2$ [  3] : WR (miss, access)=(          0,         44)=   0.00%
  -- L2$ [  3] : (ev_coherency, ev_capacity, coherency_access, up_req, bypass, nack)=(          0,          0,          0,         44,          0,          0)
  -- L2$ [  3] : EV_from_L1 (miss, access)=(          0,         12)= 0.00%,  L2$ (i,e,s,m,tr) ratio=( 997,    0,    0,    2,    0), num_dirty_lines (pid:#) = 0 : 44 , 
  -- L2$ [  4] : RD (miss, access)=(         12,         12)= 100.00%
  -- L2$ [  4] : WR (miss, access)=(          0,          3)=   0.00%
  -- L2$ [  4] : (ev_coherency, ev_capacity, coherency_access, up_req, bypass, nack)=(          0,          0,          0,          3,          0,          0)
 L2$ (i,e,s,m,tr) ratio=( 999,    0,    0,    0,    0), num_dirty_lines (pid:#) = 0 : 3 , 
  -- L2$ [  5] : RD (miss, access)=(          4,          4)= 100.00%
  -- L2$ [  5] : WR (miss, access)=(          0,          1)=   0.00%
  -- L2$ [  5] : (ev_coherency, ev_capacity, coherency_access, up_req, bypass, nack)=(          0,          0,          0,          1,          0,          0)
 L2$ (i,e,s,m,tr) ratio=( 999,    0,    0,    0,    0), num_dirty_lines (pid:#) = 0 : 1 , 
  -- L2$ [  6] : RD (miss, access)=(          2,         15)=  13.33%
 L2$ (i,e,s,m,tr) ratio=( 999,    0,    0,    0,    0), num_dirty_lines (pid:#) = 
  -- L2$ [  7] : RD (miss, access)=(         17,         17)= 100.00%
 L2$ (i,e,s,m,tr) ratio=( 998,    1,    0,    0,    0), num_dirty_lines (pid:#) = 
  -- L2$ [  8] : WR (miss, access)=(         12,         12)= 100.00%
 L2$ (i,e,s,m,tr) ratio=( 999,    0,    0,    0,    0), num_dirty_lines (pid:#) = 0 : 12 , 
  -- L2$ [  9] : WR (miss, access)=(         10,         10)= 100.00%
 L2$ (i,e,s,m,tr) ratio=( 999,    0,    0,    0,    0), num_dirty_lines (pid:#) = 0 : 10 , 
  -- L2$ [ 11] : RD (miss, access)=(          1,          1)= 100.00%
 L2$ (i,e,s,m,tr) ratio=( 999,    0,    0,    0,    0), num_dirty_lines (pid:#) = 
  -- L2$ [ 13] : RD (miss, access)=(          2,         15)=  13.33%
 L2$ (i,e,s,m,tr) ratio=( 999,    0,    0,    0,    0), num_dirty_lines (pid:#) = 
  -- L2$ [ 15] : RD (miss, access)=(          7,         39)=  17.95%
  -- L2$ [ 15] : WR (miss, access)=(         28,         33)=  84.85%
  -- L2$ [ 15] : (ev_coherency, ev_capacity, coherency_access, up_req, bypass, nack)=(         20,          0,         20,          1,          0,          0)
  -- L2$ [ 15] : EV_from_L1 (miss, access)=(          0,          1)= 0.00%,  L2$ (i,e,s,m,tr) ratio=( 997,    0,    0,    1,    0), num_dirty_lines (pid:#) = 0 : 29 , 
  -- Dir [  0] : (i->tr, e->tr, s->tr, m->tr, m->i, tr->i, tr->e, tr->s, tr->m) = (41, 17, 0, 0, 0, 0, 29, 0, 29)
  -- Dir [  0] : (nack, bypass, evict, invalidate, from_mc, dir_acc, dir_$_miss, dir_$_retry, dir_$_evict, back_invalidate, dir_active_retry) = (0, 0, 0, 0, 41, 8308, 41, 0, 0, 0, 0), 41, 0, 0, 0, 0, 0, 0, 0, 0, 0, 0, 0, 0, 0, 0, 0, 
  -- Dir [  1] : (i->tr, e->tr, s->tr, m->tr, m->i, tr->i, tr->e, tr->s, tr->m) = (52, 18, 0, 0, 0, 0, 40, 0, 30)
  -- Dir [  1] : (nack, bypass, evict, invalidate, from_mc, dir_acc, dir_$_miss, dir_$_retry, dir_$_evict, back_invalidate, dir_active_retry) = (0, 0, 0, 0, 52, 8332, 52, 0, 0, 0, 0), 52, 0, 0, 0, 0, 0, 0, 0, 0, 0, 0, 0, 0, 0, 0, 0, 
  -- Dir [  2] : (i->tr, e->tr, s->tr, m->tr, m->i, tr->i, tr->e, tr->s, tr->m) = (90, 16, 0, 0, 0, 0, 57, 0, 49)
  -- Dir [  2] : (nack, bypass, evict, invalidate, from_mc, dir_acc, dir_$_miss, dir_$_retry, dir_$_evict, back_invalidate, dir_active_retry) = (0, 0, 0, 0, 90, 8404, 90, 0, 0, 0, 0), 90, 0, 0, 0, 0, 0, 0, 0, 0, 0, 0, 0, 0, 0, 0, 0, 
  -- Dir [  3] : (i->tr, e->tr, s->tr, m->tr, m->i, tr->i, tr->e, tr->s, tr->m) = (50, 18, 0, 0, 0, 0, 33, 0, 35)
  -- Dir [  3] : (nack, bypass, evict, invalidate, from_mc, dir_acc, dir_$_miss, dir_$_retry, dir_$_evict, back_invalidate, dir_active_retry) = (0, 0, 0, 0, 50, 8328, 50, 0, 0, 0, 0), 50, 0, 0, 0, 0, 0, 0, 0, 0, 0, 0, 0, 0, 0, 0, 0, 
  -- HMCCtrl [0] : (rd, wr, evict, update, gather) = (      41,        0,        0,     4096,       16), (avg_rd_stall, avg_wr_stall, avg_ev_stall, avg_rd_mem, avg_wr_mem, avg_ev_mem [cycles]) = (   14.80,     -nan,     -nan,   499.88,     -nan,     -nan), (avg_update_req, avg_update_stall [cycles]) = (  120.18,    84.06)
(ct_hmc, 0) [req_event: 0] [outstanding_req: 0] [tran_buf: 0] [active_update_event: 0] [active_gather_event: 0] [pending_active_updates: 0] [resp_queue: 0]
  -- HMCCtrl [1] : (rd, wr, evict, update, gather) = (      52,        0,        0,     4096,       16), (avg_rd_stall, avg_wr_stall, avg_ev_stall, avg_rd_mem, avg_wr_mem, avg_ev_mem [cycles]) = (    9.87,     -nan,     -nan,   274.75,     -nan,     -nan), (avg_update_req, avg_update_stall [cycles]) = (   81.72,     7.62)
(ct_hmc, 1) [req_event: 0] [outstanding_req: 0] [tran_buf: 0] [active_update_event: 0] [active_gather_event: 0] [pending_active_updates: 0] [resp_queue: 0]
  -- HMCCtrl [2] : (rd, wr, evict, update, gather) = (      90,        0,        0,     4096,       16), (avg_rd_stall, avg_wr_stall, avg_ev_stall, avg_rd_mem, avg_wr_mem, avg_ev_mem [cycles]) = (    0.09,     -nan,     -nan,   140.29,     -nan,     -nan), (avg_update_req, avg_update_stall [cycles]) = (  111.20,     0.03)
(ct_hmc, 2) [req_event: 0] [outstanding_req: 0] [tran_buf: 0] [active_update_event: 0] [active_gather_event: 0] [pending_active_updates: 0] [resp_queue: 0]
  -- HMCCtrl [3] : (rd, wr, evict, update, gather) = (      50,        0,        0,     4096,       16), (avg_rd_stall, avg_wr_stall, avg_ev_stall, avg_rd_mem, avg_wr_mem, avg_ev_mem [cycles]) = (    0.68,     -nan,     -nan,   169.90,     -nan,     -nan), (avg_update_req, avg_update_stall [cycles]) = (  101.94,     4.67)
(ct_hmc, 3) [req_event: 0] [outstanding_req: 0] [tran_buf: 0] [active_update_event: 0] [active_gather_event: 0] [pending_active_updates: 0] [resp_queue: 0]
  -- MESH[0] : average hop = 3.95
  -- NoC [  0] : (req, crq, rep) = (58179, 0, 19030), num_data_transfers = 210
  -- L1$I[  0] : RD (miss, access)=(         78,        315)=  24.76%, PRE (hit, reqs)=( 0, 0 )
  -- L1$I[  1] : RD (miss, access)=(         14,        185)=   7.57%, PRE (hit, reqs)=( 0, 0 )
  -- L1$I[  2] : RD (miss, access)=(         14,        185)=   7.57%, PRE (hit, reqs)=( 0, 0 )
  -- L1$I[  3] : RD (miss, access)=(         14,        185)=   7.57%, PRE (hit, reqs)=( 0, 0 )
  -- L1$I[  4] : RD (miss, access)=(         14,        184)=   7.61%, PRE (hit, reqs)=( 0, 0 )
  -- L1$I[  5] : RD (miss, access)=(         14,        184)=   7.61%, PRE (hit, reqs)=( 0, 0 )
  -- L1$I[  6] : RD (miss, access)=(         14,        185)=   7.57%, PRE (hit, reqs)=( 0, 0 )
  -- L1$I[  7] : RD (miss, access)=(         14,        185)=   7.57%, PRE (hit, reqs)=( 0, 0 )
  -- L1$I[  8] : RD (miss, access)=(         14,        185)=   7.57%, PRE (hit, reqs)=( 0, 0 )
  -- L1$I[  9] : RD (miss, access)=(         14,        185)=   7.57%, PRE (hit, reqs)=( 0, 0 )
  -- L1$I[ 10] : RD (miss, access)=(         14,        185)=   7.57%, PRE (hit, reqs)=( 0, 0 )
  -- L1$I[ 11] : RD (miss, access)=(         14,        184)=   7.61%, PRE (hit, reqs)=( 0, 0 )
  -- L1$I[ 12] : RD (miss, access)=(         13,        185)=   7.03%, PRE (hit, reqs)=( 0, 0 )
  -- L1$I[ 13] : RD (miss, access)=(         13,        184)=   7.07%, PRE (hit, reqs)=( 0, 0 )
  -- L1$I[ 14] : RD (miss, access)=(         13,        184)=   7.07%, PRE (hit, reqs)=( 0, 0 )
  -- L1$I[ 15] : RD (miss, access)=(         13,        184)=   7.07%, PRE (hit, reqs)=( 0, 0 )
  -- L1$D[  0] : RD (miss, access)=(         73,       1550)=   4.71%, PRE (hit, reqs)=( 0, 0 )
  -- L1$D[  0] : WR (miss, access)=(       2212,       2689)=  82.26%
  -- L1$D[  0] : (ev_coherency, ev_capacity, coherency_access, up_req, bypass, nack)=(          0,          2,         20,         12,          1,          1), num_dirty_lines (pid:#) = 0 : 22 , 
  -- L1$D[  1] : RD (miss, access)=(         15,       1101)=   1.36%, PRE (hit, reqs)=( 0, 0 )
  -- L1$D[  1] : WR (miss, access)=(         67,         94)=  71.28%
  -- L1$D[  1] : (ev_coherency, ev_capacity, coherency_access, up_req, bypass, nack)=(          0,          2,          0,          4,          0,          0), num_dirty_lines (pid:#) = 0 : 5 , 
  -- L1$D[  2] : RD (miss, access)=(         15,       1101)=   1.36%, PRE (hit, reqs)=( 0, 0 )
  -- L1$D[  2] : WR (miss, access)=(         45,         72)=  62.50%
  -- L1$D[  2] : (ev_coherency, ev_capacity, coherency_access, up_req, bypass, nack)=(          0,          3,          0,          4,          0,          0), num_dirty_lines (pid:#) = 0 : 5 , 
  -- L1$D[  3] : RD (miss, access)=(         14,       1101)=   1.27%, PRE (hit, reqs)=( 0, 0 )
  -- L1$D[  3] : WR (miss, access)=(         55,         82)=  67.07%
  -- L1$D[  3] : (ev_coherency, ev_capacity, coherency_access, up_req, bypass, nack)=(          0,          2,          0,          4,          0,          0), num_dirty_lines (pid:#) = 0 : 5 , 
  -- L1$D[  4] : RD (miss, access)=(         15,       1101)=   1.36%, PRE (hit, reqs)=( 0, 0 )
  -- L1$D[  4] : WR (miss, access)=(         57,         84)=  67.86%
  -- L1$D[  4] : (ev_coherency, ev_capacity, coherency_access, up_req, bypass, nack)=(          0,          2,          0,          4,          0,          0), num_dirty_lines (pid:#) = 0 : 5 , 
  -- L1$D[  5] : RD (miss, access)=(         12,       1101)=   1.09%, PRE (hit, reqs)=( 0, 0 )
  -- L1$D[  5] : WR (miss, access)=(         65,         92)=  70.65%
  -- L1$D[  5] : (ev_coherency, ev_capacity, coherency_access, up_req, bypass, nack)=(          0,          2,          0,          4,          0,          0), num_dirty_lines (pid:#) = 0 : 5 , 
  -- L1$D[  6] : RD (miss, access)=(         10,       1101)=   0.91%, PRE (hit, reqs)=( 0, 0 )
  -- L1$D[  6] : WR (miss, access)=(         47,         74)=  63.51%
  -- L1$D[  6] : (ev_coherency, ev_capacity, coherency_access, up_req, bypass, nack)=(          0,          2,          0,          4,          0,          0), num_dirty_lines (pid:#) = 0 : 5 , 
  -- L1$D[  7] : RD (miss, access)=(         12,       1101)=   1.09%, PRE (hit, reqs)=( 0, 0 )
  -- L1$D[  7] : WR (miss, access)=(         44,         71)=  61.97%
  -- L1$D[  7] : (ev_coherency, ev_capacity, coherency_access, up_req, bypass, nack)=(          0,          2,          0,          4,          0,          0), num_dirty_lines (pid:#) = 0 : 5 , 
  -- L1$D[  8] : RD (miss, access)=(         14,       1101)=   1.27%, PRE (hit, reqs)=( 0, 0 )
  -- L1$D[  8] : WR (miss, access)=(         65,         92)=  70.65%
  -- L1$D[  8] : (ev_coherency, ev_capacity, coherency_access, up_req, bypass, nack)=(          0,          2,          0,          4,          0,          0), num_dirty_lines (pid:#) = 0 : 5 , 
  -- L1$D[  9] : RD (miss, access)=(          8,       1101)=   0.73%, PRE (hit, reqs)=( 0, 0 )
  -- L1$D[  9] : WR (miss, access)=(         55,         82)=  67.07%
  -- L1$D[  9] : (ev_coherency, ev_capacity, coherency_access, up_req, bypass, nack)=(          0,          2,          1,          4,          0,          0), num_dirty_lines (pid:#) = 0 : 5 , 
  -- L1$D[ 10] : RD (miss, access)=(         10,       1101)=   0.91%, PRE (hit, reqs)=( 0, 0 )
  -- L1$D[ 10] : WR (miss, access)=(         46,         73)=  63.01%
  -- L1$D[ 10] : (ev_coherency, ev_capacity, coherency_access, up_req, bypass, nack)=(          1,          2,          1,          4,          0,          0), num_dirty_lines (pid:#) = 0 : 5 , 
  -- L1$D[ 11] : RD (miss, access)=(         18,       1107)=   1.63%, PRE (hit, reqs)=( 0, 0 )
  -- L1$D[ 11] : WR (miss, access)=(         55,         82)=  67.07%
  -- L1$D[ 11] : (ev_coherency, ev_capacity, coherency_access, up_req, bypass, nack)=(          0,          2,          0,          4,          1,          1), num_dirty_lines (pid:#) = 0 : 5 , 
  -- L1$D[ 12] : RD (miss, access)=(         15,       1101)=   1.36%, PRE (hit, reqs)=( 0, 0 )
  -- L1$D[ 12] : WR (miss, access)=(         47,         74)=  63.51%
  -- L1$D[ 12] : (ev_coherency, ev_capacity, coherency_access, up_req, bypass, nack)=(          0,          2,          0,          4,          0,          0), num_dirty_lines (pid:#) = 0 : 5 , 
  -- L1$D[ 13] : RD (miss, access)=(         18,       1101)=   1.63%, PRE (hit, reqs)=( 0, 0 )
  -- L1$D[ 13] : WR (miss, access)=(         49,         76)=  64.47%
  -- L1$D[ 13] : (ev_coherency, ev_capacity, coherency_access, up_req, bypass, nack)=(          1,          2,          1,          4,          0,          0), num_dirty_lines (pid:#) = 0 : 5 , 
  -- L1$D[ 14] : RD (miss, access)=(         15,       1101)=   1.36%, PRE (hit, reqs)=( 0, 0 )
  -- L1$D[ 14] : WR (miss, access)=(         50,         77)=  64.94%
  -- L1$D[ 14] : (ev_coherency, ev_capacity, coherency_access, up_req, bypass, nack)=(          0,          2,          0,          4,          0,          0), num_dirty_lines (pid:#) = 0 : 5 , 
  -- L1$D[ 15] : RD (miss, access)=(         13,       1102)=   1.18%, PRE (hit, reqs)=( 0, 0 )
  -- L1$D[ 15] : WR (miss, access)=(        109,        136)=  80.15%
  -- L1$D[ 15] : (ev_coherency, ev_capacity, coherency_access, up_req, bypass, nack)=(          1,          2,          1,          4,          1,          1), num_dirty_lines (pid:#) = 0 : 5 , 
  -- TLBI[0] : (miss, access) = (13, 315) = 4.13%
  -- TLBI[1] : (miss, access) = (4, 185) = 2.16%
  -- TLBI[2] : (miss, access) = (4, 185) = 2.16%
  -- TLBI[3] : (miss, access) = (4, 185) = 2.16%
  -- TLBI[4] : (miss, access) = (4, 184) = 2.17%
  -- TLBI[5] : (miss, access) = (4, 184) = 2.17%
  -- TLBI[6] : (miss, access) = (4, 185) = 2.16%
  -- TLBI[7] : (miss, access) = (4, 185) = 2.16%
  -- TLBI[8] : (miss, access) = (4, 185) = 2.16%
  -- TLBI[9] : (miss, access) = (4, 185) = 2.16%
  -- TLBI[10] : (miss, access) = (4, 185) = 2.16%
  -- TLBI[11] : (miss, access) = (4, 184) = 2.17%
  -- TLBI[12] : (miss, access) = (4, 185) = 2.16%
  -- TLBI[13] : (miss, access) = (4, 184) = 2.17%
  -- TLBI[14] : (miss, access) = (4, 184) = 2.17%
  -- TLBI[15] : (miss, access) = (4, 184) = 2.17%
  -- TLBD[0] : (miss, access) = (4, 2029) = 0.20%
  -- TLBD[1] : (miss, access) = (4, 1131) = 0.35%
  -- TLBD[2] : (miss, access) = (4, 1131) = 0.35%
  -- TLBD[3] : (miss, access) = (4, 1131) = 0.35%
  -- TLBD[4] : (miss, access) = (4, 1131) = 0.35%
  -- TLBD[5] : (miss, access) = (4, 1131) = 0.35%
  -- TLBD[6] : (miss, access) = (4, 1131) = 0.35%
  -- TLBD[7] : (miss, access) = (4, 1131) = 0.35%
  -- TLBD[8] : (miss, access) = (3, 1131) = 0.27%
  -- TLBD[9] : (miss, access) = (4, 1131) = 0.35%
  -- TLBD[10] : (miss, access) = (4, 1131) = 0.35%
  -- TLBD[11] : (miss, access) = (4, 1131) = 0.35%
  -- TLBD[12] : (miss, access) = (4, 1131) = 0.35%
  -- TLBD[13] : (miss, access) = (4, 1131) = 0.35%
  -- TLBD[14] : (miss, access) = (4, 1131) = 0.35%
  -- TLBD[15] : (miss, access) = (4, 1131) = 0.35%
 ## VLTCtrller DRAM_rd_bw:43.04GBps DRAM_wr_bw:0.00GBps DRAM_act_bw:42.73GBps
  [ result/CasHMC_dfly_arftid_sgemm_4096_1_setting.log ] is generated

   === Simulation finished  ( CPU clk:91409 ) ===   
  [ result/CasHMC_dfly_arftid_sgemm_4096_1_result.log ] is generated

