****************************************************************
*                      CasHMC version 1.1                      *
*                       result log file                        *
*            Date : 2018/07/24      Time : 19:35:18            *
****************************************************************

- Trace type : 
  ============= CasHMC statistic result =============

  Elapsed epoch : 0
  Elapsed clock : 443153

        HMC bandwidth : 0.0156021 GB/s  (Considered only data size)
    Link HC bandwidth : 42.6688 GB/s  (Bandwidth flowing into HMC Network)
       Link bandwidth : 162.685 GB/s  (Sum of bandwidth over 68 Links, Included flow packet)
 Effec Link bandwidth : 0.0287833 GB/s  (Data bandwidth(sum) regardless of packet header and tail over 68 Links)
 Ef Link HC bandwidth :       0 GB/s  (Data bandwidth(sum) regardless of packet header and tail over CPU links injecting into HMCNET)
     Link utilization : 3.98737 %     (Max link bandwidth : 480 GB/S)

    Tran latency mean : 56.3103 ns
                 std  : 19.4854 ns
                 max  : 118.5 ns
                 min  : 40 ns
    Link latency mean : 8074.62 ns
                 std  : 23573 ns
                 max  : 83109 ns
                 min  : 37 ns
   Vault latency mean : 28 ns
                 std  : 0 ns
                 max  : 28 ns
                 min  : 28 ns
   Retry latency mean : 0 ns
                 std  : 0 ns
                 max  : 0 ns
                 min  : 0 ns

           Read count : 103
          Write count : 0
         Atomic count : 700032
        Request count : 700135
       Response count : 119
           Flow count : 1718385
    Transaction count : 58
    Error abort count : 0
    Error retry count : 0

  ┌─────────────  [Link 0]   (HMC0_LK_U0)
  │              Read per link : 0
  │             Write per link : 0
  │            Atomic per link : 0
  │           Request per link : 0
  │          Response per link : 11
  │              Flow per link : 161728
  │       Error abort per link : 0
  │       Active Pkt Bandwidth : 0.000134501 GB/s  (Utilization : 0.000224169 %)
  │      Passive Pkt Bandwidth : 0.00336253 GB/s  (Utilization : 0.00560422 %)
  │         Flow Pkt Bandwidth : 10.8763 GB/s  (Utilization : 18.1272 %)
  │       Downstream Bandwidth :       0 GB/s  (Utilization : 0 %)
  │         Upstream Bandwidth : 10.8798 GB/s  (Utilization : 18.133 %)
  │            Total Bandwidth : 10.8798 GB/s  (Utilization : 9.06651 %)
  └───── Total effec Bandwidth : 0.00275728 GB/s

  ┌─────────────  [Link 1]   (HMC0_LK_D1)
  │              Read per link : 0
  │             Write per link : 0
  │            Atomic per link : 26240
  │           Request per link : 26240
  │          Response per link : 0
  │              Flow per link : 20719
  │       Error abort per link : 0
  │       Active Pkt Bandwidth : 1.76472 GB/s  (Utilization : 2.94121 %)
  │      Passive Pkt Bandwidth :       0 GB/s  (Utilization : 0 %)
  │         Flow Pkt Bandwidth : 1.39337 GB/s  (Utilization : 2.32228 %)
  │       Downstream Bandwidth : 3.15809 GB/s  (Utilization : 5.26348 %)
  │         Upstream Bandwidth :       0 GB/s  (Utilization : 0 %)
  │            Total Bandwidth : 3.15809 GB/s  (Utilization : 2.63174 %)
  └───── Total effec Bandwidth :       0 GB/s

  ┌─────────────  [Link 2]   (HMC0_LK_D2)
  │              Read per link : 6
  │             Write per link : 0
  │            Atomic per link : 24576
  │           Request per link : 24582
  │          Response per link : 0
  │              Flow per link : 19477
  │       Error abort per link : 0
  │       Active Pkt Bandwidth : 1.65282 GB/s  (Utilization : 2.7547 %)
  │      Passive Pkt Bandwidth : 0.000403504 GB/s  (Utilization : 0.000672506 %)
  │         Flow Pkt Bandwidth : 1.30984 GB/s  (Utilization : 2.18307 %)
  │       Downstream Bandwidth : 2.96306 GB/s  (Utilization : 4.93844 %)
  │         Upstream Bandwidth :       0 GB/s  (Utilization : 0 %)
  │            Total Bandwidth : 2.96306 GB/s  (Utilization : 2.46922 %)
  └───── Total effec Bandwidth :       0 GB/s

  ┌─────────────  [Link 3]   (HMC0_LK_D3)
  │              Read per link : 0
  │             Write per link : 0
  │            Atomic per link : 24576
  │           Request per link : 24576
  │          Response per link : 0
  │              Flow per link : 19499
  │       Error abort per link : 0
  │       Active Pkt Bandwidth : 1.65282 GB/s  (Utilization : 2.7547 %)
  │      Passive Pkt Bandwidth :       0 GB/s  (Utilization : 0 %)
  │         Flow Pkt Bandwidth : 1.31132 GB/s  (Utilization : 2.18553 %)
  │       Downstream Bandwidth : 2.96414 GB/s  (Utilization : 4.94023 %)
  │         Upstream Bandwidth :       0 GB/s  (Utilization : 0 %)
  │            Total Bandwidth : 2.96414 GB/s  (Utilization : 2.47012 %)
  └───── Total effec Bandwidth :       0 GB/s

  ┌─────────────  [Link 4]   (HMC1_LK_D0)
  │              Read per link : 0
  │             Write per link : 0
  │            Atomic per link : 0
  │           Request per link : 0
  │          Response per link : 1
  │              Flow per link : 43949
  │       Error abort per link : 0
  │       Active Pkt Bandwidth : 0.000134501 GB/s  (Utilization : 0.000224169 %)
  │      Passive Pkt Bandwidth :       0 GB/s  (Utilization : 0 %)
  │         Flow Pkt Bandwidth :  2.9556 GB/s  (Utilization : 4.926 %)
  │       Downstream Bandwidth : 2.95573 GB/s  (Utilization : 4.92622 %)
  │         Upstream Bandwidth :       0 GB/s  (Utilization : 0 %)
  │            Total Bandwidth : 2.95573 GB/s  (Utilization : 2.46311 %)
  └───── Total effec Bandwidth : 6.72506e-05 GB/s

  ┌─────────────  [Link 5]   (HMC1_LK_D1)
  │              Read per link : 0
  │             Write per link : 0
  │            Atomic per link : 0
  │           Request per link : 0
  │          Response per link : 0
  │              Flow per link : 0
  │       Error abort per link : 0
  │       Active Pkt Bandwidth :       0 GB/s  (Utilization : 0 %)
  │      Passive Pkt Bandwidth :       0 GB/s  (Utilization : 0 %)
  │         Flow Pkt Bandwidth :       0 GB/s  (Utilization : 0 %)
  │       Downstream Bandwidth :       0 GB/s  (Utilization : 0 %)
  │         Upstream Bandwidth :       0 GB/s  (Utilization : 0 %)
  │            Total Bandwidth :       0 GB/s  (Utilization : 0 %)
  └───── Total effec Bandwidth :       0 GB/s

  ┌─────────────  [Link 6]   (HMC1_LK_D2)
  │              Read per link : 0
  │             Write per link : 0
  │            Atomic per link : 0
  │           Request per link : 0
  │          Response per link : 0
  │              Flow per link : 0
  │       Error abort per link : 0
  │       Active Pkt Bandwidth :       0 GB/s  (Utilization : 0 %)
  │      Passive Pkt Bandwidth :       0 GB/s  (Utilization : 0 %)
  │         Flow Pkt Bandwidth :       0 GB/s  (Utilization : 0 %)
  │       Downstream Bandwidth :       0 GB/s  (Utilization : 0 %)
  │         Upstream Bandwidth :       0 GB/s  (Utilization : 0 %)
  │            Total Bandwidth :       0 GB/s  (Utilization : 0 %)
  └───── Total effec Bandwidth :       0 GB/s

  ┌─────────────  [Link 7]   (HMC1_LK_D3)
  │              Read per link : 0
  │             Write per link : 0
  │            Atomic per link : 0
  │           Request per link : 0
  │          Response per link : 0
  │              Flow per link : 0
  │       Error abort per link : 0
  │       Active Pkt Bandwidth :       0 GB/s  (Utilization : 0 %)
  │      Passive Pkt Bandwidth :       0 GB/s  (Utilization : 0 %)
  │         Flow Pkt Bandwidth :       0 GB/s  (Utilization : 0 %)
  │       Downstream Bandwidth :       0 GB/s  (Utilization : 0 %)
  │         Upstream Bandwidth :       0 GB/s  (Utilization : 0 %)
  │            Total Bandwidth :       0 GB/s  (Utilization : 0 %)
  └───── Total effec Bandwidth :       0 GB/s

  ┌─────────────  [Link 8]   (HMC2_LK_D0)
  │              Read per link : 0
  │             Write per link : 0
  │            Atomic per link : 0
  │           Request per link : 0
  │          Response per link : 7
  │              Flow per link : 41274
  │       Error abort per link : 0
  │       Active Pkt Bandwidth : 0.000134501 GB/s  (Utilization : 0.000224169 %)
  │      Passive Pkt Bandwidth : 0.00201752 GB/s  (Utilization : 0.00336253 %)
  │         Flow Pkt Bandwidth :  2.7757 GB/s  (Utilization : 4.62617 %)
  │       Downstream Bandwidth : 2.77785 GB/s  (Utilization : 4.62976 %)
  │         Upstream Bandwidth :       0 GB/s  (Utilization : 0 %)
  │            Total Bandwidth : 2.77785 GB/s  (Utilization : 2.31488 %)
  └───── Total effec Bandwidth : 0.00168127 GB/s

  ┌─────────────  [Link 9]   (HMC2_LK_D1)
  │              Read per link : 0
  │             Write per link : 0
  │            Atomic per link : 0
  │           Request per link : 0
  │          Response per link : 0
  │              Flow per link : 0
  │       Error abort per link : 0
  │       Active Pkt Bandwidth :       0 GB/s  (Utilization : 0 %)
  │      Passive Pkt Bandwidth :       0 GB/s  (Utilization : 0 %)
  │         Flow Pkt Bandwidth :       0 GB/s  (Utilization : 0 %)
  │       Downstream Bandwidth :       0 GB/s  (Utilization : 0 %)
  │         Upstream Bandwidth :       0 GB/s  (Utilization : 0 %)
  │            Total Bandwidth :       0 GB/s  (Utilization : 0 %)
  └───── Total effec Bandwidth :       0 GB/s

  ┌─────────────  [Link 10]   (HMC2_LK_D2)
  │              Read per link : 0
  │             Write per link : 0
  │            Atomic per link : 0
  │           Request per link : 0
  │          Response per link : 0
  │              Flow per link : 0
  │       Error abort per link : 0
  │       Active Pkt Bandwidth :       0 GB/s  (Utilization : 0 %)
  │      Passive Pkt Bandwidth :       0 GB/s  (Utilization : 0 %)
  │         Flow Pkt Bandwidth :       0 GB/s  (Utilization : 0 %)
  │       Downstream Bandwidth :       0 GB/s  (Utilization : 0 %)
  │         Upstream Bandwidth :       0 GB/s  (Utilization : 0 %)
  │            Total Bandwidth :       0 GB/s  (Utilization : 0 %)
  └───── Total effec Bandwidth :       0 GB/s

  ┌─────────────  [Link 11]   (HMC2_LK_D3)
  │              Read per link : 0
  │             Write per link : 0
  │            Atomic per link : 0
  │           Request per link : 0
  │          Response per link : 0
  │              Flow per link : 0
  │       Error abort per link : 0
  │       Active Pkt Bandwidth :       0 GB/s  (Utilization : 0 %)
  │      Passive Pkt Bandwidth :       0 GB/s  (Utilization : 0 %)
  │         Flow Pkt Bandwidth :       0 GB/s  (Utilization : 0 %)
  │       Downstream Bandwidth :       0 GB/s  (Utilization : 0 %)
  │         Upstream Bandwidth :       0 GB/s  (Utilization : 0 %)
  │            Total Bandwidth :       0 GB/s  (Utilization : 0 %)
  └───── Total effec Bandwidth :       0 GB/s

  ┌─────────────  [Link 12]   (HMC3_LK_D0)
  │              Read per link : 0
  │             Write per link : 0
  │            Atomic per link : 0
  │           Request per link : 0
  │          Response per link : 1
  │              Flow per link : 41165
  │       Error abort per link : 0
  │       Active Pkt Bandwidth : 0.000134501 GB/s  (Utilization : 0.000224169 %)
  │      Passive Pkt Bandwidth :       0 GB/s  (Utilization : 0 %)
  │         Flow Pkt Bandwidth : 2.76837 GB/s  (Utilization : 4.61395 %)
  │       Downstream Bandwidth : 2.76851 GB/s  (Utilization : 4.61418 %)
  │         Upstream Bandwidth :       0 GB/s  (Utilization : 0 %)
  │            Total Bandwidth : 2.76851 GB/s  (Utilization : 2.30709 %)
  └───── Total effec Bandwidth : 6.72506e-05 GB/s

  ┌─────────────  [Link 13]   (HMC3_LK_D1)
  │              Read per link : 0
  │             Write per link : 0
  │            Atomic per link : 0
  │           Request per link : 0
  │          Response per link : 0
  │              Flow per link : 0
  │       Error abort per link : 0
  │       Active Pkt Bandwidth :       0 GB/s  (Utilization : 0 %)
  │      Passive Pkt Bandwidth :       0 GB/s  (Utilization : 0 %)
  │         Flow Pkt Bandwidth :       0 GB/s  (Utilization : 0 %)
  │       Downstream Bandwidth :       0 GB/s  (Utilization : 0 %)
  │         Upstream Bandwidth :       0 GB/s  (Utilization : 0 %)
  │            Total Bandwidth :       0 GB/s  (Utilization : 0 %)
  └───── Total effec Bandwidth :       0 GB/s

  ┌─────────────  [Link 14]   (HMC3_LK_D2)
  │              Read per link : 0
  │             Write per link : 0
  │            Atomic per link : 0
  │           Request per link : 0
  │          Response per link : 0
  │              Flow per link : 0
  │       Error abort per link : 0
  │       Active Pkt Bandwidth :       0 GB/s  (Utilization : 0 %)
  │      Passive Pkt Bandwidth :       0 GB/s  (Utilization : 0 %)
  │         Flow Pkt Bandwidth :       0 GB/s  (Utilization : 0 %)
  │       Downstream Bandwidth :       0 GB/s  (Utilization : 0 %)
  │         Upstream Bandwidth :       0 GB/s  (Utilization : 0 %)
  │            Total Bandwidth :       0 GB/s  (Utilization : 0 %)
  └───── Total effec Bandwidth :       0 GB/s

  ┌─────────────  [Link 15]   (HMC3_LK_D3)
  │              Read per link : 0
  │             Write per link : 0
  │            Atomic per link : 0
  │           Request per link : 0
  │          Response per link : 0
  │              Flow per link : 0
  │       Error abort per link : 0
  │       Active Pkt Bandwidth :       0 GB/s  (Utilization : 0 %)
  │      Passive Pkt Bandwidth :       0 GB/s  (Utilization : 0 %)
  │         Flow Pkt Bandwidth :       0 GB/s  (Utilization : 0 %)
  │       Downstream Bandwidth :       0 GB/s  (Utilization : 0 %)
  │         Upstream Bandwidth :       0 GB/s  (Utilization : 0 %)
  │            Total Bandwidth :       0 GB/s  (Utilization : 0 %)
  └───── Total effec Bandwidth :       0 GB/s

  ┌─────────────  [Link 16]   (HMC4_LK_D0)
  │              Read per link : 0
  │             Write per link : 0
  │            Atomic per link : 0
  │           Request per link : 0
  │          Response per link : 0
  │              Flow per link : 0
  │       Error abort per link : 0
  │       Active Pkt Bandwidth :       0 GB/s  (Utilization : 0 %)
  │      Passive Pkt Bandwidth :       0 GB/s  (Utilization : 0 %)
  │         Flow Pkt Bandwidth :       0 GB/s  (Utilization : 0 %)
  │       Downstream Bandwidth :       0 GB/s  (Utilization : 0 %)
  │         Upstream Bandwidth :       0 GB/s  (Utilization : 0 %)
  │            Total Bandwidth :       0 GB/s  (Utilization : 0 %)
  └───── Total effec Bandwidth :       0 GB/s

  ┌─────────────  [Link 17]   (HMC4_LK_D1)
  │              Read per link : 0
  │             Write per link : 0
  │            Atomic per link : 0
  │           Request per link : 0
  │          Response per link : 10
  │              Flow per link : 45445
  │       Error abort per link : 0
  │       Active Pkt Bandwidth : 0.000134501 GB/s  (Utilization : 0.000224169 %)
  │      Passive Pkt Bandwidth : 0.00302628 GB/s  (Utilization : 0.0050438 %)
  │         Flow Pkt Bandwidth : 3.05621 GB/s  (Utilization : 5.09368 %)
  │       Downstream Bandwidth : 3.05937 GB/s  (Utilization : 5.09894 %)
  │         Upstream Bandwidth :       0 GB/s  (Utilization : 0 %)
  │            Total Bandwidth : 3.05937 GB/s  (Utilization : 2.54947 %)
  └───── Total effec Bandwidth : 0.00248827 GB/s

  ┌─────────────  [Link 18]   (HMC4_LK_D2)
  │              Read per link : 0
  │             Write per link : 0
  │            Atomic per link : 0
  │           Request per link : 0
  │          Response per link : 0
  │              Flow per link : 0
  │       Error abort per link : 0
  │       Active Pkt Bandwidth :       0 GB/s  (Utilization : 0 %)
  │      Passive Pkt Bandwidth :       0 GB/s  (Utilization : 0 %)
  │         Flow Pkt Bandwidth :       0 GB/s  (Utilization : 0 %)
  │       Downstream Bandwidth :       0 GB/s  (Utilization : 0 %)
  │         Upstream Bandwidth :       0 GB/s  (Utilization : 0 %)
  │            Total Bandwidth :       0 GB/s  (Utilization : 0 %)
  └───── Total effec Bandwidth :       0 GB/s

  ┌─────────────  [Link 19]   (HMC4_LK_D3)
  │              Read per link : 0
  │             Write per link : 0
  │            Atomic per link : 0
  │           Request per link : 0
  │          Response per link : 0
  │              Flow per link : 0
  │       Error abort per link : 0
  │       Active Pkt Bandwidth :       0 GB/s  (Utilization : 0 %)
  │      Passive Pkt Bandwidth :       0 GB/s  (Utilization : 0 %)
  │         Flow Pkt Bandwidth :       0 GB/s  (Utilization : 0 %)
  │       Downstream Bandwidth :       0 GB/s  (Utilization : 0 %)
  │         Upstream Bandwidth :       0 GB/s  (Utilization : 0 %)
  │            Total Bandwidth :       0 GB/s  (Utilization : 0 %)
  └───── Total effec Bandwidth :       0 GB/s

  ┌─────────────  [Link 20]   (HMC5_LK_D0)
  │              Read per link : 9
  │             Write per link : 0
  │            Atomic per link : 24576
  │           Request per link : 24585
  │          Response per link : 0
  │              Flow per link : 22583
  │       Error abort per link : 0
  │       Active Pkt Bandwidth : 1.65282 GB/s  (Utilization : 2.7547 %)
  │      Passive Pkt Bandwidth : 0.000605256 GB/s  (Utilization : 0.00100876 %)
  │         Flow Pkt Bandwidth : 1.51872 GB/s  (Utilization : 2.5312 %)
  │       Downstream Bandwidth : 3.17215 GB/s  (Utilization : 5.28691 %)
  │         Upstream Bandwidth :       0 GB/s  (Utilization : 0 %)
  │            Total Bandwidth : 3.17215 GB/s  (Utilization : 2.64345 %)
  └───── Total effec Bandwidth :       0 GB/s

  ┌─────────────  [Link 21]   (HMC5_LK_U1)
  │              Read per link : 0
  │             Write per link : 0
  │            Atomic per link : 0
  │           Request per link : 0
  │          Response per link : 22
  │              Flow per link : 187367
  │       Error abort per link : 0
  │       Active Pkt Bandwidth : 0.000134501 GB/s  (Utilization : 0.000224169 %)
  │      Passive Pkt Bandwidth : 0.00706132 GB/s  (Utilization : 0.0117689 %)
  │         Flow Pkt Bandwidth : 12.6006 GB/s  (Utilization : 21.0009 %)
  │       Downstream Bandwidth :       0 GB/s  (Utilization : 0 %)
  │         Upstream Bandwidth : 12.6077 GB/s  (Utilization : 21.0129 %)
  │            Total Bandwidth : 12.6077 GB/s  (Utilization : 10.5065 %)
  └───── Total effec Bandwidth : 0.0057163 GB/s

  ┌─────────────  [Link 22]   (HMC5_LK_D2)
  │              Read per link : 11
  │             Write per link : 0
  │            Atomic per link : 24576
  │           Request per link : 24587
  │          Response per link : 0
  │              Flow per link : 22898
  │       Error abort per link : 0
  │       Active Pkt Bandwidth : 1.65282 GB/s  (Utilization : 2.7547 %)
  │      Passive Pkt Bandwidth : 0.000739757 GB/s  (Utilization : 0.00123293 %)
  │         Flow Pkt Bandwidth : 1.53991 GB/s  (Utilization : 2.56651 %)
  │       Downstream Bandwidth : 3.19346 GB/s  (Utilization : 5.32244 %)
  │         Upstream Bandwidth :       0 GB/s  (Utilization : 0 %)
  │            Total Bandwidth : 3.19346 GB/s  (Utilization : 2.66122 %)
  └───── Total effec Bandwidth :       0 GB/s

  ┌─────────────  [Link 23]   (HMC5_LK_D3)
  │              Read per link : 0
  │             Write per link : 0
  │            Atomic per link : 24576
  │           Request per link : 24576
  │          Response per link : 0
  │              Flow per link : 22446
  │       Error abort per link : 0
  │       Active Pkt Bandwidth : 1.65282 GB/s  (Utilization : 2.7547 %)
  │      Passive Pkt Bandwidth :       0 GB/s  (Utilization : 0 %)
  │         Flow Pkt Bandwidth : 1.50951 GB/s  (Utilization : 2.51585 %)
  │       Downstream Bandwidth : 3.16233 GB/s  (Utilization : 5.27054 %)
  │         Upstream Bandwidth :       0 GB/s  (Utilization : 0 %)
  │            Total Bandwidth : 3.16233 GB/s  (Utilization : 2.63527 %)
  └───── Total effec Bandwidth :       0 GB/s

  ┌─────────────  [Link 24]   (HMC6_LK_D0)
  │              Read per link : 0
  │             Write per link : 0
  │            Atomic per link : 0
  │           Request per link : 0
  │          Response per link : 0
  │              Flow per link : 0
  │       Error abort per link : 0
  │       Active Pkt Bandwidth :       0 GB/s  (Utilization : 0 %)
  │      Passive Pkt Bandwidth :       0 GB/s  (Utilization : 0 %)
  │         Flow Pkt Bandwidth :       0 GB/s  (Utilization : 0 %)
  │       Downstream Bandwidth :       0 GB/s  (Utilization : 0 %)
  │         Upstream Bandwidth :       0 GB/s  (Utilization : 0 %)
  │            Total Bandwidth :       0 GB/s  (Utilization : 0 %)
  └───── Total effec Bandwidth :       0 GB/s

  ┌─────────────  [Link 25]   (HMC6_LK_D1)
  │              Read per link : 0
  │             Write per link : 0
  │            Atomic per link : 0
  │           Request per link : 0
  │          Response per link : 12
  │              Flow per link : 45984
  │       Error abort per link : 0
  │       Active Pkt Bandwidth : 0.000134501 GB/s  (Utilization : 0.000224169 %)
  │      Passive Pkt Bandwidth : 0.00369879 GB/s  (Utilization : 0.00616464 %)
  │         Flow Pkt Bandwidth : 3.09245 GB/s  (Utilization : 5.15409 %)
  │       Downstream Bandwidth : 3.09629 GB/s  (Utilization : 5.16048 %)
  │         Upstream Bandwidth :       0 GB/s  (Utilization : 0 %)
  │            Total Bandwidth : 3.09629 GB/s  (Utilization : 2.58024 %)
  └───── Total effec Bandwidth : 0.00302628 GB/s

  ┌─────────────  [Link 26]   (HMC6_LK_D2)
  │              Read per link : 0
  │             Write per link : 0
  │            Atomic per link : 0
  │           Request per link : 0
  │          Response per link : 0
  │              Flow per link : 0
  │       Error abort per link : 0
  │       Active Pkt Bandwidth :       0 GB/s  (Utilization : 0 %)
  │      Passive Pkt Bandwidth :       0 GB/s  (Utilization : 0 %)
  │         Flow Pkt Bandwidth :       0 GB/s  (Utilization : 0 %)
  │       Downstream Bandwidth :       0 GB/s  (Utilization : 0 %)
  │         Upstream Bandwidth :       0 GB/s  (Utilization : 0 %)
  │            Total Bandwidth :       0 GB/s  (Utilization : 0 %)
  └───── Total effec Bandwidth :       0 GB/s

  ┌─────────────  [Link 27]   (HMC6_LK_D3)
  │              Read per link : 0
  │             Write per link : 0
  │            Atomic per link : 0
  │           Request per link : 0
  │          Response per link : 0
  │              Flow per link : 0
  │       Error abort per link : 0
  │       Active Pkt Bandwidth :       0 GB/s  (Utilization : 0 %)
  │      Passive Pkt Bandwidth :       0 GB/s  (Utilization : 0 %)
  │         Flow Pkt Bandwidth :       0 GB/s  (Utilization : 0 %)
  │       Downstream Bandwidth :       0 GB/s  (Utilization : 0 %)
  │         Upstream Bandwidth :       0 GB/s  (Utilization : 0 %)
  │            Total Bandwidth :       0 GB/s  (Utilization : 0 %)
  └───── Total effec Bandwidth :       0 GB/s

  ┌─────────────  [Link 28]   (HMC7_LK_D0)
  │              Read per link : 0
  │             Write per link : 0
  │            Atomic per link : 0
  │           Request per link : 0
  │          Response per link : 0
  │              Flow per link : 0
  │       Error abort per link : 0
  │       Active Pkt Bandwidth :       0 GB/s  (Utilization : 0 %)
  │      Passive Pkt Bandwidth :       0 GB/s  (Utilization : 0 %)
  │         Flow Pkt Bandwidth :       0 GB/s  (Utilization : 0 %)
  │       Downstream Bandwidth :       0 GB/s  (Utilization : 0 %)
  │         Upstream Bandwidth :       0 GB/s  (Utilization : 0 %)
  │            Total Bandwidth :       0 GB/s  (Utilization : 0 %)
  └───── Total effec Bandwidth :       0 GB/s

  ┌─────────────  [Link 29]   (HMC7_LK_D1)
  │              Read per link : 0
  │             Write per link : 0
  │            Atomic per link : 0
  │           Request per link : 0
  │          Response per link : 1
  │              Flow per link : 45193
  │       Error abort per link : 0
  │       Active Pkt Bandwidth : 0.000134501 GB/s  (Utilization : 0.000224169 %)
  │      Passive Pkt Bandwidth :       0 GB/s  (Utilization : 0 %)
  │         Flow Pkt Bandwidth : 3.03926 GB/s  (Utilization : 5.06543 %)
  │       Downstream Bandwidth : 3.03939 GB/s  (Utilization : 5.06565 %)
  │         Upstream Bandwidth :       0 GB/s  (Utilization : 0 %)
  │            Total Bandwidth : 3.03939 GB/s  (Utilization : 2.53283 %)
  └───── Total effec Bandwidth : 6.72506e-05 GB/s

  ┌─────────────  [Link 30]   (HMC7_LK_D2)
  │              Read per link : 0
  │             Write per link : 0
  │            Atomic per link : 0
  │           Request per link : 0
  │          Response per link : 0
  │              Flow per link : 0
  │       Error abort per link : 0
  │       Active Pkt Bandwidth :       0 GB/s  (Utilization : 0 %)
  │      Passive Pkt Bandwidth :       0 GB/s  (Utilization : 0 %)
  │         Flow Pkt Bandwidth :       0 GB/s  (Utilization : 0 %)
  │       Downstream Bandwidth :       0 GB/s  (Utilization : 0 %)
  │         Upstream Bandwidth :       0 GB/s  (Utilization : 0 %)
  │            Total Bandwidth :       0 GB/s  (Utilization : 0 %)
  └───── Total effec Bandwidth :       0 GB/s

  ┌─────────────  [Link 31]   (HMC7_LK_D3)
  │              Read per link : 0
  │             Write per link : 0
  │            Atomic per link : 0
  │           Request per link : 0
  │          Response per link : 0
  │              Flow per link : 0
  │       Error abort per link : 0
  │       Active Pkt Bandwidth :       0 GB/s  (Utilization : 0 %)
  │      Passive Pkt Bandwidth :       0 GB/s  (Utilization : 0 %)
  │         Flow Pkt Bandwidth :       0 GB/s  (Utilization : 0 %)
  │       Downstream Bandwidth :       0 GB/s  (Utilization : 0 %)
  │         Upstream Bandwidth :       0 GB/s  (Utilization : 0 %)
  │            Total Bandwidth :       0 GB/s  (Utilization : 0 %)
  └───── Total effec Bandwidth :       0 GB/s

  ┌─────────────  [Link 32]   (HMC8_LK_D0)
  │              Read per link : 0
  │             Write per link : 0
  │            Atomic per link : 0
  │           Request per link : 0
  │          Response per link : 0
  │              Flow per link : 0
  │       Error abort per link : 0
  │       Active Pkt Bandwidth :       0 GB/s  (Utilization : 0 %)
  │      Passive Pkt Bandwidth :       0 GB/s  (Utilization : 0 %)
  │         Flow Pkt Bandwidth :       0 GB/s  (Utilization : 0 %)
  │       Downstream Bandwidth :       0 GB/s  (Utilization : 0 %)
  │         Upstream Bandwidth :       0 GB/s  (Utilization : 0 %)
  │            Total Bandwidth :       0 GB/s  (Utilization : 0 %)
  └───── Total effec Bandwidth :       0 GB/s

  ┌─────────────  [Link 33]   (HMC8_LK_D1)
  │              Read per link : 0
  │             Write per link : 0
  │            Atomic per link : 0
  │           Request per link : 0
  │          Response per link : 0
  │              Flow per link : 0
  │       Error abort per link : 0
  │       Active Pkt Bandwidth :       0 GB/s  (Utilization : 0 %)
  │      Passive Pkt Bandwidth :       0 GB/s  (Utilization : 0 %)
  │         Flow Pkt Bandwidth :       0 GB/s  (Utilization : 0 %)
  │       Downstream Bandwidth :       0 GB/s  (Utilization : 0 %)
  │         Upstream Bandwidth :       0 GB/s  (Utilization : 0 %)
  │            Total Bandwidth :       0 GB/s  (Utilization : 0 %)
  └───── Total effec Bandwidth :       0 GB/s

  ┌─────────────  [Link 34]   (HMC8_LK_D2)
  │              Read per link : 0
  │             Write per link : 0
  │            Atomic per link : 0
  │           Request per link : 0
  │          Response per link : 3
  │              Flow per link : 45025
  │       Error abort per link : 0
  │       Active Pkt Bandwidth : 0.000134501 GB/s  (Utilization : 0.000224169 %)
  │      Passive Pkt Bandwidth : 0.000672506 GB/s  (Utilization : 0.00112084 %)
  │         Flow Pkt Bandwidth : 3.02796 GB/s  (Utilization : 5.0466 %)
  │       Downstream Bandwidth : 3.02877 GB/s  (Utilization : 5.04795 %)
  │         Upstream Bandwidth :       0 GB/s  (Utilization : 0 %)
  │            Total Bandwidth : 3.02877 GB/s  (Utilization : 2.52397 %)
  └───── Total effec Bandwidth : 0.000605256 GB/s

  ┌─────────────  [Link 35]   (HMC8_LK_D3)
  │              Read per link : 0
  │             Write per link : 0
  │            Atomic per link : 0
  │           Request per link : 0
  │          Response per link : 0
  │              Flow per link : 0
  │       Error abort per link : 0
  │       Active Pkt Bandwidth :       0 GB/s  (Utilization : 0 %)
  │      Passive Pkt Bandwidth :       0 GB/s  (Utilization : 0 %)
  │         Flow Pkt Bandwidth :       0 GB/s  (Utilization : 0 %)
  │       Downstream Bandwidth :       0 GB/s  (Utilization : 0 %)
  │         Upstream Bandwidth :       0 GB/s  (Utilization : 0 %)
  │            Total Bandwidth :       0 GB/s  (Utilization : 0 %)
  └───── Total effec Bandwidth :       0 GB/s

  ┌─────────────  [Link 36]   (HMC9_LK_D0)
  │              Read per link : 0
  │             Write per link : 0
  │            Atomic per link : 0
  │           Request per link : 0
  │          Response per link : 0
  │              Flow per link : 0
  │       Error abort per link : 0
  │       Active Pkt Bandwidth :       0 GB/s  (Utilization : 0 %)
  │      Passive Pkt Bandwidth :       0 GB/s  (Utilization : 0 %)
  │         Flow Pkt Bandwidth :       0 GB/s  (Utilization : 0 %)
  │       Downstream Bandwidth :       0 GB/s  (Utilization : 0 %)
  │         Upstream Bandwidth :       0 GB/s  (Utilization : 0 %)
  │            Total Bandwidth :       0 GB/s  (Utilization : 0 %)
  └───── Total effec Bandwidth :       0 GB/s

  ┌─────────────  [Link 37]   (HMC9_LK_D1)
  │              Read per link : 0
  │             Write per link : 0
  │            Atomic per link : 0
  │           Request per link : 0
  │          Response per link : 0
  │              Flow per link : 0
  │       Error abort per link : 0
  │       Active Pkt Bandwidth :       0 GB/s  (Utilization : 0 %)
  │      Passive Pkt Bandwidth :       0 GB/s  (Utilization : 0 %)
  │         Flow Pkt Bandwidth :       0 GB/s  (Utilization : 0 %)
  │       Downstream Bandwidth :       0 GB/s  (Utilization : 0 %)
  │         Upstream Bandwidth :       0 GB/s  (Utilization : 0 %)
  │            Total Bandwidth :       0 GB/s  (Utilization : 0 %)
  └───── Total effec Bandwidth :       0 GB/s

  ┌─────────────  [Link 38]   (HMC9_LK_D2)
  │              Read per link : 0
  │             Write per link : 0
  │            Atomic per link : 0
  │           Request per link : 0
  │          Response per link : 1
  │              Flow per link : 49035
  │       Error abort per link : 0
  │       Active Pkt Bandwidth : 0.000134501 GB/s  (Utilization : 0.000224169 %)
  │      Passive Pkt Bandwidth :       0 GB/s  (Utilization : 0 %)
  │         Flow Pkt Bandwidth : 3.29764 GB/s  (Utilization : 5.49606 %)
  │       Downstream Bandwidth : 3.29777 GB/s  (Utilization : 5.49628 %)
  │         Upstream Bandwidth :       0 GB/s  (Utilization : 0 %)
  │            Total Bandwidth : 3.29777 GB/s  (Utilization : 2.74814 %)
  └───── Total effec Bandwidth : 6.72506e-05 GB/s

  ┌─────────────  [Link 39]   (HMC9_LK_D3)
  │              Read per link : 0
  │             Write per link : 0
  │            Atomic per link : 0
  │           Request per link : 0
  │          Response per link : 0
  │              Flow per link : 0
  │       Error abort per link : 0
  │       Active Pkt Bandwidth :       0 GB/s  (Utilization : 0 %)
  │      Passive Pkt Bandwidth :       0 GB/s  (Utilization : 0 %)
  │         Flow Pkt Bandwidth :       0 GB/s  (Utilization : 0 %)
  │       Downstream Bandwidth :       0 GB/s  (Utilization : 0 %)
  │         Upstream Bandwidth :       0 GB/s  (Utilization : 0 %)
  │            Total Bandwidth :       0 GB/s  (Utilization : 0 %)
  └───── Total effec Bandwidth :       0 GB/s

  ┌─────────────  [Link 40]   (HMC10_LK_D0)
  │              Read per link : 2
  │             Write per link : 0
  │            Atomic per link : 24576
  │           Request per link : 24578
  │          Response per link : 0
  │              Flow per link : 22328
  │       Error abort per link : 0
  │       Active Pkt Bandwidth : 1.65282 GB/s  (Utilization : 2.7547 %)
  │      Passive Pkt Bandwidth : 0.000134501 GB/s  (Utilization : 0.000224169 %)
  │         Flow Pkt Bandwidth : 1.50157 GB/s  (Utilization : 2.50262 %)
  │       Downstream Bandwidth : 3.15453 GB/s  (Utilization : 5.25754 %)
  │         Upstream Bandwidth :       0 GB/s  (Utilization : 0 %)
  │            Total Bandwidth : 3.15453 GB/s  (Utilization : 2.62877 %)
  └───── Total effec Bandwidth :       0 GB/s

  ┌─────────────  [Link 41]   (HMC10_LK_D1)
  │              Read per link : 0
  │             Write per link : 0
  │            Atomic per link : 26304
  │           Request per link : 26304
  │          Response per link : 0
  │              Flow per link : 24337
  │       Error abort per link : 0
  │       Active Pkt Bandwidth : 1.76903 GB/s  (Utilization : 2.94838 %)
  │      Passive Pkt Bandwidth :       0 GB/s  (Utilization : 0 %)
  │         Flow Pkt Bandwidth : 1.63668 GB/s  (Utilization : 2.7278 %)
  │       Downstream Bandwidth : 3.40571 GB/s  (Utilization : 5.67618 %)
  │         Upstream Bandwidth :       0 GB/s  (Utilization : 0 %)
  │            Total Bandwidth : 3.40571 GB/s  (Utilization : 2.83809 %)
  └───── Total effec Bandwidth :       0 GB/s

  ┌─────────────  [Link 42]   (HMC10_LK_U2)
  │              Read per link : 0
  │             Write per link : 0
  │            Atomic per link : 0
  │           Request per link : 0
  │          Response per link : 11
  │              Flow per link : 187803
  │       Error abort per link : 0
  │       Active Pkt Bandwidth : 0.000134501 GB/s  (Utilization : 0.000224169 %)
  │      Passive Pkt Bandwidth : 0.00336253 GB/s  (Utilization : 0.00560422 %)
  │         Flow Pkt Bandwidth : 12.6299 GB/s  (Utilization : 21.0498 %)
  │       Downstream Bandwidth :       0 GB/s  (Utilization : 0 %)
  │         Upstream Bandwidth : 12.6334 GB/s  (Utilization : 21.0556 %)
  │            Total Bandwidth : 12.6334 GB/s  (Utilization : 10.5278 %)
  └───── Total effec Bandwidth : 0.00275728 GB/s

  ┌─────────────  [Link 43]   (HMC10_LK_D3)
  │              Read per link : 0
  │             Write per link : 0
  │            Atomic per link : 24576
  │           Request per link : 24576
  │          Response per link : 0
  │              Flow per link : 22261
  │       Error abort per link : 0
  │       Active Pkt Bandwidth : 1.65282 GB/s  (Utilization : 2.7547 %)
  │      Passive Pkt Bandwidth :       0 GB/s  (Utilization : 0 %)
  │         Flow Pkt Bandwidth : 1.49707 GB/s  (Utilization : 2.49511 %)
  │       Downstream Bandwidth : 3.14989 GB/s  (Utilization : 5.24981 %)
  │         Upstream Bandwidth :       0 GB/s  (Utilization : 0 %)
  │            Total Bandwidth : 3.14989 GB/s  (Utilization : 2.6249 %)
  └───── Total effec Bandwidth :       0 GB/s

  ┌─────────────  [Link 44]   (HMC11_LK_D0)
  │              Read per link : 0
  │             Write per link : 0
  │            Atomic per link : 0
  │           Request per link : 0
  │          Response per link : 0
  │              Flow per link : 0
  │       Error abort per link : 0
  │       Active Pkt Bandwidth :       0 GB/s  (Utilization : 0 %)
  │      Passive Pkt Bandwidth :       0 GB/s  (Utilization : 0 %)
  │         Flow Pkt Bandwidth :       0 GB/s  (Utilization : 0 %)
  │       Downstream Bandwidth :       0 GB/s  (Utilization : 0 %)
  │         Upstream Bandwidth :       0 GB/s  (Utilization : 0 %)
  │            Total Bandwidth :       0 GB/s  (Utilization : 0 %)
  └───── Total effec Bandwidth :       0 GB/s

  ┌─────────────  [Link 45]   (HMC11_LK_D1)
  │              Read per link : 0
  │             Write per link : 0
  │            Atomic per link : 0
  │           Request per link : 0
  │          Response per link : 0
  │              Flow per link : 0
  │       Error abort per link : 0
  │       Active Pkt Bandwidth :       0 GB/s  (Utilization : 0 %)
  │      Passive Pkt Bandwidth :       0 GB/s  (Utilization : 0 %)
  │         Flow Pkt Bandwidth :       0 GB/s  (Utilization : 0 %)
  │       Downstream Bandwidth :       0 GB/s  (Utilization : 0 %)
  │         Upstream Bandwidth :       0 GB/s  (Utilization : 0 %)
  │            Total Bandwidth :       0 GB/s  (Utilization : 0 %)
  └───── Total effec Bandwidth :       0 GB/s

  ┌─────────────  [Link 46]   (HMC11_LK_D2)
  │              Read per link : 0
  │             Write per link : 0
  │            Atomic per link : 0
  │           Request per link : 0
  │          Response per link : 1
  │              Flow per link : 44869
  │       Error abort per link : 0
  │       Active Pkt Bandwidth : 0.000134501 GB/s  (Utilization : 0.000224169 %)
  │      Passive Pkt Bandwidth :       0 GB/s  (Utilization : 0 %)
  │         Flow Pkt Bandwidth : 3.01747 GB/s  (Utilization : 5.02911 %)
  │       Downstream Bandwidth :  3.0176 GB/s  (Utilization : 5.02934 %)
  │         Upstream Bandwidth :       0 GB/s  (Utilization : 0 %)
  │            Total Bandwidth :  3.0176 GB/s  (Utilization : 2.51467 %)
  └───── Total effec Bandwidth : 6.72506e-05 GB/s

  ┌─────────────  [Link 47]   (HMC11_LK_D3)
  │              Read per link : 0
  │             Write per link : 0
  │            Atomic per link : 0
  │           Request per link : 0
  │          Response per link : 0
  │              Flow per link : 0
  │       Error abort per link : 0
  │       Active Pkt Bandwidth :       0 GB/s  (Utilization : 0 %)
  │      Passive Pkt Bandwidth :       0 GB/s  (Utilization : 0 %)
  │         Flow Pkt Bandwidth :       0 GB/s  (Utilization : 0 %)
  │       Downstream Bandwidth :       0 GB/s  (Utilization : 0 %)
  │         Upstream Bandwidth :       0 GB/s  (Utilization : 0 %)
  │            Total Bandwidth :       0 GB/s  (Utilization : 0 %)
  └───── Total effec Bandwidth :       0 GB/s

  ┌─────────────  [Link 48]   (HMC12_LK_D0)
  │              Read per link : 0
  │             Write per link : 0
  │            Atomic per link : 0
  │           Request per link : 0
  │          Response per link : 0
  │              Flow per link : 0
  │       Error abort per link : 0
  │       Active Pkt Bandwidth :       0 GB/s  (Utilization : 0 %)
  │      Passive Pkt Bandwidth :       0 GB/s  (Utilization : 0 %)
  │         Flow Pkt Bandwidth :       0 GB/s  (Utilization : 0 %)
  │       Downstream Bandwidth :       0 GB/s  (Utilization : 0 %)
  │         Upstream Bandwidth :       0 GB/s  (Utilization : 0 %)
  │            Total Bandwidth :       0 GB/s  (Utilization : 0 %)
  └───── Total effec Bandwidth :       0 GB/s

  ┌─────────────  [Link 49]   (HMC12_LK_D1)
  │              Read per link : 0
  │             Write per link : 0
  │            Atomic per link : 0
  │           Request per link : 0
  │          Response per link : 0
  │              Flow per link : 0
  │       Error abort per link : 0
  │       Active Pkt Bandwidth :       0 GB/s  (Utilization : 0 %)
  │      Passive Pkt Bandwidth :       0 GB/s  (Utilization : 0 %)
  │         Flow Pkt Bandwidth :       0 GB/s  (Utilization : 0 %)
  │       Downstream Bandwidth :       0 GB/s  (Utilization : 0 %)
  │         Upstream Bandwidth :       0 GB/s  (Utilization : 0 %)
  │            Total Bandwidth :       0 GB/s  (Utilization : 0 %)
  └───── Total effec Bandwidth :       0 GB/s

  ┌─────────────  [Link 50]   (HMC12_LK_D2)
  │              Read per link : 0
  │             Write per link : 0
  │            Atomic per link : 0
  │           Request per link : 0
  │          Response per link : 0
  │              Flow per link : 0
  │       Error abort per link : 0
  │       Active Pkt Bandwidth :       0 GB/s  (Utilization : 0 %)
  │      Passive Pkt Bandwidth :       0 GB/s  (Utilization : 0 %)
  │         Flow Pkt Bandwidth :       0 GB/s  (Utilization : 0 %)
  │       Downstream Bandwidth :       0 GB/s  (Utilization : 0 %)
  │         Upstream Bandwidth :       0 GB/s  (Utilization : 0 %)
  │            Total Bandwidth :       0 GB/s  (Utilization : 0 %)
  └───── Total effec Bandwidth :       0 GB/s

  ┌─────────────  [Link 51]   (HMC12_LK_D3)
  │              Read per link : 0
  │             Write per link : 0
  │            Atomic per link : 0
  │           Request per link : 0
  │          Response per link : 1
  │              Flow per link : 41417
  │       Error abort per link : 0
  │       Active Pkt Bandwidth : 0.000134501 GB/s  (Utilization : 0.000224169 %)
  │      Passive Pkt Bandwidth :       0 GB/s  (Utilization : 0 %)
  │         Flow Pkt Bandwidth : 2.78532 GB/s  (Utilization : 4.6422 %)
  │       Downstream Bandwidth : 2.78545 GB/s  (Utilization : 4.64242 %)
  │         Upstream Bandwidth :       0 GB/s  (Utilization : 0 %)
  │            Total Bandwidth : 2.78545 GB/s  (Utilization : 2.32121 %)
  └───── Total effec Bandwidth : 6.72506e-05 GB/s

  ┌─────────────  [Link 52]   (HMC13_LK_D0)
  │              Read per link : 0
  │             Write per link : 0
  │            Atomic per link : 0
  │           Request per link : 0
  │          Response per link : 0
  │              Flow per link : 0
  │       Error abort per link : 0
  │       Active Pkt Bandwidth :       0 GB/s  (Utilization : 0 %)
  │      Passive Pkt Bandwidth :       0 GB/s  (Utilization : 0 %)
  │         Flow Pkt Bandwidth :       0 GB/s  (Utilization : 0 %)
  │       Downstream Bandwidth :       0 GB/s  (Utilization : 0 %)
  │         Upstream Bandwidth :       0 GB/s  (Utilization : 0 %)
  │            Total Bandwidth :       0 GB/s  (Utilization : 0 %)
  └───── Total effec Bandwidth :       0 GB/s

  ┌─────────────  [Link 53]   (HMC13_LK_D1)
  │              Read per link : 0
  │             Write per link : 0
  │            Atomic per link : 0
  │           Request per link : 0
  │          Response per link : 0
  │              Flow per link : 0
  │       Error abort per link : 0
  │       Active Pkt Bandwidth :       0 GB/s  (Utilization : 0 %)
  │      Passive Pkt Bandwidth :       0 GB/s  (Utilization : 0 %)
  │         Flow Pkt Bandwidth :       0 GB/s  (Utilization : 0 %)
  │       Downstream Bandwidth :       0 GB/s  (Utilization : 0 %)
  │         Upstream Bandwidth :       0 GB/s  (Utilization : 0 %)
  │            Total Bandwidth :       0 GB/s  (Utilization : 0 %)
  └───── Total effec Bandwidth :       0 GB/s

  ┌─────────────  [Link 54]   (HMC13_LK_D2)
  │              Read per link : 0
  │             Write per link : 0
  │            Atomic per link : 0
  │           Request per link : 0
  │          Response per link : 0
  │              Flow per link : 0
  │       Error abort per link : 0
  │       Active Pkt Bandwidth :       0 GB/s  (Utilization : 0 %)
  │      Passive Pkt Bandwidth :       0 GB/s  (Utilization : 0 %)
  │         Flow Pkt Bandwidth :       0 GB/s  (Utilization : 0 %)
  │       Downstream Bandwidth :       0 GB/s  (Utilization : 0 %)
  │         Upstream Bandwidth :       0 GB/s  (Utilization : 0 %)
  │            Total Bandwidth :       0 GB/s  (Utilization : 0 %)
  └───── Total effec Bandwidth :       0 GB/s

  ┌─────────────  [Link 55]   (HMC13_LK_D3)
  │              Read per link : 0
  │             Write per link : 0
  │            Atomic per link : 0
  │           Request per link : 0
  │          Response per link : 1
  │              Flow per link : 44117
  │       Error abort per link : 0
  │       Active Pkt Bandwidth : 0.000134501 GB/s  (Utilization : 0.000224169 %)
  │      Passive Pkt Bandwidth :       0 GB/s  (Utilization : 0 %)
  │         Flow Pkt Bandwidth :  2.9669 GB/s  (Utilization : 4.94483 %)
  │       Downstream Bandwidth : 2.96703 GB/s  (Utilization : 4.94505 %)
  │         Upstream Bandwidth :       0 GB/s  (Utilization : 0 %)
  │            Total Bandwidth : 2.96703 GB/s  (Utilization : 2.47253 %)
  └───── Total effec Bandwidth : 6.72506e-05 GB/s

  ┌─────────────  [Link 56]   (HMC14_LK_D0)
  │              Read per link : 0
  │             Write per link : 0
  │            Atomic per link : 0
  │           Request per link : 0
  │          Response per link : 0
  │              Flow per link : 0
  │       Error abort per link : 0
  │       Active Pkt Bandwidth :       0 GB/s  (Utilization : 0 %)
  │      Passive Pkt Bandwidth :       0 GB/s  (Utilization : 0 %)
  │         Flow Pkt Bandwidth :       0 GB/s  (Utilization : 0 %)
  │       Downstream Bandwidth :       0 GB/s  (Utilization : 0 %)
  │         Upstream Bandwidth :       0 GB/s  (Utilization : 0 %)
  │            Total Bandwidth :       0 GB/s  (Utilization : 0 %)
  └───── Total effec Bandwidth :       0 GB/s

  ┌─────────────  [Link 57]   (HMC14_LK_D1)
  │              Read per link : 0
  │             Write per link : 0
  │            Atomic per link : 0
  │           Request per link : 0
  │          Response per link : 0
  │              Flow per link : 0
  │       Error abort per link : 0
  │       Active Pkt Bandwidth :       0 GB/s  (Utilization : 0 %)
  │      Passive Pkt Bandwidth :       0 GB/s  (Utilization : 0 %)
  │         Flow Pkt Bandwidth :       0 GB/s  (Utilization : 0 %)
  │       Downstream Bandwidth :       0 GB/s  (Utilization : 0 %)
  │         Upstream Bandwidth :       0 GB/s  (Utilization : 0 %)
  │            Total Bandwidth :       0 GB/s  (Utilization : 0 %)
  └───── Total effec Bandwidth :       0 GB/s

  ┌─────────────  [Link 58]   (HMC14_LK_D2)
  │              Read per link : 0
  │             Write per link : 0
  │            Atomic per link : 0
  │           Request per link : 0
  │          Response per link : 0
  │              Flow per link : 0
  │       Error abort per link : 0
  │       Active Pkt Bandwidth :       0 GB/s  (Utilization : 0 %)
  │      Passive Pkt Bandwidth :       0 GB/s  (Utilization : 0 %)
  │         Flow Pkt Bandwidth :       0 GB/s  (Utilization : 0 %)
  │       Downstream Bandwidth :       0 GB/s  (Utilization : 0 %)
  │         Upstream Bandwidth :       0 GB/s  (Utilization : 0 %)
  │            Total Bandwidth :       0 GB/s  (Utilization : 0 %)
  └───── Total effec Bandwidth :       0 GB/s

  ┌─────────────  [Link 59]   (HMC14_LK_D3)
  │              Read per link : 0
  │             Write per link : 0
  │            Atomic per link : 0
  │           Request per link : 0
  │          Response per link : 18
  │              Flow per link : 41007
  │       Error abort per link : 0
  │       Active Pkt Bandwidth : 0.000134501 GB/s  (Utilization : 0.000224169 %)
  │      Passive Pkt Bandwidth : 0.0057163 GB/s  (Utilization : 0.00952717 %)
  │         Flow Pkt Bandwidth : 2.75775 GB/s  (Utilization : 4.59624 %)
  │       Downstream Bandwidth :  2.7636 GB/s  (Utilization : 4.606 %)
  │         Upstream Bandwidth :       0 GB/s  (Utilization : 0 %)
  │            Total Bandwidth :  2.7636 GB/s  (Utilization : 2.303 %)
  └───── Total effec Bandwidth : 0.00464029 GB/s

  ┌─────────────  [Link 60]   (HMC15_LK_D0)
  │              Read per link : 0
  │             Write per link : 0
  │            Atomic per link : 24576
  │           Request per link : 24576
  │          Response per link : 0
  │              Flow per link : 19498
  │       Error abort per link : 0
  │       Active Pkt Bandwidth : 1.65282 GB/s  (Utilization : 2.7547 %)
  │      Passive Pkt Bandwidth :       0 GB/s  (Utilization : 0 %)
  │         Flow Pkt Bandwidth : 1.31125 GB/s  (Utilization : 2.18542 %)
  │       Downstream Bandwidth : 2.96407 GB/s  (Utilization : 4.94012 %)
  │         Upstream Bandwidth :       0 GB/s  (Utilization : 0 %)
  │            Total Bandwidth : 2.96407 GB/s  (Utilization : 2.47006 %)
  └───── Total effec Bandwidth :       0 GB/s

  ┌─────────────  [Link 61]   (HMC15_LK_D1)
  │              Read per link : 0
  │             Write per link : 0
  │            Atomic per link : 26304
  │           Request per link : 26304
  │          Response per link : 0
  │              Flow per link : 20735
  │       Error abort per link : 0
  │       Active Pkt Bandwidth : 1.76903 GB/s  (Utilization : 2.94838 %)
  │      Passive Pkt Bandwidth :       0 GB/s  (Utilization : 0 %)
  │         Flow Pkt Bandwidth : 1.39444 GB/s  (Utilization : 2.32407 %)
  │       Downstream Bandwidth : 3.16347 GB/s  (Utilization : 5.27245 %)
  │         Upstream Bandwidth :       0 GB/s  (Utilization : 0 %)
  │            Total Bandwidth : 3.16347 GB/s  (Utilization : 2.63623 %)
  └───── Total effec Bandwidth :       0 GB/s

  ┌─────────────  [Link 62]   (HMC15_LK_D2)
  │              Read per link : 17
  │             Write per link : 0
  │            Atomic per link : 24576
  │           Request per link : 24593
  │          Response per link : 0
  │              Flow per link : 19326
  │       Error abort per link : 0
  │       Active Pkt Bandwidth : 1.65282 GB/s  (Utilization : 2.7547 %)
  │      Passive Pkt Bandwidth : 0.00114326 GB/s  (Utilization : 0.00190543 %)
  │         Flow Pkt Bandwidth : 1.29969 GB/s  (Utilization : 2.16614 %)
  │       Downstream Bandwidth : 2.95365 GB/s  (Utilization : 4.92275 %)
  │         Upstream Bandwidth :       0 GB/s  (Utilization : 0 %)
  │            Total Bandwidth : 2.95365 GB/s  (Utilization : 2.46137 %)
  └───── Total effec Bandwidth :       0 GB/s

  ┌─────────────  [Link 63]   (HMC15_LK_U3)
  │              Read per link : 0
  │             Write per link : 0
  │            Atomic per link : 0
  │           Request per link : 0
  │          Response per link : 18
  │              Flow per link : 162488
  │       Error abort per link : 0
  │       Active Pkt Bandwidth : 0.000134501 GB/s  (Utilization : 0.000224169 %)
  │      Passive Pkt Bandwidth : 0.0057163 GB/s  (Utilization : 0.00952717 %)
  │         Flow Pkt Bandwidth : 10.9274 GB/s  (Utilization : 18.2124 %)
  │       Downstream Bandwidth :       0 GB/s  (Utilization : 0 %)
  │         Upstream Bandwidth : 10.9333 GB/s  (Utilization : 18.2221 %)
  │            Total Bandwidth : 10.9333 GB/s  (Utilization : 9.11106 %)
  └───── Total effec Bandwidth : 0.00464029 GB/s

  ┌─────────────  [Link 64]   (HC0_LK_D0)
  │              Read per link : 10
  │             Write per link : 0
  │            Atomic per link : 99968
  │           Request per link : 99978
  │          Response per link : 0
  │              Flow per link : 56113
  │       Error abort per link : 0
  │       Active Pkt Bandwidth : 6.72298 GB/s  (Utilization : 11.205 %)
  │      Passive Pkt Bandwidth : 0.000672506 GB/s  (Utilization : 0.00112084 %)
  │         Flow Pkt Bandwidth : 3.77364 GB/s  (Utilization : 6.28939 %)
  │       Downstream Bandwidth : 10.4973 GB/s  (Utilization : 17.4955 %)
  │         Upstream Bandwidth :       0 GB/s  (Utilization : 0 %)
  │            Total Bandwidth : 10.4973 GB/s  (Utilization : 8.74774 %)
  └───── Total effec Bandwidth :       0 GB/s

  ┌─────────────  [Link 65]   (HC1_LK_D0)
  │              Read per link : 21
  │             Write per link : 0
  │            Atomic per link : 99968
  │           Request per link : 99989
  │          Response per link : 0
  │              Flow per link : 60706
  │       Error abort per link : 0
  │       Active Pkt Bandwidth : 6.72298 GB/s  (Utilization : 11.205 %)
  │      Passive Pkt Bandwidth : 0.00141226 GB/s  (Utilization : 0.00235377 %)
  │         Flow Pkt Bandwidth : 4.08252 GB/s  (Utilization : 6.8042 %)
  │       Downstream Bandwidth : 10.8069 GB/s  (Utilization : 18.0115 %)
  │         Upstream Bandwidth :       0 GB/s  (Utilization : 0 %)
  │            Total Bandwidth : 10.8069 GB/s  (Utilization : 9.00576 %)
  └───── Total effec Bandwidth :       0 GB/s

  ┌─────────────  [Link 66]   (HC2_LK_D0)
  │              Read per link : 10
  │             Write per link : 0
  │            Atomic per link : 100032
  │           Request per link : 100042
  │          Response per link : 0
  │              Flow per link : 61349
  │       Error abort per link : 0
  │       Active Pkt Bandwidth : 6.72728 GB/s  (Utilization : 11.2121 %)
  │      Passive Pkt Bandwidth : 0.000672506 GB/s  (Utilization : 0.00112084 %)
  │         Flow Pkt Bandwidth : 4.12576 GB/s  (Utilization : 6.87627 %)
  │       Downstream Bandwidth : 10.8537 GB/s  (Utilization : 18.0895 %)
  │         Upstream Bandwidth :       0 GB/s  (Utilization : 0 %)
  │            Total Bandwidth : 10.8537 GB/s  (Utilization : 9.04476 %)
  └───── Total effec Bandwidth :       0 GB/s

  ┌─────────────  [Link 67]   (HC3_LK_D0)
  │              Read per link : 17
  │             Write per link : 0
  │            Atomic per link : 100032
  │           Request per link : 100049
  │          Response per link : 0
  │              Flow per link : 56244
  │       Error abort per link : 0
  │       Active Pkt Bandwidth : 6.72728 GB/s  (Utilization : 11.2121 %)
  │      Passive Pkt Bandwidth : 0.00114326 GB/s  (Utilization : 0.00190543 %)
  │         Flow Pkt Bandwidth : 3.78244 GB/s  (Utilization : 6.30407 %)
  │       Downstream Bandwidth : 10.5109 GB/s  (Utilization : 17.5181 %)
  │         Upstream Bandwidth :       0 GB/s  (Utilization : 0 %)
  │            Total Bandwidth : 10.5109 GB/s  (Utilization : 8.75906 %)
  └───── Total effec Bandwidth :       0 GB/s

  Operand buffer stalls : [0] 0  [1] 0  [2] 0  [3] 0  [4] 0  [5] 0  [6] 0  [7] 0  [8] 0  [9] 0  [10] 0  [11] 0  [12] 0  [13] 0  [14] 0  [15] 0  
  Total operand buffer stalls 0

  Number of updates : [0] 24576  [1] 26240  [2] 24576  [3] 24576  [4] 24576  [5] 26240  [6] 24576  [7] 24576  [8] 24576  [9] 26304  [10] 24576  [11] 24576  [12] 24576  [13] 26304  [14] 24576  [15] 24576  

  Number of operands : [0] 24576  [1] 26240  [2] 24576  [3] 24576  [4] 24576  [5] 26240  [6] 24576  [7] 24576  [8] 24576  [9] 26304  [10] 24576  [11] 24576  [12] 24576  [13] 26304  [14] 24576  [15] 24576  

