****************************************************************
*                      CasHMC version 1.1                      *
*                       result log file                        *
*            Date : 2018/07/26      Time : 14:03:54            *
****************************************************************

- Trace type : 
  ============= CasHMC statistic result =============

  Elapsed epoch : 21
  Elapsed clock : 21674835

        HMC bandwidth : 9.92153 GB/s  (Considered only data size)
    Link HC bandwidth : 12.2804 GB/s  (Bandwidth flowing into HMC Network)
       Link bandwidth : 47.6934 GB/s  (Sum of bandwidth over 68 Links, Included flow packet)
 Effec Link bandwidth :  17.355 GB/s  (Data bandwidth(sum) regardless of packet header and tail over 68 Links)
 Ef Link HC bandwidth : 3.31289 GB/s  (Data bandwidth(sum) regardless of packet header and tail over CPU links injecting into HMCNET)
     Link utilization : 1.16896 %     (Max link bandwidth : 480 GB/S)

    Tran latency mean : 54.1148 ns
                 std  : 20.0893 ns
                 max  : 186.5 ns
                 min  : 28.5 ns
    Link latency mean : 1.64369e+06 ns
                 std  : 1.06854e+06 ns
                 max  : 4.06406e+06 ns
                 min  : 25.5 ns
   Vault latency mean : 25.1355 ns
                 std  : 4.25727 ns
                 max  : 136 ns
                 min  : 19.2 ns
   Retry latency mean : 0 ns
                 std  : 0 ns
                 max  : 0 ns
                 min  : 0 ns

           Read count : 2102964
          Write count : 1052539
         Atomic count : 16
        Request count : 3155519
       Response count : 3155519
           Flow count : 15753675
    Transaction count : 1803966
    Error abort count : 0
    Error retry count : 0

  ┌─────────────  [Link 0]   (HMC0_LK_U0)
  │              Read per link : 0
  │             Write per link : 0
  │            Atomic per link : 0
  │           Request per link : 0
  │          Response per link : 450975
  │              Flow per link : 1060975
  │       Error abort per link : 0
  │       Active Pkt Bandwidth :       0 GB/s  (Utilization : 0 %)
  │      Passive Pkt Bandwidth : 2.27233 GB/s  (Utilization : 3.78722 %)
  │         Flow Pkt Bandwidth : 1.45881 GB/s  (Utilization : 2.43135 %)
  │       Downstream Bandwidth :       0 GB/s  (Utilization : 0 %)
  │         Upstream Bandwidth : 3.73115 GB/s  (Utilization : 6.21858 %)
  │            Total Bandwidth : 3.73115 GB/s  (Utilization : 3.10929 %)
  └───── Total effec Bandwidth : 1.65226 GB/s

  ┌─────────────  [Link 1]   (HMC0_LK_D1)
  │              Read per link : 78468
  │             Write per link : 39571
  │            Atomic per link : 0
  │           Request per link : 118039
  │          Response per link : 0
  │              Flow per link : 313320
  │       Error abort per link : 0
  │       Active Pkt Bandwidth :       0 GB/s  (Utilization : 0 %)
  │      Passive Pkt Bandwidth : 0.379937 GB/s  (Utilization : 0.633228 %)
  │         Flow Pkt Bandwidth : 0.430807 GB/s  (Utilization : 0.718011 %)
  │       Downstream Bandwidth : 0.810743 GB/s  (Utilization : 1.35124 %)
  │         Upstream Bandwidth :       0 GB/s  (Utilization : 0 %)
  │            Total Bandwidth : 0.810743 GB/s  (Utilization : 0.67562 %)
  └───── Total effec Bandwidth : 0.217636 GB/s

  ┌─────────────  [Link 2]   (HMC0_LK_D2)
  │              Read per link : 75935
  │             Write per link : 38868
  │            Atomic per link : 0
  │           Request per link : 114803
  │          Response per link : 0
  │              Flow per link : 304407
  │       Error abort per link : 0
  │       Active Pkt Bandwidth :       0 GB/s  (Utilization : 0 %)
  │      Passive Pkt Bandwidth : 0.371621 GB/s  (Utilization : 0.619368 %)
  │         Flow Pkt Bandwidth : 0.418552 GB/s  (Utilization : 0.697586 %)
  │       Downstream Bandwidth : 0.790172 GB/s  (Utilization : 1.31695 %)
  │         Upstream Bandwidth :       0 GB/s  (Utilization : 0 %)
  │            Total Bandwidth : 0.790172 GB/s  (Utilization : 0.658477 %)
  └───── Total effec Bandwidth : 0.21377 GB/s

  ┌─────────────  [Link 3]   (HMC0_LK_D3)
  │              Read per link : 72956
  │             Write per link : 36876
  │            Atomic per link : 0
  │           Request per link : 109832
  │          Response per link : 0
  │              Flow per link : 291608
  │       Error abort per link : 0
  │       Active Pkt Bandwidth :       0 GB/s  (Utilization : 0 %)
  │      Passive Pkt Bandwidth : 0.35383 GB/s  (Utilization : 0.589717 %)
  │         Flow Pkt Bandwidth : 0.400953 GB/s  (Utilization : 0.668255 %)
  │       Downstream Bandwidth : 0.754783 GB/s  (Utilization : 1.25797 %)
  │         Upstream Bandwidth :       0 GB/s  (Utilization : 0 %)
  │            Total Bandwidth : 0.754783 GB/s  (Utilization : 0.628986 %)
  └───── Total effec Bandwidth : 0.202814 GB/s

  ┌─────────────  [Link 4]   (HMC1_LK_D0)
  │              Read per link : 0
  │             Write per link : 0
  │            Atomic per link : 0
  │           Request per link : 0
  │          Response per link : 118039
  │              Flow per link : 275239
  │       Error abort per link : 0
  │       Active Pkt Bandwidth :       0 GB/s  (Utilization : 0 %)
  │      Passive Pkt Bandwidth : 0.593866 GB/s  (Utilization : 0.989777 %)
  │         Flow Pkt Bandwidth : 0.378446 GB/s  (Utilization : 0.630744 %)
  │       Downstream Bandwidth : 0.972312 GB/s  (Utilization : 1.62052 %)
  │         Upstream Bandwidth :       0 GB/s  (Utilization : 0 %)
  │            Total Bandwidth : 0.972312 GB/s  (Utilization : 0.81026 %)
  └───── Total effec Bandwidth : 0.431566 GB/s

  ┌─────────────  [Link 5]   (HMC1_LK_D1)
  │              Read per link : 0
  │             Write per link : 0
  │            Atomic per link : 0
  │           Request per link : 0
  │          Response per link : 0
  │              Flow per link : 0
  │       Error abort per link : 0
  │       Active Pkt Bandwidth :       0 GB/s  (Utilization : 0 %)
  │      Passive Pkt Bandwidth :       0 GB/s  (Utilization : 0 %)
  │         Flow Pkt Bandwidth :       0 GB/s  (Utilization : 0 %)
  │       Downstream Bandwidth :       0 GB/s  (Utilization : 0 %)
  │         Upstream Bandwidth :       0 GB/s  (Utilization : 0 %)
  │            Total Bandwidth :       0 GB/s  (Utilization : 0 %)
  └───── Total effec Bandwidth :       0 GB/s

  ┌─────────────  [Link 6]   (HMC1_LK_D2)
  │              Read per link : 0
  │             Write per link : 0
  │            Atomic per link : 0
  │           Request per link : 0
  │          Response per link : 0
  │              Flow per link : 0
  │       Error abort per link : 0
  │       Active Pkt Bandwidth :       0 GB/s  (Utilization : 0 %)
  │      Passive Pkt Bandwidth :       0 GB/s  (Utilization : 0 %)
  │         Flow Pkt Bandwidth :       0 GB/s  (Utilization : 0 %)
  │       Downstream Bandwidth :       0 GB/s  (Utilization : 0 %)
  │         Upstream Bandwidth :       0 GB/s  (Utilization : 0 %)
  │            Total Bandwidth :       0 GB/s  (Utilization : 0 %)
  └───── Total effec Bandwidth :       0 GB/s

  ┌─────────────  [Link 7]   (HMC1_LK_D3)
  │              Read per link : 0
  │             Write per link : 0
  │            Atomic per link : 0
  │           Request per link : 0
  │          Response per link : 0
  │              Flow per link : 0
  │       Error abort per link : 0
  │       Active Pkt Bandwidth :       0 GB/s  (Utilization : 0 %)
  │      Passive Pkt Bandwidth :       0 GB/s  (Utilization : 0 %)
  │         Flow Pkt Bandwidth :       0 GB/s  (Utilization : 0 %)
  │       Downstream Bandwidth :       0 GB/s  (Utilization : 0 %)
  │         Upstream Bandwidth :       0 GB/s  (Utilization : 0 %)
  │            Total Bandwidth :       0 GB/s  (Utilization : 0 %)
  └───── Total effec Bandwidth :       0 GB/s

  ┌─────────────  [Link 8]   (HMC2_LK_D0)
  │              Read per link : 0
  │             Write per link : 0
  │            Atomic per link : 0
  │           Request per link : 0
  │          Response per link : 114803
  │              Flow per link : 267260
  │       Error abort per link : 0
  │       Active Pkt Bandwidth :       0 GB/s  (Utilization : 0 %)
  │      Passive Pkt Bandwidth : 0.575486 GB/s  (Utilization : 0.959143 %)
  │         Flow Pkt Bandwidth : 0.367475 GB/s  (Utilization : 0.612459 %)
  │       Downstream Bandwidth : 0.942961 GB/s  (Utilization : 1.5716 %)
  │         Upstream Bandwidth :       0 GB/s  (Utilization : 0 %)
  │            Total Bandwidth : 0.942961 GB/s  (Utilization : 0.785801 %)
  └───── Total effec Bandwidth : 0.417634 GB/s

  ┌─────────────  [Link 9]   (HMC2_LK_D1)
  │              Read per link : 0
  │             Write per link : 0
  │            Atomic per link : 0
  │           Request per link : 0
  │          Response per link : 0
  │              Flow per link : 0
  │       Error abort per link : 0
  │       Active Pkt Bandwidth :       0 GB/s  (Utilization : 0 %)
  │      Passive Pkt Bandwidth :       0 GB/s  (Utilization : 0 %)
  │         Flow Pkt Bandwidth :       0 GB/s  (Utilization : 0 %)
  │       Downstream Bandwidth :       0 GB/s  (Utilization : 0 %)
  │         Upstream Bandwidth :       0 GB/s  (Utilization : 0 %)
  │            Total Bandwidth :       0 GB/s  (Utilization : 0 %)
  └───── Total effec Bandwidth :       0 GB/s

  ┌─────────────  [Link 10]   (HMC2_LK_D2)
  │              Read per link : 0
  │             Write per link : 0
  │            Atomic per link : 0
  │           Request per link : 0
  │          Response per link : 0
  │              Flow per link : 0
  │       Error abort per link : 0
  │       Active Pkt Bandwidth :       0 GB/s  (Utilization : 0 %)
  │      Passive Pkt Bandwidth :       0 GB/s  (Utilization : 0 %)
  │         Flow Pkt Bandwidth :       0 GB/s  (Utilization : 0 %)
  │       Downstream Bandwidth :       0 GB/s  (Utilization : 0 %)
  │         Upstream Bandwidth :       0 GB/s  (Utilization : 0 %)
  │            Total Bandwidth :       0 GB/s  (Utilization : 0 %)
  └───── Total effec Bandwidth :       0 GB/s

  ┌─────────────  [Link 11]   (HMC2_LK_D3)
  │              Read per link : 0
  │             Write per link : 0
  │            Atomic per link : 0
  │           Request per link : 0
  │          Response per link : 0
  │              Flow per link : 0
  │       Error abort per link : 0
  │       Active Pkt Bandwidth :       0 GB/s  (Utilization : 0 %)
  │      Passive Pkt Bandwidth :       0 GB/s  (Utilization : 0 %)
  │         Flow Pkt Bandwidth :       0 GB/s  (Utilization : 0 %)
  │       Downstream Bandwidth :       0 GB/s  (Utilization : 0 %)
  │         Upstream Bandwidth :       0 GB/s  (Utilization : 0 %)
  │            Total Bandwidth :       0 GB/s  (Utilization : 0 %)
  └───── Total effec Bandwidth :       0 GB/s

  ┌─────────────  [Link 12]   (HMC3_LK_D0)
  │              Read per link : 0
  │             Write per link : 0
  │            Atomic per link : 0
  │           Request per link : 0
  │          Response per link : 109832
  │              Flow per link : 256298
  │       Error abort per link : 0
  │       Active Pkt Bandwidth :       0 GB/s  (Utilization : 0 %)
  │      Passive Pkt Bandwidth : 0.552266 GB/s  (Utilization : 0.920444 %)
  │         Flow Pkt Bandwidth : 0.352403 GB/s  (Utilization : 0.587338 %)
  │       Downstream Bandwidth : 0.904669 GB/s  (Utilization : 1.50778 %)
  │         Upstream Bandwidth :       0 GB/s  (Utilization : 0 %)
  │            Total Bandwidth : 0.904669 GB/s  (Utilization : 0.753891 %)
  └───── Total effec Bandwidth : 0.40125 GB/s

  ┌─────────────  [Link 13]   (HMC3_LK_D1)
  │              Read per link : 0
  │             Write per link : 0
  │            Atomic per link : 0
  │           Request per link : 0
  │          Response per link : 0
  │              Flow per link : 0
  │       Error abort per link : 0
  │       Active Pkt Bandwidth :       0 GB/s  (Utilization : 0 %)
  │      Passive Pkt Bandwidth :       0 GB/s  (Utilization : 0 %)
  │         Flow Pkt Bandwidth :       0 GB/s  (Utilization : 0 %)
  │       Downstream Bandwidth :       0 GB/s  (Utilization : 0 %)
  │         Upstream Bandwidth :       0 GB/s  (Utilization : 0 %)
  │            Total Bandwidth :       0 GB/s  (Utilization : 0 %)
  └───── Total effec Bandwidth :       0 GB/s

  ┌─────────────  [Link 14]   (HMC3_LK_D2)
  │              Read per link : 0
  │             Write per link : 0
  │            Atomic per link : 0
  │           Request per link : 0
  │          Response per link : 0
  │              Flow per link : 0
  │       Error abort per link : 0
  │       Active Pkt Bandwidth :       0 GB/s  (Utilization : 0 %)
  │      Passive Pkt Bandwidth :       0 GB/s  (Utilization : 0 %)
  │         Flow Pkt Bandwidth :       0 GB/s  (Utilization : 0 %)
  │       Downstream Bandwidth :       0 GB/s  (Utilization : 0 %)
  │         Upstream Bandwidth :       0 GB/s  (Utilization : 0 %)
  │            Total Bandwidth :       0 GB/s  (Utilization : 0 %)
  └───── Total effec Bandwidth :       0 GB/s

  ┌─────────────  [Link 15]   (HMC3_LK_D3)
  │              Read per link : 0
  │             Write per link : 0
  │            Atomic per link : 0
  │           Request per link : 0
  │          Response per link : 0
  │              Flow per link : 0
  │       Error abort per link : 0
  │       Active Pkt Bandwidth :       0 GB/s  (Utilization : 0 %)
  │      Passive Pkt Bandwidth :       0 GB/s  (Utilization : 0 %)
  │         Flow Pkt Bandwidth :       0 GB/s  (Utilization : 0 %)
  │       Downstream Bandwidth :       0 GB/s  (Utilization : 0 %)
  │         Upstream Bandwidth :       0 GB/s  (Utilization : 0 %)
  │            Total Bandwidth :       0 GB/s  (Utilization : 0 %)
  └───── Total effec Bandwidth :       0 GB/s

  ┌─────────────  [Link 16]   (HMC4_LK_D0)
  │              Read per link : 0
  │             Write per link : 0
  │            Atomic per link : 0
  │           Request per link : 0
  │          Response per link : 0
  │              Flow per link : 0
  │       Error abort per link : 0
  │       Active Pkt Bandwidth :       0 GB/s  (Utilization : 0 %)
  │      Passive Pkt Bandwidth :       0 GB/s  (Utilization : 0 %)
  │         Flow Pkt Bandwidth :       0 GB/s  (Utilization : 0 %)
  │       Downstream Bandwidth :       0 GB/s  (Utilization : 0 %)
  │         Upstream Bandwidth :       0 GB/s  (Utilization : 0 %)
  │            Total Bandwidth :       0 GB/s  (Utilization : 0 %)
  └───── Total effec Bandwidth :       0 GB/s

  ┌─────────────  [Link 17]   (HMC4_LK_D1)
  │              Read per link : 0
  │             Write per link : 0
  │            Atomic per link : 0
  │           Request per link : 0
  │          Response per link : 107455
  │              Flow per link : 254111
  │       Error abort per link : 0
  │       Active Pkt Bandwidth :       0 GB/s  (Utilization : 0 %)
  │      Passive Pkt Bandwidth : 0.549851 GB/s  (Utilization : 0.916418 %)
  │         Flow Pkt Bandwidth : 0.349396 GB/s  (Utilization : 0.582326 %)
  │       Downstream Bandwidth : 0.899246 GB/s  (Utilization : 1.49874 %)
  │         Upstream Bandwidth :       0 GB/s  (Utilization : 0 %)
  │            Total Bandwidth : 0.899246 GB/s  (Utilization : 0.749372 %)
  └───── Total effec Bandwidth : 0.402103 GB/s

  ┌─────────────  [Link 18]   (HMC4_LK_D2)
  │              Read per link : 0
  │             Write per link : 0
  │            Atomic per link : 0
  │           Request per link : 0
  │          Response per link : 0
  │              Flow per link : 0
  │       Error abort per link : 0
  │       Active Pkt Bandwidth :       0 GB/s  (Utilization : 0 %)
  │      Passive Pkt Bandwidth :       0 GB/s  (Utilization : 0 %)
  │         Flow Pkt Bandwidth :       0 GB/s  (Utilization : 0 %)
  │       Downstream Bandwidth :       0 GB/s  (Utilization : 0 %)
  │         Upstream Bandwidth :       0 GB/s  (Utilization : 0 %)
  │            Total Bandwidth :       0 GB/s  (Utilization : 0 %)
  └───── Total effec Bandwidth :       0 GB/s

  ┌─────────────  [Link 19]   (HMC4_LK_D3)
  │              Read per link : 0
  │             Write per link : 0
  │            Atomic per link : 0
  │           Request per link : 0
  │          Response per link : 0
  │              Flow per link : 0
  │       Error abort per link : 0
  │       Active Pkt Bandwidth :       0 GB/s  (Utilization : 0 %)
  │      Passive Pkt Bandwidth :       0 GB/s  (Utilization : 0 %)
  │         Flow Pkt Bandwidth :       0 GB/s  (Utilization : 0 %)
  │       Downstream Bandwidth :       0 GB/s  (Utilization : 0 %)
  │         Upstream Bandwidth :       0 GB/s  (Utilization : 0 %)
  │            Total Bandwidth :       0 GB/s  (Utilization : 0 %)
  └───── Total effec Bandwidth :       0 GB/s

  ┌─────────────  [Link 20]   (HMC5_LK_D0)
  │              Read per link : 73111
  │             Write per link : 34344
  │            Atomic per link : 0
  │           Request per link : 107455
  │          Response per link : 0
  │              Flow per link : 287364
  │       Error abort per link : 0
  │       Active Pkt Bandwidth :       0 GB/s  (Utilization : 0 %)
  │      Passive Pkt Bandwidth : 0.336636 GB/s  (Utilization : 0.56106 %)
  │         Flow Pkt Bandwidth : 0.395118 GB/s  (Utilization : 0.65853 %)
  │       Downstream Bandwidth : 0.731754 GB/s  (Utilization : 1.21959 %)
  │         Upstream Bandwidth :       0 GB/s  (Utilization : 0 %)
  │            Total Bandwidth : 0.731754 GB/s  (Utilization : 0.609795 %)
  └───── Total effec Bandwidth : 0.188888 GB/s

  ┌─────────────  [Link 21]   (HMC5_LK_U1)
  │              Read per link : 0
  │             Write per link : 0
  │            Atomic per link : 0
  │           Request per link : 0
  │          Response per link : 451007
  │              Flow per link : 1079516
  │       Error abort per link : 0
  │       Active Pkt Bandwidth :       0 GB/s  (Utilization : 0 %)
  │      Passive Pkt Bandwidth :  2.2723 GB/s  (Utilization : 3.78716 %)
  │         Flow Pkt Bandwidth : 1.48431 GB/s  (Utilization : 2.47384 %)
  │       Downstream Bandwidth :       0 GB/s  (Utilization : 0 %)
  │         Upstream Bandwidth :  3.7566 GB/s  (Utilization : 6.261 %)
  │            Total Bandwidth :  3.7566 GB/s  (Utilization : 3.1305 %)
  └───── Total effec Bandwidth : 1.65217 GB/s

  ┌─────────────  [Link 22]   (HMC5_LK_D2)
  │              Read per link : 75870
  │             Write per link : 38415
  │            Atomic per link : 0
  │           Request per link : 114285
  │          Response per link : 0
  │              Flow per link : 304139
  │       Error abort per link : 0
  │       Active Pkt Bandwidth :       0 GB/s  (Utilization : 0 %)
  │      Passive Pkt Bandwidth : 0.368417 GB/s  (Utilization : 0.614029 %)
  │         Flow Pkt Bandwidth : 0.418183 GB/s  (Utilization : 0.696972 %)
  │       Downstream Bandwidth :  0.7866 GB/s  (Utilization : 1.311 %)
  │         Upstream Bandwidth :       0 GB/s  (Utilization : 0 %)
  │            Total Bandwidth :  0.7866 GB/s  (Utilization : 0.6555 %)
  └───── Total effec Bandwidth : 0.211278 GB/s

  ┌─────────────  [Link 23]   (HMC5_LK_D3)
  │              Read per link : 73014
  │             Write per link : 36907
  │            Atomic per link : 0
  │           Request per link : 109921
  │          Response per link : 0
  │              Flow per link : 292359
  │       Error abort per link : 0
  │       Active Pkt Bandwidth :       0 GB/s  (Utilization : 0 %)
  │      Passive Pkt Bandwidth : 0.354123 GB/s  (Utilization : 0.590205 %)
  │         Flow Pkt Bandwidth : 0.401986 GB/s  (Utilization : 0.669976 %)
  │       Downstream Bandwidth : 0.756109 GB/s  (Utilization : 1.26018 %)
  │         Upstream Bandwidth :       0 GB/s  (Utilization : 0 %)
  │            Total Bandwidth : 0.756109 GB/s  (Utilization : 0.630091 %)
  └───── Total effec Bandwidth : 0.202985 GB/s

  ┌─────────────  [Link 24]   (HMC6_LK_D0)
  │              Read per link : 0
  │             Write per link : 0
  │            Atomic per link : 0
  │           Request per link : 0
  │          Response per link : 0
  │              Flow per link : 0
  │       Error abort per link : 0
  │       Active Pkt Bandwidth :       0 GB/s  (Utilization : 0 %)
  │      Passive Pkt Bandwidth :       0 GB/s  (Utilization : 0 %)
  │         Flow Pkt Bandwidth :       0 GB/s  (Utilization : 0 %)
  │       Downstream Bandwidth :       0 GB/s  (Utilization : 0 %)
  │         Upstream Bandwidth :       0 GB/s  (Utilization : 0 %)
  │            Total Bandwidth :       0 GB/s  (Utilization : 0 %)
  └───── Total effec Bandwidth :       0 GB/s

  ┌─────────────  [Link 25]   (HMC6_LK_D1)
  │              Read per link : 0
  │             Write per link : 0
  │            Atomic per link : 0
  │           Request per link : 0
  │          Response per link : 114285
  │              Flow per link : 267301
  │       Error abort per link : 0
  │       Active Pkt Bandwidth :       0 GB/s  (Utilization : 0 %)
  │      Passive Pkt Bandwidth : 0.574416 GB/s  (Utilization : 0.95736 %)
  │         Flow Pkt Bandwidth : 0.367532 GB/s  (Utilization : 0.612553 %)
  │       Downstream Bandwidth : 0.941948 GB/s  (Utilization : 1.56991 %)
  │         Upstream Bandwidth :       0 GB/s  (Utilization : 0 %)
  │            Total Bandwidth : 0.941948 GB/s  (Utilization : 0.784956 %)
  └───── Total effec Bandwidth : 0.417277 GB/s

  ┌─────────────  [Link 26]   (HMC6_LK_D2)
  │              Read per link : 0
  │             Write per link : 0
  │            Atomic per link : 0
  │           Request per link : 0
  │          Response per link : 0
  │              Flow per link : 0
  │       Error abort per link : 0
  │       Active Pkt Bandwidth :       0 GB/s  (Utilization : 0 %)
  │      Passive Pkt Bandwidth :       0 GB/s  (Utilization : 0 %)
  │         Flow Pkt Bandwidth :       0 GB/s  (Utilization : 0 %)
  │       Downstream Bandwidth :       0 GB/s  (Utilization : 0 %)
  │         Upstream Bandwidth :       0 GB/s  (Utilization : 0 %)
  │            Total Bandwidth :       0 GB/s  (Utilization : 0 %)
  └───── Total effec Bandwidth :       0 GB/s

  ┌─────────────  [Link 27]   (HMC6_LK_D3)
  │              Read per link : 0
  │             Write per link : 0
  │            Atomic per link : 0
  │           Request per link : 0
  │          Response per link : 0
  │              Flow per link : 0
  │       Error abort per link : 0
  │       Active Pkt Bandwidth :       0 GB/s  (Utilization : 0 %)
  │      Passive Pkt Bandwidth :       0 GB/s  (Utilization : 0 %)
  │         Flow Pkt Bandwidth :       0 GB/s  (Utilization : 0 %)
  │       Downstream Bandwidth :       0 GB/s  (Utilization : 0 %)
  │         Upstream Bandwidth :       0 GB/s  (Utilization : 0 %)
  │            Total Bandwidth :       0 GB/s  (Utilization : 0 %)
  └───── Total effec Bandwidth :       0 GB/s

  ┌─────────────  [Link 28]   (HMC7_LK_D0)
  │              Read per link : 0
  │             Write per link : 0
  │            Atomic per link : 0
  │           Request per link : 0
  │          Response per link : 0
  │              Flow per link : 0
  │       Error abort per link : 0
  │       Active Pkt Bandwidth :       0 GB/s  (Utilization : 0 %)
  │      Passive Pkt Bandwidth :       0 GB/s  (Utilization : 0 %)
  │         Flow Pkt Bandwidth :       0 GB/s  (Utilization : 0 %)
  │       Downstream Bandwidth :       0 GB/s  (Utilization : 0 %)
  │         Upstream Bandwidth :       0 GB/s  (Utilization : 0 %)
  │            Total Bandwidth :       0 GB/s  (Utilization : 0 %)
  └───── Total effec Bandwidth :       0 GB/s

  ┌─────────────  [Link 29]   (HMC7_LK_D1)
  │              Read per link : 0
  │             Write per link : 0
  │            Atomic per link : 0
  │           Request per link : 0
  │          Response per link : 109921
  │              Flow per link : 256661
  │       Error abort per link : 0
  │       Active Pkt Bandwidth :       0 GB/s  (Utilization : 0 %)
  │      Passive Pkt Bandwidth : 0.552708 GB/s  (Utilization : 0.921179 %)
  │         Flow Pkt Bandwidth : 0.352902 GB/s  (Utilization : 0.58817 %)
  │       Downstream Bandwidth : 0.90561 GB/s  (Utilization : 1.50935 %)
  │         Upstream Bandwidth :       0 GB/s  (Utilization : 0 %)
  │            Total Bandwidth : 0.90561 GB/s  (Utilization : 0.754675 %)
  └───── Total effec Bandwidth : 0.401569 GB/s

  ┌─────────────  [Link 30]   (HMC7_LK_D2)
  │              Read per link : 0
  │             Write per link : 0
  │            Atomic per link : 0
  │           Request per link : 0
  │          Response per link : 0
  │              Flow per link : 0
  │       Error abort per link : 0
  │       Active Pkt Bandwidth :       0 GB/s  (Utilization : 0 %)
  │      Passive Pkt Bandwidth :       0 GB/s  (Utilization : 0 %)
  │         Flow Pkt Bandwidth :       0 GB/s  (Utilization : 0 %)
  │       Downstream Bandwidth :       0 GB/s  (Utilization : 0 %)
  │         Upstream Bandwidth :       0 GB/s  (Utilization : 0 %)
  │            Total Bandwidth :       0 GB/s  (Utilization : 0 %)
  └───── Total effec Bandwidth :       0 GB/s

  ┌─────────────  [Link 31]   (HMC7_LK_D3)
  │              Read per link : 0
  │             Write per link : 0
  │            Atomic per link : 0
  │           Request per link : 0
  │          Response per link : 0
  │              Flow per link : 0
  │       Error abort per link : 0
  │       Active Pkt Bandwidth :       0 GB/s  (Utilization : 0 %)
  │      Passive Pkt Bandwidth :       0 GB/s  (Utilization : 0 %)
  │         Flow Pkt Bandwidth :       0 GB/s  (Utilization : 0 %)
  │       Downstream Bandwidth :       0 GB/s  (Utilization : 0 %)
  │         Upstream Bandwidth :       0 GB/s  (Utilization : 0 %)
  │            Total Bandwidth :       0 GB/s  (Utilization : 0 %)
  └───── Total effec Bandwidth :       0 GB/s

  ┌─────────────  [Link 32]   (HMC8_LK_D0)
  │              Read per link : 0
  │             Write per link : 0
  │            Atomic per link : 0
  │           Request per link : 0
  │          Response per link : 0
  │              Flow per link : 0
  │       Error abort per link : 0
  │       Active Pkt Bandwidth :       0 GB/s  (Utilization : 0 %)
  │      Passive Pkt Bandwidth :       0 GB/s  (Utilization : 0 %)
  │         Flow Pkt Bandwidth :       0 GB/s  (Utilization : 0 %)
  │       Downstream Bandwidth :       0 GB/s  (Utilization : 0 %)
  │         Upstream Bandwidth :       0 GB/s  (Utilization : 0 %)
  │            Total Bandwidth :       0 GB/s  (Utilization : 0 %)
  └───── Total effec Bandwidth :       0 GB/s

  ┌─────────────  [Link 33]   (HMC8_LK_D1)
  │              Read per link : 0
  │             Write per link : 0
  │            Atomic per link : 0
  │           Request per link : 0
  │          Response per link : 0
  │              Flow per link : 0
  │       Error abort per link : 0
  │       Active Pkt Bandwidth :       0 GB/s  (Utilization : 0 %)
  │      Passive Pkt Bandwidth :       0 GB/s  (Utilization : 0 %)
  │         Flow Pkt Bandwidth :       0 GB/s  (Utilization : 0 %)
  │       Downstream Bandwidth :       0 GB/s  (Utilization : 0 %)
  │         Upstream Bandwidth :       0 GB/s  (Utilization : 0 %)
  │            Total Bandwidth :       0 GB/s  (Utilization : 0 %)
  └───── Total effec Bandwidth :       0 GB/s

  ┌─────────────  [Link 34]   (HMC8_LK_D2)
  │              Read per link : 0
  │             Write per link : 0
  │            Atomic per link : 0
  │           Request per link : 0
  │          Response per link : 108190
  │              Flow per link : 254963
  │       Error abort per link : 0
  │       Active Pkt Bandwidth :       0 GB/s  (Utilization : 0 %)
  │      Passive Pkt Bandwidth : 0.551015 GB/s  (Utilization : 0.918359 %)
  │         Flow Pkt Bandwidth : 0.350567 GB/s  (Utilization : 0.584279 %)
  │       Downstream Bandwidth : 0.901582 GB/s  (Utilization : 1.50264 %)
  │         Upstream Bandwidth :       0 GB/s  (Utilization : 0 %)
  │            Total Bandwidth : 0.901582 GB/s  (Utilization : 0.751319 %)
  └───── Total effec Bandwidth : 0.402257 GB/s

  ┌─────────────  [Link 35]   (HMC8_LK_D3)
  │              Read per link : 0
  │             Write per link : 0
  │            Atomic per link : 0
  │           Request per link : 0
  │          Response per link : 0
  │              Flow per link : 0
  │       Error abort per link : 0
  │       Active Pkt Bandwidth :       0 GB/s  (Utilization : 0 %)
  │      Passive Pkt Bandwidth :       0 GB/s  (Utilization : 0 %)
  │         Flow Pkt Bandwidth :       0 GB/s  (Utilization : 0 %)
  │       Downstream Bandwidth :       0 GB/s  (Utilization : 0 %)
  │         Upstream Bandwidth :       0 GB/s  (Utilization : 0 %)
  │            Total Bandwidth :       0 GB/s  (Utilization : 0 %)
  └───── Total effec Bandwidth :       0 GB/s

  ┌─────────────  [Link 36]   (HMC9_LK_D0)
  │              Read per link : 0
  │             Write per link : 0
  │            Atomic per link : 0
  │           Request per link : 0
  │          Response per link : 0
  │              Flow per link : 0
  │       Error abort per link : 0
  │       Active Pkt Bandwidth :       0 GB/s  (Utilization : 0 %)
  │      Passive Pkt Bandwidth :       0 GB/s  (Utilization : 0 %)
  │         Flow Pkt Bandwidth :       0 GB/s  (Utilization : 0 %)
  │       Downstream Bandwidth :       0 GB/s  (Utilization : 0 %)
  │         Upstream Bandwidth :       0 GB/s  (Utilization : 0 %)
  │            Total Bandwidth :       0 GB/s  (Utilization : 0 %)
  └───── Total effec Bandwidth :       0 GB/s

  ┌─────────────  [Link 37]   (HMC9_LK_D1)
  │              Read per link : 0
  │             Write per link : 0
  │            Atomic per link : 0
  │           Request per link : 0
  │          Response per link : 0
  │              Flow per link : 0
  │       Error abort per link : 0
  │       Active Pkt Bandwidth :       0 GB/s  (Utilization : 0 %)
  │      Passive Pkt Bandwidth :       0 GB/s  (Utilization : 0 %)
  │         Flow Pkt Bandwidth :       0 GB/s  (Utilization : 0 %)
  │       Downstream Bandwidth :       0 GB/s  (Utilization : 0 %)
  │         Upstream Bandwidth :       0 GB/s  (Utilization : 0 %)
  │            Total Bandwidth :       0 GB/s  (Utilization : 0 %)
  └───── Total effec Bandwidth :       0 GB/s

  ┌─────────────  [Link 38]   (HMC9_LK_D2)
  │              Read per link : 0
  │             Write per link : 0
  │            Atomic per link : 0
  │           Request per link : 0
  │          Response per link : 118700
  │              Flow per link : 276932
  │       Error abort per link : 0
  │       Active Pkt Bandwidth :       0 GB/s  (Utilization : 0 %)
  │      Passive Pkt Bandwidth : 0.596012 GB/s  (Utilization : 0.993354 %)
  │         Flow Pkt Bandwidth : 0.380774 GB/s  (Utilization : 0.634624 %)
  │       Downstream Bandwidth : 0.976787 GB/s  (Utilization : 1.62798 %)
  │         Upstream Bandwidth :       0 GB/s  (Utilization : 0 %)
  │            Total Bandwidth : 0.976787 GB/s  (Utilization : 0.813989 %)
  └───── Total effec Bandwidth : 0.432803 GB/s

  ┌─────────────  [Link 39]   (HMC9_LK_D3)
  │              Read per link : 0
  │             Write per link : 0
  │            Atomic per link : 0
  │           Request per link : 0
  │          Response per link : 0
  │              Flow per link : 0
  │       Error abort per link : 0
  │       Active Pkt Bandwidth :       0 GB/s  (Utilization : 0 %)
  │      Passive Pkt Bandwidth :       0 GB/s  (Utilization : 0 %)
  │         Flow Pkt Bandwidth :       0 GB/s  (Utilization : 0 %)
  │       Downstream Bandwidth :       0 GB/s  (Utilization : 0 %)
  │         Upstream Bandwidth :       0 GB/s  (Utilization : 0 %)
  │            Total Bandwidth :       0 GB/s  (Utilization : 0 %)
  └───── Total effec Bandwidth :       0 GB/s

  ┌─────────────  [Link 40]   (HMC10_LK_D0)
  │              Read per link : 73139
  │             Write per link : 35051
  │            Atomic per link : 0
  │           Request per link : 108190
  │          Response per link : 0
  │              Flow per link : 288871
  │       Error abort per link : 0
  │       Active Pkt Bandwidth :       0 GB/s  (Utilization : 0 %)
  │      Passive Pkt Bandwidth : 0.341535 GB/s  (Utilization : 0.569225 %)
  │         Flow Pkt Bandwidth : 0.39719 GB/s  (Utilization : 0.661983 %)
  │       Downstream Bandwidth : 0.738725 GB/s  (Utilization : 1.23121 %)
  │         Upstream Bandwidth :       0 GB/s  (Utilization : 0 %)
  │            Total Bandwidth : 0.738725 GB/s  (Utilization : 0.615604 %)
  └───── Total effec Bandwidth : 0.192777 GB/s

  ┌─────────────  [Link 41]   (HMC10_LK_D1)
  │              Read per link : 78693
  │             Write per link : 40007
  │            Atomic per link : 0
  │           Request per link : 118700
  │          Response per link : 0
  │              Flow per link : 315375
  │       Error abort per link : 0
  │       Active Pkt Bandwidth :       0 GB/s  (Utilization : 0 %)
  │      Passive Pkt Bandwidth : 0.383244 GB/s  (Utilization : 0.638739 %)
  │         Flow Pkt Bandwidth : 0.433632 GB/s  (Utilization : 0.72272 %)
  │       Downstream Bandwidth : 0.816876 GB/s  (Utilization : 1.36146 %)
  │         Upstream Bandwidth :       0 GB/s  (Utilization : 0 %)
  │            Total Bandwidth : 0.816876 GB/s  (Utilization : 0.68073 %)
  └───── Total effec Bandwidth : 0.220034 GB/s

  ┌─────────────  [Link 42]   (HMC10_LK_U2)
  │              Read per link : 0
  │             Write per link : 0
  │            Atomic per link : 0
  │           Request per link : 0
  │          Response per link : 451026
  │              Flow per link : 1077966
  │       Error abort per link : 0
  │       Active Pkt Bandwidth :       0 GB/s  (Utilization : 0 %)
  │      Passive Pkt Bandwidth : 2.27258 GB/s  (Utilization : 3.78763 %)
  │         Flow Pkt Bandwidth : 1.48217 GB/s  (Utilization : 2.47029 %)
  │       Downstream Bandwidth :       0 GB/s  (Utilization : 0 %)
  │         Upstream Bandwidth : 3.75476 GB/s  (Utilization : 6.25793 %)
  │            Total Bandwidth : 3.75476 GB/s  (Utilization : 3.12896 %)
  └───── Total effec Bandwidth : 1.65243 GB/s

  ┌─────────────  [Link 43]   (HMC10_LK_D3)
  │              Read per link : 72735
  │             Write per link : 36559
  │            Atomic per link : 0
  │           Request per link : 109294
  │          Response per link : 0
  │              Flow per link : 290606
  │       Error abort per link : 0
  │       Active Pkt Bandwidth :       0 GB/s  (Utilization : 0 %)
  │      Passive Pkt Bandwidth : 0.351347 GB/s  (Utilization : 0.585578 %)
  │         Flow Pkt Bandwidth : 0.399576 GB/s  (Utilization : 0.665959 %)
  │       Downstream Bandwidth : 0.750922 GB/s  (Utilization : 1.25154 %)
  │         Upstream Bandwidth :       0 GB/s  (Utilization : 0 %)
  │            Total Bandwidth : 0.750922 GB/s  (Utilization : 0.625769 %)
  └───── Total effec Bandwidth : 0.201071 GB/s

  ┌─────────────  [Link 44]   (HMC11_LK_D0)
  │              Read per link : 0
  │             Write per link : 0
  │            Atomic per link : 0
  │           Request per link : 0
  │          Response per link : 0
  │              Flow per link : 0
  │       Error abort per link : 0
  │       Active Pkt Bandwidth :       0 GB/s  (Utilization : 0 %)
  │      Passive Pkt Bandwidth :       0 GB/s  (Utilization : 0 %)
  │         Flow Pkt Bandwidth :       0 GB/s  (Utilization : 0 %)
  │       Downstream Bandwidth :       0 GB/s  (Utilization : 0 %)
  │         Upstream Bandwidth :       0 GB/s  (Utilization : 0 %)
  │            Total Bandwidth :       0 GB/s  (Utilization : 0 %)
  └───── Total effec Bandwidth :       0 GB/s

  ┌─────────────  [Link 45]   (HMC11_LK_D1)
  │              Read per link : 0
  │             Write per link : 0
  │            Atomic per link : 0
  │           Request per link : 0
  │          Response per link : 0
  │              Flow per link : 0
  │       Error abort per link : 0
  │       Active Pkt Bandwidth :       0 GB/s  (Utilization : 0 %)
  │      Passive Pkt Bandwidth :       0 GB/s  (Utilization : 0 %)
  │         Flow Pkt Bandwidth :       0 GB/s  (Utilization : 0 %)
  │       Downstream Bandwidth :       0 GB/s  (Utilization : 0 %)
  │         Upstream Bandwidth :       0 GB/s  (Utilization : 0 %)
  │            Total Bandwidth :       0 GB/s  (Utilization : 0 %)
  └───── Total effec Bandwidth :       0 GB/s

  ┌─────────────  [Link 46]   (HMC11_LK_D2)
  │              Read per link : 0
  │             Write per link : 0
  │            Atomic per link : 0
  │           Request per link : 0
  │          Response per link : 109294
  │              Flow per link : 255410
  │       Error abort per link : 0
  │       Active Pkt Bandwidth :       0 GB/s  (Utilization : 0 %)
  │      Passive Pkt Bandwidth : 0.550311 GB/s  (Utilization : 0.917185 %)
  │         Flow Pkt Bandwidth : 0.351182 GB/s  (Utilization : 0.585303 %)
  │       Downstream Bandwidth : 0.901493 GB/s  (Utilization : 1.50249 %)
  │         Upstream Bandwidth :       0 GB/s  (Utilization : 0 %)
  │            Total Bandwidth : 0.901493 GB/s  (Utilization : 0.751244 %)
  └───── Total effec Bandwidth : 0.400035 GB/s

  ┌─────────────  [Link 47]   (HMC11_LK_D3)
  │              Read per link : 0
  │             Write per link : 0
  │            Atomic per link : 0
  │           Request per link : 0
  │          Response per link : 0
  │              Flow per link : 0
  │       Error abort per link : 0
  │       Active Pkt Bandwidth :       0 GB/s  (Utilization : 0 %)
  │      Passive Pkt Bandwidth :       0 GB/s  (Utilization : 0 %)
  │         Flow Pkt Bandwidth :       0 GB/s  (Utilization : 0 %)
  │       Downstream Bandwidth :       0 GB/s  (Utilization : 0 %)
  │         Upstream Bandwidth :       0 GB/s  (Utilization : 0 %)
  │            Total Bandwidth :       0 GB/s  (Utilization : 0 %)
  └───── Total effec Bandwidth :       0 GB/s

  ┌─────────────  [Link 48]   (HMC12_LK_D0)
  │              Read per link : 0
  │             Write per link : 0
  │            Atomic per link : 0
  │           Request per link : 0
  │          Response per link : 0
  │              Flow per link : 0
  │       Error abort per link : 0
  │       Active Pkt Bandwidth :       0 GB/s  (Utilization : 0 %)
  │      Passive Pkt Bandwidth :       0 GB/s  (Utilization : 0 %)
  │         Flow Pkt Bandwidth :       0 GB/s  (Utilization : 0 %)
  │       Downstream Bandwidth :       0 GB/s  (Utilization : 0 %)
  │         Upstream Bandwidth :       0 GB/s  (Utilization : 0 %)
  │            Total Bandwidth :       0 GB/s  (Utilization : 0 %)
  └───── Total effec Bandwidth :       0 GB/s

  ┌─────────────  [Link 49]   (HMC12_LK_D1)
  │              Read per link : 0
  │             Write per link : 0
  │            Atomic per link : 0
  │           Request per link : 0
  │          Response per link : 0
  │              Flow per link : 0
  │       Error abort per link : 0
  │       Active Pkt Bandwidth :       0 GB/s  (Utilization : 0 %)
  │      Passive Pkt Bandwidth :       0 GB/s  (Utilization : 0 %)
  │         Flow Pkt Bandwidth :       0 GB/s  (Utilization : 0 %)
  │       Downstream Bandwidth :       0 GB/s  (Utilization : 0 %)
  │         Upstream Bandwidth :       0 GB/s  (Utilization : 0 %)
  │            Total Bandwidth :       0 GB/s  (Utilization : 0 %)
  └───── Total effec Bandwidth :       0 GB/s

  ┌─────────────  [Link 50]   (HMC12_LK_D2)
  │              Read per link : 0
  │             Write per link : 0
  │            Atomic per link : 0
  │           Request per link : 0
  │          Response per link : 0
  │              Flow per link : 0
  │       Error abort per link : 0
  │       Active Pkt Bandwidth :       0 GB/s  (Utilization : 0 %)
  │      Passive Pkt Bandwidth :       0 GB/s  (Utilization : 0 %)
  │         Flow Pkt Bandwidth :       0 GB/s  (Utilization : 0 %)
  │       Downstream Bandwidth :       0 GB/s  (Utilization : 0 %)
  │         Upstream Bandwidth :       0 GB/s  (Utilization : 0 %)
  │            Total Bandwidth :       0 GB/s  (Utilization : 0 %)
  └───── Total effec Bandwidth :       0 GB/s

  ┌─────────────  [Link 51]   (HMC12_LK_D3)
  │              Read per link : 0
  │             Write per link : 0
  │            Atomic per link : 0
  │           Request per link : 0
  │          Response per link : 107114
  │              Flow per link : 253373
  │       Error abort per link : 0
  │       Active Pkt Bandwidth :       0 GB/s  (Utilization : 0 %)
  │      Passive Pkt Bandwidth :  0.5481 GB/s  (Utilization : 0.9135 %)
  │         Flow Pkt Bandwidth : 0.348381 GB/s  (Utilization : 0.580635 %)
  │       Downstream Bandwidth : 0.896481 GB/s  (Utilization : 1.49414 %)
  │         Upstream Bandwidth :       0 GB/s  (Utilization : 0 %)
  │            Total Bandwidth : 0.896481 GB/s  (Utilization : 0.747068 %)
  └───── Total effec Bandwidth : 0.400821 GB/s

  ┌─────────────  [Link 52]   (HMC13_LK_D0)
  │              Read per link : 0
  │             Write per link : 0
  │            Atomic per link : 0
  │           Request per link : 0
  │          Response per link : 0
  │              Flow per link : 0
  │       Error abort per link : 0
  │       Active Pkt Bandwidth :       0 GB/s  (Utilization : 0 %)
  │      Passive Pkt Bandwidth :       0 GB/s  (Utilization : 0 %)
  │         Flow Pkt Bandwidth :       0 GB/s  (Utilization : 0 %)
  │       Downstream Bandwidth :       0 GB/s  (Utilization : 0 %)
  │         Upstream Bandwidth :       0 GB/s  (Utilization : 0 %)
  │            Total Bandwidth :       0 GB/s  (Utilization : 0 %)
  └───── Total effec Bandwidth :       0 GB/s

  ┌─────────────  [Link 53]   (HMC13_LK_D1)
  │              Read per link : 0
  │             Write per link : 0
  │            Atomic per link : 0
  │           Request per link : 0
  │          Response per link : 0
  │              Flow per link : 0
  │       Error abort per link : 0
  │       Active Pkt Bandwidth :       0 GB/s  (Utilization : 0 %)
  │      Passive Pkt Bandwidth :       0 GB/s  (Utilization : 0 %)
  │         Flow Pkt Bandwidth :       0 GB/s  (Utilization : 0 %)
  │       Downstream Bandwidth :       0 GB/s  (Utilization : 0 %)
  │         Upstream Bandwidth :       0 GB/s  (Utilization : 0 %)
  │            Total Bandwidth :       0 GB/s  (Utilization : 0 %)
  └───── Total effec Bandwidth :       0 GB/s

  ┌─────────────  [Link 54]   (HMC13_LK_D2)
  │              Read per link : 0
  │             Write per link : 0
  │            Atomic per link : 0
  │           Request per link : 0
  │          Response per link : 0
  │              Flow per link : 0
  │       Error abort per link : 0
  │       Active Pkt Bandwidth :       0 GB/s  (Utilization : 0 %)
  │      Passive Pkt Bandwidth :       0 GB/s  (Utilization : 0 %)
  │         Flow Pkt Bandwidth :       0 GB/s  (Utilization : 0 %)
  │       Downstream Bandwidth :       0 GB/s  (Utilization : 0 %)
  │         Upstream Bandwidth :       0 GB/s  (Utilization : 0 %)
  │            Total Bandwidth :       0 GB/s  (Utilization : 0 %)
  └───── Total effec Bandwidth :       0 GB/s

  ┌─────────────  [Link 55]   (HMC13_LK_D3)
  │              Read per link : 0
  │             Write per link : 0
  │            Atomic per link : 0
  │           Request per link : 0
  │          Response per link : 119180
  │              Flow per link : 276894
  │       Error abort per link : 0
  │       Active Pkt Bandwidth :       0 GB/s  (Utilization : 0 %)
  │      Passive Pkt Bandwidth : 0.596254 GB/s  (Utilization : 0.993757 %)
  │         Flow Pkt Bandwidth : 0.380722 GB/s  (Utilization : 0.634536 %)
  │       Downstream Bandwidth : 0.976976 GB/s  (Utilization : 1.62829 %)
  │         Upstream Bandwidth :       0 GB/s  (Utilization : 0 %)
  │            Total Bandwidth : 0.976976 GB/s  (Utilization : 0.814147 %)
  └───── Total effec Bandwidth : 0.432385 GB/s

  ┌─────────────  [Link 56]   (HMC14_LK_D0)
  │              Read per link : 0
  │             Write per link : 0
  │            Atomic per link : 0
  │           Request per link : 0
  │          Response per link : 0
  │              Flow per link : 0
  │       Error abort per link : 0
  │       Active Pkt Bandwidth :       0 GB/s  (Utilization : 0 %)
  │      Passive Pkt Bandwidth :       0 GB/s  (Utilization : 0 %)
  │         Flow Pkt Bandwidth :       0 GB/s  (Utilization : 0 %)
  │       Downstream Bandwidth :       0 GB/s  (Utilization : 0 %)
  │         Upstream Bandwidth :       0 GB/s  (Utilization : 0 %)
  │            Total Bandwidth :       0 GB/s  (Utilization : 0 %)
  └───── Total effec Bandwidth :       0 GB/s

  ┌─────────────  [Link 57]   (HMC14_LK_D1)
  │              Read per link : 0
  │             Write per link : 0
  │            Atomic per link : 0
  │           Request per link : 0
  │          Response per link : 0
  │              Flow per link : 0
  │       Error abort per link : 0
  │       Active Pkt Bandwidth :       0 GB/s  (Utilization : 0 %)
  │      Passive Pkt Bandwidth :       0 GB/s  (Utilization : 0 %)
  │         Flow Pkt Bandwidth :       0 GB/s  (Utilization : 0 %)
  │       Downstream Bandwidth :       0 GB/s  (Utilization : 0 %)
  │         Upstream Bandwidth :       0 GB/s  (Utilization : 0 %)
  │            Total Bandwidth :       0 GB/s  (Utilization : 0 %)
  └───── Total effec Bandwidth :       0 GB/s

  ┌─────────────  [Link 58]   (HMC14_LK_D2)
  │              Read per link : 0
  │             Write per link : 0
  │            Atomic per link : 0
  │           Request per link : 0
  │          Response per link : 0
  │              Flow per link : 0
  │       Error abort per link : 0
  │       Active Pkt Bandwidth :       0 GB/s  (Utilization : 0 %)
  │      Passive Pkt Bandwidth :       0 GB/s  (Utilization : 0 %)
  │         Flow Pkt Bandwidth :       0 GB/s  (Utilization : 0 %)
  │       Downstream Bandwidth :       0 GB/s  (Utilization : 0 %)
  │         Upstream Bandwidth :       0 GB/s  (Utilization : 0 %)
  │            Total Bandwidth :       0 GB/s  (Utilization : 0 %)
  └───── Total effec Bandwidth :       0 GB/s

  ┌─────────────  [Link 59]   (HMC14_LK_D3)
  │              Read per link : 0
  │             Write per link : 0
  │            Atomic per link : 0
  │           Request per link : 0
  │          Response per link : 114740
  │              Flow per link : 267130
  │       Error abort per link : 0
  │       Active Pkt Bandwidth :       0 GB/s  (Utilization : 0 %)
  │      Passive Pkt Bandwidth : 0.575454 GB/s  (Utilization : 0.95909 %)
  │         Flow Pkt Bandwidth : 0.367297 GB/s  (Utilization : 0.612161 %)
  │       Downstream Bandwidth : 0.942751 GB/s  (Utilization : 1.57125 %)
  │         Upstream Bandwidth :       0 GB/s  (Utilization : 0 %)
  │            Total Bandwidth : 0.942751 GB/s  (Utilization : 0.785625 %)
  └───── Total effec Bandwidth : 0.417689 GB/s

  ┌─────────────  [Link 60]   (HMC15_LK_D0)
  │              Read per link : 72878
  │             Write per link : 34236
  │            Atomic per link : 0
  │           Request per link : 107114
  │          Response per link : 0
  │              Flow per link : 286223
  │       Error abort per link : 0
  │       Active Pkt Bandwidth :       0 GB/s  (Utilization : 0 %)
  │      Passive Pkt Bandwidth : 0.335573 GB/s  (Utilization : 0.559289 %)
  │         Flow Pkt Bandwidth : 0.393549 GB/s  (Utilization : 0.655915 %)
  │       Downstream Bandwidth : 0.729122 GB/s  (Utilization : 1.2152 %)
  │         Upstream Bandwidth :       0 GB/s  (Utilization : 0 %)
  │            Total Bandwidth : 0.729122 GB/s  (Utilization : 0.607602 %)
  └───── Total effec Bandwidth : 0.188294 GB/s

  ┌─────────────  [Link 61]   (HMC15_LK_D1)
  │              Read per link : 78617
  │             Write per link : 40563
  │            Atomic per link : 0
  │           Request per link : 119180
  │          Response per link : 0
  │              Flow per link : 315664
  │       Error abort per link : 0
  │       Active Pkt Bandwidth :       0 GB/s  (Utilization : 0 %)
  │      Passive Pkt Bandwidth : 0.386962 GB/s  (Utilization : 0.644936 %)
  │         Flow Pkt Bandwidth : 0.43403 GB/s  (Utilization : 0.723383 %)
  │       Downstream Bandwidth : 0.820991 GB/s  (Utilization : 1.36832 %)
  │         Upstream Bandwidth :       0 GB/s  (Utilization : 0 %)
  │            Total Bandwidth : 0.820991 GB/s  (Utilization : 0.684159 %)
  └───── Total effec Bandwidth : 0.223092 GB/s

  ┌─────────────  [Link 62]   (HMC15_LK_D2)
  │              Read per link : 75945
  │             Write per link : 38795
  │            Atomic per link : 0
  │           Request per link : 114740
  │          Response per link : 0
  │              Flow per link : 304506
  │       Error abort per link : 0
  │       Active Pkt Bandwidth :       0 GB/s  (Utilization : 0 %)
  │      Passive Pkt Bandwidth : 0.371133 GB/s  (Utilization : 0.618555 %)
  │         Flow Pkt Bandwidth : 0.418688 GB/s  (Utilization : 0.697813 %)
  │       Downstream Bandwidth : 0.78982 GB/s  (Utilization : 1.31637 %)
  │         Upstream Bandwidth :       0 GB/s  (Utilization : 0 %)
  │            Total Bandwidth : 0.78982 GB/s  (Utilization : 0.658184 %)
  └───── Total effec Bandwidth : 0.213368 GB/s

  ┌─────────────  [Link 63]   (HMC15_LK_U3)
  │              Read per link : 0
  │             Write per link : 0
  │            Atomic per link : 0
  │           Request per link : 0
  │          Response per link : 450958
  │              Flow per link : 1061186
  │       Error abort per link : 0
  │       Active Pkt Bandwidth :       0 GB/s  (Utilization : 0 %)
  │      Passive Pkt Bandwidth :  2.2719 GB/s  (Utilization : 3.78651 %)
  │         Flow Pkt Bandwidth :  1.4591 GB/s  (Utilization : 2.43184 %)
  │       Downstream Bandwidth :       0 GB/s  (Utilization : 0 %)
  │         Upstream Bandwidth : 3.73101 GB/s  (Utilization : 6.21834 %)
  │            Total Bandwidth : 3.73101 GB/s  (Utilization : 3.10917 %)
  └───── Total effec Bandwidth : 1.65185 GB/s

  ┌─────────────  [Link 64]   (HC0_LK_D0)
  │              Read per link : 300412
  │             Write per link : 150547
  │            Atomic per link : 16
  │           Request per link : 450975
  │          Response per link : 0
  │              Flow per link : 1176416
  │       Error abort per link : 0
  │       Active Pkt Bandwidth :       0 GB/s  (Utilization : 0 %)
  │      Passive Pkt Bandwidth : 1.44812 GB/s  (Utilization : 2.41353 %)
  │         Flow Pkt Bandwidth : 1.61754 GB/s  (Utilization : 2.6959 %)
  │       Downstream Bandwidth : 3.06566 GB/s  (Utilization : 5.10943 %)
  │         Upstream Bandwidth :       0 GB/s  (Utilization : 0 %)
  │            Total Bandwidth : 3.06566 GB/s  (Utilization : 2.55471 %)
  └───── Total effec Bandwidth : 0.828037 GB/s

  ┌─────────────  [Link 65]   (HC1_LK_D0)
  │              Read per link : 300401
  │             Write per link : 150606
  │            Atomic per link : 0
  │           Request per link : 451007
  │          Response per link : 0
  │              Flow per link : 1183236
  │       Error abort per link : 0
  │       Active Pkt Bandwidth :       0 GB/s  (Utilization : 0 %)
  │      Passive Pkt Bandwidth : 1.44844 GB/s  (Utilization : 2.41407 %)
  │         Flow Pkt Bandwidth : 1.62692 GB/s  (Utilization : 2.71153 %)
  │       Downstream Bandwidth : 3.07536 GB/s  (Utilization : 5.1256 %)
  │         Upstream Bandwidth :       0 GB/s  (Utilization : 0 %)
  │            Total Bandwidth : 3.07536 GB/s  (Utilization : 2.5628 %)
  └───── Total effec Bandwidth : 0.828317 GB/s

  ┌─────────────  [Link 66]   (HC2_LK_D0)
  │              Read per link : 300448
  │             Write per link : 150578
  │            Atomic per link : 0
  │           Request per link : 451026
  │          Response per link : 0
  │              Flow per link : 1181051
  │       Error abort per link : 0
  │       Active Pkt Bandwidth :       0 GB/s  (Utilization : 0 %)
  │      Passive Pkt Bandwidth : 1.44831 GB/s  (Utilization : 2.41385 %)
  │         Flow Pkt Bandwidth : 1.62391 GB/s  (Utilization : 2.70652 %)
  │       Downstream Bandwidth : 3.07223 GB/s  (Utilization : 5.12038 %)
  │         Upstream Bandwidth :       0 GB/s  (Utilization : 0 %)
  │            Total Bandwidth : 3.07223 GB/s  (Utilization : 2.56019 %)
  └───── Total effec Bandwidth : 0.828163 GB/s

  ┌─────────────  [Link 67]   (HC3_LK_D0)
  │              Read per link : 300342
  │             Write per link : 150616
  │            Atomic per link : 0
  │           Request per link : 450958
  │          Response per link : 0
  │              Flow per link : 1177315
  │       Error abort per link : 0
  │       Active Pkt Bandwidth :       0 GB/s  (Utilization : 0 %)
  │      Passive Pkt Bandwidth : 1.44843 GB/s  (Utilization : 2.41405 %)
  │         Flow Pkt Bandwidth : 1.61878 GB/s  (Utilization : 2.69796 %)
  │       Downstream Bandwidth :  3.0672 GB/s  (Utilization : 5.11201 %)
  │         Upstream Bandwidth :       0 GB/s  (Utilization : 0 %)
  │            Total Bandwidth :  3.0672 GB/s  (Utilization : 2.556 %)
  └───── Total effec Bandwidth : 0.828372 GB/s

  Operand buffer stalls : [0] 0  [1] 0  [2] 0  [3] 0  [4] 0  [5] 0  [6] 0  [7] 0  [8] 0  [9] 0  [10] 0  [11] 0  [12] 0  [13] 0  [14] 0  [15] 0  
  Total operand buffer stalls 0

  Number of updates : [0] 0  [1] 0  [2] 0  [3] 0  [4] 0  [5] 0  [6] 0  [7] 0  [8] 0  [9] 0  [10] 0  [11] 0  [12] 0  [13] 0  [14] 0  [15] 0  

  Number of operands : [0] 0  [1] 0  [2] 0  [3] 0  [4] 0  [5] 0  [6] 0  [7] 0  [8] 0  [9] 0  [10] 0  [11] 0  [12] 0  [13] 0  [14] 0  [15] 0  

