****************************************************************
*                      CasHMC version 1.1                      *
*                       result log file                        *
*            Date : 2018/07/24      Time : 16:32:38            *
****************************************************************

- Trace type : 
  ============= CasHMC statistic result =============

  Elapsed epoch : 63
  Elapsed clock : 63420446

        HMC bandwidth : 49.9325 GB/s  (Considered only data size)
    Link HC bandwidth : 54.0071 GB/s  (Bandwidth flowing into HMC Network)
       Link bandwidth : 227.935 GB/s  (Sum of bandwidth over 68 Links, Included flow packet)
 Effec Link bandwidth : 87.3755 GB/s  (Data bandwidth(sum) regardless of packet header and tail over 68 Links)
 Ef Link HC bandwidth :  15.208 GB/s  (Data bandwidth(sum) regardless of packet header and tail over CPU links injecting into HMCNET)
     Link utilization : 5.58664 %     (Max link bandwidth : 480 GB/S)

    Tran latency mean : 54.4893 ns
                 std  : 19.247 ns
                 max  : 240.5 ns
                 min  : 28 ns
    Link latency mean : 4.28649e+06 ns
                 std  : 2.84872e+06 ns
                 max  : 1.18914e+07 ns
                 min  : 25 ns
   Vault latency mean : 25.6714 ns
                 std  : 5.00407 ns
                 max  : 169.6 ns
                 min  : 19.2 ns
   Retry latency mean : 0 ns
                 std  : 0 ns
                 max  : 0 ns
                 min  : 0 ns

           Read count : 32327706
          Write count : 14156852
         Atomic count : 0
        Request count : 46484558
       Response count : 46484558
           Flow count : 206146266
    Transaction count : 26564543
    Error abort count : 0
    Error retry count : 0

  ┌─────────────  [Link 0]   (HMC0_LK_U0)
  │              Read per link : 0
  │             Write per link : 0
  │            Atomic per link : 0
  │           Request per link : 0
  │          Response per link : 6643005
  │              Flow per link : 12132821
  │       Error abort per link : 0
  │       Active Pkt Bandwidth :       0 GB/s  (Utilization : 0 %)
  │      Passive Pkt Bandwidth : 11.8053 GB/s  (Utilization : 19.6754 %)
  │         Flow Pkt Bandwidth : 5.70141 GB/s  (Utilization : 9.50236 %)
  │       Downstream Bandwidth :       0 GB/s  (Utilization : 0 %)
  │         Upstream Bandwidth : 17.5067 GB/s  (Utilization : 29.1778 %)
  │            Total Bandwidth : 17.5067 GB/s  (Utilization : 14.5889 %)
  └───── Total effec Bandwidth :  8.6836 GB/s

  ┌─────────────  [Link 1]   (HMC0_LK_D1)
  │              Read per link : 1177490
  │             Write per link : 516709
  │            Atomic per link : 0
  │           Request per link : 1694199
  │          Response per link : 0
  │              Flow per link : 4422756
  │       Error abort per link : 0
  │       Active Pkt Bandwidth :       0 GB/s  (Utilization : 0 %)
  │      Passive Pkt Bandwidth : 1.76737 GB/s  (Utilization : 2.94562 %)
  │         Flow Pkt Bandwidth : 2.07833 GB/s  (Utilization : 3.46388 %)
  │       Downstream Bandwidth :  3.8457 GB/s  (Utilization : 6.4095 %)
  │         Upstream Bandwidth :       0 GB/s  (Utilization : 0 %)
  │            Total Bandwidth :  3.8457 GB/s  (Utilization : 3.20475 %)
  └───── Total effec Bandwidth : 0.971241 GB/s

  ┌─────────────  [Link 2]   (HMC0_LK_D2)
  │              Read per link : 1175406
  │             Write per link : 515402
  │            Atomic per link : 0
  │           Request per link : 1690808
  │          Response per link : 0
  │              Flow per link : 4414228
  │       Error abort per link : 0
  │       Active Pkt Bandwidth :       0 GB/s  (Utilization : 0 %)
  │      Passive Pkt Bandwidth : 1.76332 GB/s  (Utilization : 2.93887 %)
  │         Flow Pkt Bandwidth : 2.07432 GB/s  (Utilization : 3.4572 %)
  │       Downstream Bandwidth : 3.83764 GB/s  (Utilization : 6.39607 %)
  │         Upstream Bandwidth :       0 GB/s  (Utilization : 0 %)
  │            Total Bandwidth : 3.83764 GB/s  (Utilization : 3.19803 %)
  └───── Total effec Bandwidth : 0.968784 GB/s

  ┌─────────────  [Link 3]   (HMC0_LK_D3)
  │              Read per link : 1133039
  │             Write per link : 495198
  │            Atomic per link : 0
  │           Request per link : 1628237
  │          Response per link : 0
  │              Flow per link : 4263656
  │       Error abort per link : 0
  │       Active Pkt Bandwidth :       0 GB/s  (Utilization : 0 %)
  │      Passive Pkt Bandwidth : 1.69594 GB/s  (Utilization : 2.82657 %)
  │         Flow Pkt Bandwidth : 2.00356 GB/s  (Utilization : 3.33927 %)
  │       Downstream Bandwidth : 3.69951 GB/s  (Utilization : 6.16584 %)
  │         Upstream Bandwidth :       0 GB/s  (Utilization : 0 %)
  │            Total Bandwidth : 3.69951 GB/s  (Utilization : 3.08292 %)
  └───── Total effec Bandwidth : 0.930807 GB/s

  ┌─────────────  [Link 4]   (HMC1_LK_D0)
  │              Read per link : 0
  │             Write per link : 0
  │            Atomic per link : 0
  │           Request per link : 0
  │          Response per link : 1694199
  │              Flow per link : 4002511
  │       Error abort per link : 0
  │       Active Pkt Bandwidth :       0 GB/s  (Utilization : 0 %)
  │      Passive Pkt Bandwidth : 3.00942 GB/s  (Utilization : 5.0157 %)
  │         Flow Pkt Bandwidth : 1.88085 GB/s  (Utilization : 3.13474 %)
  │       Downstream Bandwidth : 4.89027 GB/s  (Utilization : 8.15045 %)
  │         Upstream Bandwidth :       0 GB/s  (Utilization : 0 %)
  │            Total Bandwidth : 4.89027 GB/s  (Utilization : 4.07522 %)
  └───── Total effec Bandwidth : 2.21329 GB/s

  ┌─────────────  [Link 5]   (HMC1_LK_D1)
  │              Read per link : 0
  │             Write per link : 0
  │            Atomic per link : 0
  │           Request per link : 0
  │          Response per link : 0
  │              Flow per link : 0
  │       Error abort per link : 0
  │       Active Pkt Bandwidth :       0 GB/s  (Utilization : 0 %)
  │      Passive Pkt Bandwidth :       0 GB/s  (Utilization : 0 %)
  │         Flow Pkt Bandwidth :       0 GB/s  (Utilization : 0 %)
  │       Downstream Bandwidth :       0 GB/s  (Utilization : 0 %)
  │         Upstream Bandwidth :       0 GB/s  (Utilization : 0 %)
  │            Total Bandwidth :       0 GB/s  (Utilization : 0 %)
  └───── Total effec Bandwidth :       0 GB/s

  ┌─────────────  [Link 6]   (HMC1_LK_D2)
  │              Read per link : 0
  │             Write per link : 0
  │            Atomic per link : 0
  │           Request per link : 0
  │          Response per link : 0
  │              Flow per link : 0
  │       Error abort per link : 0
  │       Active Pkt Bandwidth :       0 GB/s  (Utilization : 0 %)
  │      Passive Pkt Bandwidth :       0 GB/s  (Utilization : 0 %)
  │         Flow Pkt Bandwidth :       0 GB/s  (Utilization : 0 %)
  │       Downstream Bandwidth :       0 GB/s  (Utilization : 0 %)
  │         Upstream Bandwidth :       0 GB/s  (Utilization : 0 %)
  │            Total Bandwidth :       0 GB/s  (Utilization : 0 %)
  └───── Total effec Bandwidth :       0 GB/s

  ┌─────────────  [Link 7]   (HMC1_LK_D3)
  │              Read per link : 0
  │             Write per link : 0
  │            Atomic per link : 0
  │           Request per link : 0
  │          Response per link : 0
  │              Flow per link : 0
  │       Error abort per link : 0
  │       Active Pkt Bandwidth :       0 GB/s  (Utilization : 0 %)
  │      Passive Pkt Bandwidth :       0 GB/s  (Utilization : 0 %)
  │         Flow Pkt Bandwidth :       0 GB/s  (Utilization : 0 %)
  │       Downstream Bandwidth :       0 GB/s  (Utilization : 0 %)
  │         Upstream Bandwidth :       0 GB/s  (Utilization : 0 %)
  │            Total Bandwidth :       0 GB/s  (Utilization : 0 %)
  └───── Total effec Bandwidth :       0 GB/s

  ┌─────────────  [Link 8]   (HMC2_LK_D0)
  │              Read per link : 0
  │             Write per link : 0
  │            Atomic per link : 0
  │           Request per link : 0
  │          Response per link : 1690808
  │              Flow per link : 3994626
  │       Error abort per link : 0
  │       Active Pkt Bandwidth :       0 GB/s  (Utilization : 0 %)
  │      Passive Pkt Bandwidth : 3.00391 GB/s  (Utilization : 5.00652 %)
  │         Flow Pkt Bandwidth : 1.87714 GB/s  (Utilization : 3.12857 %)
  │       Downstream Bandwidth : 4.88105 GB/s  (Utilization : 8.13509 %)
  │         Upstream Bandwidth :       0 GB/s  (Utilization : 0 %)
  │            Total Bandwidth : 4.88105 GB/s  (Utilization : 4.06754 %)
  └───── Total effec Bandwidth : 2.20937 GB/s

  ┌─────────────  [Link 9]   (HMC2_LK_D1)
  │              Read per link : 0
  │             Write per link : 0
  │            Atomic per link : 0
  │           Request per link : 0
  │          Response per link : 0
  │              Flow per link : 0
  │       Error abort per link : 0
  │       Active Pkt Bandwidth :       0 GB/s  (Utilization : 0 %)
  │      Passive Pkt Bandwidth :       0 GB/s  (Utilization : 0 %)
  │         Flow Pkt Bandwidth :       0 GB/s  (Utilization : 0 %)
  │       Downstream Bandwidth :       0 GB/s  (Utilization : 0 %)
  │         Upstream Bandwidth :       0 GB/s  (Utilization : 0 %)
  │            Total Bandwidth :       0 GB/s  (Utilization : 0 %)
  └───── Total effec Bandwidth :       0 GB/s

  ┌─────────────  [Link 10]   (HMC2_LK_D2)
  │              Read per link : 0
  │             Write per link : 0
  │            Atomic per link : 0
  │           Request per link : 0
  │          Response per link : 0
  │              Flow per link : 0
  │       Error abort per link : 0
  │       Active Pkt Bandwidth :       0 GB/s  (Utilization : 0 %)
  │      Passive Pkt Bandwidth :       0 GB/s  (Utilization : 0 %)
  │         Flow Pkt Bandwidth :       0 GB/s  (Utilization : 0 %)
  │       Downstream Bandwidth :       0 GB/s  (Utilization : 0 %)
  │         Upstream Bandwidth :       0 GB/s  (Utilization : 0 %)
  │            Total Bandwidth :       0 GB/s  (Utilization : 0 %)
  └───── Total effec Bandwidth :       0 GB/s

  ┌─────────────  [Link 11]   (HMC2_LK_D3)
  │              Read per link : 0
  │             Write per link : 0
  │            Atomic per link : 0
  │           Request per link : 0
  │          Response per link : 0
  │              Flow per link : 0
  │       Error abort per link : 0
  │       Active Pkt Bandwidth :       0 GB/s  (Utilization : 0 %)
  │      Passive Pkt Bandwidth :       0 GB/s  (Utilization : 0 %)
  │         Flow Pkt Bandwidth :       0 GB/s  (Utilization : 0 %)
  │       Downstream Bandwidth :       0 GB/s  (Utilization : 0 %)
  │         Upstream Bandwidth :       0 GB/s  (Utilization : 0 %)
  │            Total Bandwidth :       0 GB/s  (Utilization : 0 %)
  └───── Total effec Bandwidth :       0 GB/s

  ┌─────────────  [Link 12]   (HMC3_LK_D0)
  │              Read per link : 0
  │             Write per link : 0
  │            Atomic per link : 0
  │           Request per link : 0
  │          Response per link : 1628237
  │              Flow per link : 3861631
  │       Error abort per link : 0
  │       Active Pkt Bandwidth :       0 GB/s  (Utilization : 0 %)
  │      Passive Pkt Bandwidth : 2.89487 GB/s  (Utilization : 4.82479 %)
  │         Flow Pkt Bandwidth : 1.81464 GB/s  (Utilization : 3.02441 %)
  │       Downstream Bandwidth : 4.70952 GB/s  (Utilization : 7.84919 %)
  │         Upstream Bandwidth :       0 GB/s  (Utilization : 0 %)
  │            Total Bandwidth : 4.70952 GB/s  (Utilization : 3.9246 %)
  └───── Total effec Bandwidth : 2.12974 GB/s

  ┌─────────────  [Link 13]   (HMC3_LK_D1)
  │              Read per link : 0
  │             Write per link : 0
  │            Atomic per link : 0
  │           Request per link : 0
  │          Response per link : 0
  │              Flow per link : 0
  │       Error abort per link : 0
  │       Active Pkt Bandwidth :       0 GB/s  (Utilization : 0 %)
  │      Passive Pkt Bandwidth :       0 GB/s  (Utilization : 0 %)
  │         Flow Pkt Bandwidth :       0 GB/s  (Utilization : 0 %)
  │       Downstream Bandwidth :       0 GB/s  (Utilization : 0 %)
  │         Upstream Bandwidth :       0 GB/s  (Utilization : 0 %)
  │            Total Bandwidth :       0 GB/s  (Utilization : 0 %)
  └───── Total effec Bandwidth :       0 GB/s

  ┌─────────────  [Link 14]   (HMC3_LK_D2)
  │              Read per link : 0
  │             Write per link : 0
  │            Atomic per link : 0
  │           Request per link : 0
  │          Response per link : 0
  │              Flow per link : 0
  │       Error abort per link : 0
  │       Active Pkt Bandwidth :       0 GB/s  (Utilization : 0 %)
  │      Passive Pkt Bandwidth :       0 GB/s  (Utilization : 0 %)
  │         Flow Pkt Bandwidth :       0 GB/s  (Utilization : 0 %)
  │       Downstream Bandwidth :       0 GB/s  (Utilization : 0 %)
  │         Upstream Bandwidth :       0 GB/s  (Utilization : 0 %)
  │            Total Bandwidth :       0 GB/s  (Utilization : 0 %)
  └───── Total effec Bandwidth :       0 GB/s

  ┌─────────────  [Link 15]   (HMC3_LK_D3)
  │              Read per link : 0
  │             Write per link : 0
  │            Atomic per link : 0
  │           Request per link : 0
  │          Response per link : 0
  │              Flow per link : 0
  │       Error abort per link : 0
  │       Active Pkt Bandwidth :       0 GB/s  (Utilization : 0 %)
  │      Passive Pkt Bandwidth :       0 GB/s  (Utilization : 0 %)
  │         Flow Pkt Bandwidth :       0 GB/s  (Utilization : 0 %)
  │       Downstream Bandwidth :       0 GB/s  (Utilization : 0 %)
  │         Upstream Bandwidth :       0 GB/s  (Utilization : 0 %)
  │            Total Bandwidth :       0 GB/s  (Utilization : 0 %)
  └───── Total effec Bandwidth :       0 GB/s

  ┌─────────────  [Link 16]   (HMC4_LK_D0)
  │              Read per link : 0
  │             Write per link : 0
  │            Atomic per link : 0
  │           Request per link : 0
  │          Response per link : 0
  │              Flow per link : 0
  │       Error abort per link : 0
  │       Active Pkt Bandwidth :       0 GB/s  (Utilization : 0 %)
  │      Passive Pkt Bandwidth :       0 GB/s  (Utilization : 0 %)
  │         Flow Pkt Bandwidth :       0 GB/s  (Utilization : 0 %)
  │       Downstream Bandwidth :       0 GB/s  (Utilization : 0 %)
  │         Upstream Bandwidth :       0 GB/s  (Utilization : 0 %)
  │            Total Bandwidth :       0 GB/s  (Utilization : 0 %)
  └───── Total effec Bandwidth :       0 GB/s

  ┌─────────────  [Link 17]   (HMC4_LK_D1)
  │              Read per link : 0
  │             Write per link : 0
  │            Atomic per link : 0
  │           Request per link : 0
  │          Response per link : 1628905
  │              Flow per link : 3876070
  │       Error abort per link : 0
  │       Active Pkt Bandwidth :       0 GB/s  (Utilization : 0 %)
  │      Passive Pkt Bandwidth : 2.89621 GB/s  (Utilization : 4.82702 %)
  │         Flow Pkt Bandwidth : 1.82143 GB/s  (Utilization : 3.03572 %)
  │       Downstream Bandwidth : 4.71764 GB/s  (Utilization : 7.86273 %)
  │         Upstream Bandwidth :       0 GB/s  (Utilization : 0 %)
  │            Total Bandwidth : 4.71764 GB/s  (Utilization : 3.93137 %)
  └───── Total effec Bandwidth : 2.13076 GB/s

  ┌─────────────  [Link 18]   (HMC4_LK_D2)
  │              Read per link : 0
  │             Write per link : 0
  │            Atomic per link : 0
  │           Request per link : 0
  │          Response per link : 0
  │              Flow per link : 0
  │       Error abort per link : 0
  │       Active Pkt Bandwidth :       0 GB/s  (Utilization : 0 %)
  │      Passive Pkt Bandwidth :       0 GB/s  (Utilization : 0 %)
  │         Flow Pkt Bandwidth :       0 GB/s  (Utilization : 0 %)
  │       Downstream Bandwidth :       0 GB/s  (Utilization : 0 %)
  │         Upstream Bandwidth :       0 GB/s  (Utilization : 0 %)
  │            Total Bandwidth :       0 GB/s  (Utilization : 0 %)
  └───── Total effec Bandwidth :       0 GB/s

  ┌─────────────  [Link 19]   (HMC4_LK_D3)
  │              Read per link : 0
  │             Write per link : 0
  │            Atomic per link : 0
  │           Request per link : 0
  │          Response per link : 0
  │              Flow per link : 0
  │       Error abort per link : 0
  │       Active Pkt Bandwidth :       0 GB/s  (Utilization : 0 %)
  │      Passive Pkt Bandwidth :       0 GB/s  (Utilization : 0 %)
  │         Flow Pkt Bandwidth :       0 GB/s  (Utilization : 0 %)
  │       Downstream Bandwidth :       0 GB/s  (Utilization : 0 %)
  │         Upstream Bandwidth :       0 GB/s  (Utilization : 0 %)
  │            Total Bandwidth :       0 GB/s  (Utilization : 0 %)
  └───── Total effec Bandwidth :       0 GB/s

  ┌─────────────  [Link 20]   (HMC5_LK_D0)
  │              Read per link : 1133584
  │             Write per link : 495321
  │            Atomic per link : 0
  │           Request per link : 1628905
  │          Response per link : 0
  │              Flow per link : 4301696
  │       Error abort per link : 0
  │       Active Pkt Bandwidth :       0 GB/s  (Utilization : 0 %)
  │      Passive Pkt Bandwidth : 1.69649 GB/s  (Utilization : 2.82748 %)
  │         Flow Pkt Bandwidth : 2.02144 GB/s  (Utilization : 3.36906 %)
  │       Downstream Bandwidth : 3.71793 GB/s  (Utilization : 6.19654 %)
  │         Upstream Bandwidth :       0 GB/s  (Utilization : 0 %)
  │            Total Bandwidth : 3.71793 GB/s  (Utilization : 3.09827 %)
  └───── Total effec Bandwidth : 0.931038 GB/s

  ┌─────────────  [Link 21]   (HMC5_LK_U1)
  │              Read per link : 0
  │             Write per link : 0
  │            Atomic per link : 0
  │           Request per link : 0
  │          Response per link : 6638244
  │              Flow per link : 13094013
  │       Error abort per link : 0
  │       Active Pkt Bandwidth :       0 GB/s  (Utilization : 0 %)
  │      Passive Pkt Bandwidth : 11.7969 GB/s  (Utilization : 19.6615 %)
  │         Flow Pkt Bandwidth : 6.15309 GB/s  (Utilization : 10.2552 %)
  │       Downstream Bandwidth :       0 GB/s  (Utilization : 0 %)
  │         Upstream Bandwidth :   17.95 GB/s  (Utilization : 29.9167 %)
  │            Total Bandwidth :   17.95 GB/s  (Utilization : 14.9583 %)
  └───── Total effec Bandwidth : 8.67749 GB/s

  ┌─────────────  [Link 22]   (HMC5_LK_D2)
  │              Read per link : 1173949
  │             Write per link : 514652
  │            Atomic per link : 0
  │           Request per link : 1688601
  │          Response per link : 0
  │              Flow per link : 4457992
  │       Error abort per link : 0
  │       Active Pkt Bandwidth :       0 GB/s  (Utilization : 0 %)
  │      Passive Pkt Bandwidth : 1.76088 GB/s  (Utilization : 2.93479 %)
  │         Flow Pkt Bandwidth : 2.09488 GB/s  (Utilization : 3.49147 %)
  │       Downstream Bandwidth : 3.85576 GB/s  (Utilization : 6.42627 %)
  │         Upstream Bandwidth :       0 GB/s  (Utilization : 0 %)
  │            Total Bandwidth : 3.85576 GB/s  (Utilization : 3.21313 %)
  └───── Total effec Bandwidth : 0.967374 GB/s

  ┌─────────────  [Link 23]   (HMC5_LK_D3)
  │              Read per link : 1130864
  │             Write per link : 494387
  │            Atomic per link : 0
  │           Request per link : 1625251
  │          Response per link : 0
  │              Flow per link : 4292146
  │       Error abort per link : 0
  │       Active Pkt Bandwidth :       0 GB/s  (Utilization : 0 %)
  │      Passive Pkt Bandwidth : 1.69302 GB/s  (Utilization : 2.82169 %)
  │         Flow Pkt Bandwidth : 2.01695 GB/s  (Utilization : 3.36158 %)
  │       Downstream Bandwidth : 3.70997 GB/s  (Utilization : 6.18328 %)
  │         Upstream Bandwidth :       0 GB/s  (Utilization : 0 %)
  │            Total Bandwidth : 3.70997 GB/s  (Utilization : 3.09164 %)
  └───── Total effec Bandwidth : 0.929283 GB/s

  ┌─────────────  [Link 24]   (HMC6_LK_D0)
  │              Read per link : 0
  │             Write per link : 0
  │            Atomic per link : 0
  │           Request per link : 0
  │          Response per link : 0
  │              Flow per link : 0
  │       Error abort per link : 0
  │       Active Pkt Bandwidth :       0 GB/s  (Utilization : 0 %)
  │      Passive Pkt Bandwidth :       0 GB/s  (Utilization : 0 %)
  │         Flow Pkt Bandwidth :       0 GB/s  (Utilization : 0 %)
  │       Downstream Bandwidth :       0 GB/s  (Utilization : 0 %)
  │         Upstream Bandwidth :       0 GB/s  (Utilization : 0 %)
  │            Total Bandwidth :       0 GB/s  (Utilization : 0 %)
  └───── Total effec Bandwidth :       0 GB/s

  ┌─────────────  [Link 25]   (HMC6_LK_D1)
  │              Read per link : 0
  │             Write per link : 0
  │            Atomic per link : 0
  │           Request per link : 0
  │          Response per link : 1688601
  │              Flow per link : 4045518
  │       Error abort per link : 0
  │       Active Pkt Bandwidth :       0 GB/s  (Utilization : 0 %)
  │      Passive Pkt Bandwidth : 3.00013 GB/s  (Utilization : 5.00022 %)
  │         Flow Pkt Bandwidth : 1.90106 GB/s  (Utilization : 3.16843 %)
  │       Downstream Bandwidth : 4.90119 GB/s  (Utilization : 8.16865 %)
  │         Upstream Bandwidth :       0 GB/s  (Utilization : 0 %)
  │            Total Bandwidth : 4.90119 GB/s  (Utilization : 4.08433 %)
  └───── Total effec Bandwidth : 2.20663 GB/s

  ┌─────────────  [Link 26]   (HMC6_LK_D2)
  │              Read per link : 0
  │             Write per link : 0
  │            Atomic per link : 0
  │           Request per link : 0
  │          Response per link : 0
  │              Flow per link : 0
  │       Error abort per link : 0
  │       Active Pkt Bandwidth :       0 GB/s  (Utilization : 0 %)
  │      Passive Pkt Bandwidth :       0 GB/s  (Utilization : 0 %)
  │         Flow Pkt Bandwidth :       0 GB/s  (Utilization : 0 %)
  │       Downstream Bandwidth :       0 GB/s  (Utilization : 0 %)
  │         Upstream Bandwidth :       0 GB/s  (Utilization : 0 %)
  │            Total Bandwidth :       0 GB/s  (Utilization : 0 %)
  └───── Total effec Bandwidth :       0 GB/s

  ┌─────────────  [Link 27]   (HMC6_LK_D3)
  │              Read per link : 0
  │             Write per link : 0
  │            Atomic per link : 0
  │           Request per link : 0
  │          Response per link : 0
  │              Flow per link : 0
  │       Error abort per link : 0
  │       Active Pkt Bandwidth :       0 GB/s  (Utilization : 0 %)
  │      Passive Pkt Bandwidth :       0 GB/s  (Utilization : 0 %)
  │         Flow Pkt Bandwidth :       0 GB/s  (Utilization : 0 %)
  │       Downstream Bandwidth :       0 GB/s  (Utilization : 0 %)
  │         Upstream Bandwidth :       0 GB/s  (Utilization : 0 %)
  │            Total Bandwidth :       0 GB/s  (Utilization : 0 %)
  └───── Total effec Bandwidth :       0 GB/s

  ┌─────────────  [Link 28]   (HMC7_LK_D0)
  │              Read per link : 0
  │             Write per link : 0
  │            Atomic per link : 0
  │           Request per link : 0
  │          Response per link : 0
  │              Flow per link : 0
  │       Error abort per link : 0
  │       Active Pkt Bandwidth :       0 GB/s  (Utilization : 0 %)
  │      Passive Pkt Bandwidth :       0 GB/s  (Utilization : 0 %)
  │         Flow Pkt Bandwidth :       0 GB/s  (Utilization : 0 %)
  │       Downstream Bandwidth :       0 GB/s  (Utilization : 0 %)
  │         Upstream Bandwidth :       0 GB/s  (Utilization : 0 %)
  │            Total Bandwidth :       0 GB/s  (Utilization : 0 %)
  └───── Total effec Bandwidth :       0 GB/s

  ┌─────────────  [Link 29]   (HMC7_LK_D1)
  │              Read per link : 0
  │             Write per link : 0
  │            Atomic per link : 0
  │           Request per link : 0
  │          Response per link : 1625251
  │              Flow per link : 3867888
  │       Error abort per link : 0
  │       Active Pkt Bandwidth :       0 GB/s  (Utilization : 0 %)
  │      Passive Pkt Bandwidth : 2.88938 GB/s  (Utilization : 4.81563 %)
  │         Flow Pkt Bandwidth : 1.81758 GB/s  (Utilization : 3.02931 %)
  │       Downstream Bandwidth : 4.70696 GB/s  (Utilization : 7.84494 %)
  │         Upstream Bandwidth :       0 GB/s  (Utilization : 0 %)
  │            Total Bandwidth : 4.70696 GB/s  (Utilization : 3.92247 %)
  └───── Total effec Bandwidth : 2.12565 GB/s

  ┌─────────────  [Link 30]   (HMC7_LK_D2)
  │              Read per link : 0
  │             Write per link : 0
  │            Atomic per link : 0
  │           Request per link : 0
  │          Response per link : 0
  │              Flow per link : 0
  │       Error abort per link : 0
  │       Active Pkt Bandwidth :       0 GB/s  (Utilization : 0 %)
  │      Passive Pkt Bandwidth :       0 GB/s  (Utilization : 0 %)
  │         Flow Pkt Bandwidth :       0 GB/s  (Utilization : 0 %)
  │       Downstream Bandwidth :       0 GB/s  (Utilization : 0 %)
  │         Upstream Bandwidth :       0 GB/s  (Utilization : 0 %)
  │            Total Bandwidth :       0 GB/s  (Utilization : 0 %)
  └───── Total effec Bandwidth :       0 GB/s

  ┌─────────────  [Link 31]   (HMC7_LK_D3)
  │              Read per link : 0
  │             Write per link : 0
  │            Atomic per link : 0
  │           Request per link : 0
  │          Response per link : 0
  │              Flow per link : 0
  │       Error abort per link : 0
  │       Active Pkt Bandwidth :       0 GB/s  (Utilization : 0 %)
  │      Passive Pkt Bandwidth :       0 GB/s  (Utilization : 0 %)
  │         Flow Pkt Bandwidth :       0 GB/s  (Utilization : 0 %)
  │       Downstream Bandwidth :       0 GB/s  (Utilization : 0 %)
  │         Upstream Bandwidth :       0 GB/s  (Utilization : 0 %)
  │            Total Bandwidth :       0 GB/s  (Utilization : 0 %)
  └───── Total effec Bandwidth :       0 GB/s

  ┌─────────────  [Link 32]   (HMC8_LK_D0)
  │              Read per link : 0
  │             Write per link : 0
  │            Atomic per link : 0
  │           Request per link : 0
  │          Response per link : 0
  │              Flow per link : 0
  │       Error abort per link : 0
  │       Active Pkt Bandwidth :       0 GB/s  (Utilization : 0 %)
  │      Passive Pkt Bandwidth :       0 GB/s  (Utilization : 0 %)
  │         Flow Pkt Bandwidth :       0 GB/s  (Utilization : 0 %)
  │       Downstream Bandwidth :       0 GB/s  (Utilization : 0 %)
  │         Upstream Bandwidth :       0 GB/s  (Utilization : 0 %)
  │            Total Bandwidth :       0 GB/s  (Utilization : 0 %)
  └───── Total effec Bandwidth :       0 GB/s

  ┌─────────────  [Link 33]   (HMC8_LK_D1)
  │              Read per link : 0
  │             Write per link : 0
  │            Atomic per link : 0
  │           Request per link : 0
  │          Response per link : 0
  │              Flow per link : 0
  │       Error abort per link : 0
  │       Active Pkt Bandwidth :       0 GB/s  (Utilization : 0 %)
  │      Passive Pkt Bandwidth :       0 GB/s  (Utilization : 0 %)
  │         Flow Pkt Bandwidth :       0 GB/s  (Utilization : 0 %)
  │       Downstream Bandwidth :       0 GB/s  (Utilization : 0 %)
  │         Upstream Bandwidth :       0 GB/s  (Utilization : 0 %)
  │            Total Bandwidth :       0 GB/s  (Utilization : 0 %)
  └───── Total effec Bandwidth :       0 GB/s

  ┌─────────────  [Link 34]   (HMC8_LK_D2)
  │              Read per link : 0
  │             Write per link : 0
  │            Atomic per link : 0
  │           Request per link : 0
  │          Response per link : 1628918
  │              Flow per link : 3884662
  │       Error abort per link : 0
  │       Active Pkt Bandwidth :       0 GB/s  (Utilization : 0 %)
  │      Passive Pkt Bandwidth : 2.89652 GB/s  (Utilization : 4.82753 %)
  │         Flow Pkt Bandwidth : 1.82547 GB/s  (Utilization : 3.04245 %)
  │       Downstream Bandwidth : 4.72199 GB/s  (Utilization : 7.86998 %)
  │         Upstream Bandwidth :       0 GB/s  (Utilization : 0 %)
  │            Total Bandwidth : 4.72199 GB/s  (Utilization : 3.93499 %)
  └───── Total effec Bandwidth : 2.13106 GB/s

  ┌─────────────  [Link 35]   (HMC8_LK_D3)
  │              Read per link : 0
  │             Write per link : 0
  │            Atomic per link : 0
  │           Request per link : 0
  │          Response per link : 0
  │              Flow per link : 0
  │       Error abort per link : 0
  │       Active Pkt Bandwidth :       0 GB/s  (Utilization : 0 %)
  │      Passive Pkt Bandwidth :       0 GB/s  (Utilization : 0 %)
  │         Flow Pkt Bandwidth :       0 GB/s  (Utilization : 0 %)
  │       Downstream Bandwidth :       0 GB/s  (Utilization : 0 %)
  │         Upstream Bandwidth :       0 GB/s  (Utilization : 0 %)
  │            Total Bandwidth :       0 GB/s  (Utilization : 0 %)
  └───── Total effec Bandwidth :       0 GB/s

  ┌─────────────  [Link 36]   (HMC9_LK_D0)
  │              Read per link : 0
  │             Write per link : 0
  │            Atomic per link : 0
  │           Request per link : 0
  │          Response per link : 0
  │              Flow per link : 0
  │       Error abort per link : 0
  │       Active Pkt Bandwidth :       0 GB/s  (Utilization : 0 %)
  │      Passive Pkt Bandwidth :       0 GB/s  (Utilization : 0 %)
  │         Flow Pkt Bandwidth :       0 GB/s  (Utilization : 0 %)
  │       Downstream Bandwidth :       0 GB/s  (Utilization : 0 %)
  │         Upstream Bandwidth :       0 GB/s  (Utilization : 0 %)
  │            Total Bandwidth :       0 GB/s  (Utilization : 0 %)
  └───── Total effec Bandwidth :       0 GB/s

  ┌─────────────  [Link 37]   (HMC9_LK_D1)
  │              Read per link : 0
  │             Write per link : 0
  │            Atomic per link : 0
  │           Request per link : 0
  │          Response per link : 0
  │              Flow per link : 0
  │       Error abort per link : 0
  │       Active Pkt Bandwidth :       0 GB/s  (Utilization : 0 %)
  │      Passive Pkt Bandwidth :       0 GB/s  (Utilization : 0 %)
  │         Flow Pkt Bandwidth :       0 GB/s  (Utilization : 0 %)
  │       Downstream Bandwidth :       0 GB/s  (Utilization : 0 %)
  │         Upstream Bandwidth :       0 GB/s  (Utilization : 0 %)
  │            Total Bandwidth :       0 GB/s  (Utilization : 0 %)
  └───── Total effec Bandwidth :       0 GB/s

  ┌─────────────  [Link 38]   (HMC9_LK_D2)
  │              Read per link : 0
  │             Write per link : 0
  │            Atomic per link : 0
  │           Request per link : 0
  │          Response per link : 1694702
  │              Flow per link : 4066792
  │       Error abort per link : 0
  │       Active Pkt Bandwidth :       0 GB/s  (Utilization : 0 %)
  │      Passive Pkt Bandwidth : 3.01007 GB/s  (Utilization : 5.01679 %)
  │         Flow Pkt Bandwidth : 1.91105 GB/s  (Utilization : 3.18509 %)
  │       Downstream Bandwidth : 4.92113 GB/s  (Utilization : 8.20188 %)
  │         Upstream Bandwidth :       0 GB/s  (Utilization : 0 %)
  │            Total Bandwidth : 4.92113 GB/s  (Utilization : 4.10094 %)
  └───── Total effec Bandwidth : 2.21371 GB/s

  ┌─────────────  [Link 39]   (HMC9_LK_D3)
  │              Read per link : 0
  │             Write per link : 0
  │            Atomic per link : 0
  │           Request per link : 0
  │          Response per link : 0
  │              Flow per link : 0
  │       Error abort per link : 0
  │       Active Pkt Bandwidth :       0 GB/s  (Utilization : 0 %)
  │      Passive Pkt Bandwidth :       0 GB/s  (Utilization : 0 %)
  │         Flow Pkt Bandwidth :       0 GB/s  (Utilization : 0 %)
  │       Downstream Bandwidth :       0 GB/s  (Utilization : 0 %)
  │         Upstream Bandwidth :       0 GB/s  (Utilization : 0 %)
  │            Total Bandwidth :       0 GB/s  (Utilization : 0 %)
  └───── Total effec Bandwidth :       0 GB/s

  ┌─────────────  [Link 40]   (HMC10_LK_D0)
  │              Read per link : 1133746
  │             Write per link : 495172
  │            Atomic per link : 0
  │           Request per link : 1628918
  │          Response per link : 0
  │              Flow per link : 4306399
  │       Error abort per link : 0
  │       Active Pkt Bandwidth :       0 GB/s  (Utilization : 0 %)
  │      Passive Pkt Bandwidth : 1.69621 GB/s  (Utilization : 2.82702 %)
  │         Flow Pkt Bandwidth : 2.02365 GB/s  (Utilization : 3.37275 %)
  │       Downstream Bandwidth : 3.71986 GB/s  (Utilization : 6.19977 %)
  │         Upstream Bandwidth :       0 GB/s  (Utilization : 0 %)
  │            Total Bandwidth : 3.71986 GB/s  (Utilization : 3.09989 %)
  └───── Total effec Bandwidth : 0.930758 GB/s

  ┌─────────────  [Link 41]   (HMC10_LK_D1)
  │              Read per link : 1177712
  │             Write per link : 516990
  │            Atomic per link : 0
  │           Request per link : 1694702
  │          Response per link : 0
  │              Flow per link : 4477531
  │       Error abort per link : 0
  │       Active Pkt Bandwidth :       0 GB/s  (Utilization : 0 %)
  │      Passive Pkt Bandwidth : 1.76814 GB/s  (Utilization : 2.9469 %)
  │         Flow Pkt Bandwidth : 2.10407 GB/s  (Utilization : 3.50678 %)
  │       Downstream Bandwidth :  3.8722 GB/s  (Utilization : 6.45367 %)
  │         Upstream Bandwidth :       0 GB/s  (Utilization : 0 %)
  │            Total Bandwidth :  3.8722 GB/s  (Utilization : 3.22684 %)
  └───── Total effec Bandwidth : 0.971769 GB/s

  ┌─────────────  [Link 42]   (HMC10_LK_U2)
  │              Read per link : 0
  │             Write per link : 0
  │            Atomic per link : 0
  │           Request per link : 0
  │          Response per link : 6644181
  │              Flow per link : 13131095
  │       Error abort per link : 0
  │       Active Pkt Bandwidth :       0 GB/s  (Utilization : 0 %)
  │      Passive Pkt Bandwidth : 11.8074 GB/s  (Utilization : 19.679 %)
  │         Flow Pkt Bandwidth : 6.17052 GB/s  (Utilization : 10.2842 %)
  │       Downstream Bandwidth :       0 GB/s  (Utilization : 0 %)
  │         Upstream Bandwidth : 17.9779 GB/s  (Utilization : 29.9632 %)
  │            Total Bandwidth : 17.9779 GB/s  (Utilization : 14.9816 %)
  └───── Total effec Bandwidth : 8.68516 GB/s

  ┌─────────────  [Link 43]   (HMC10_LK_D3)
  │              Read per link : 1132927
  │             Write per link : 495164
  │            Atomic per link : 0
  │           Request per link : 1628091
  │          Response per link : 0
  │              Flow per link : 4304800
  │       Error abort per link : 0
  │       Active Pkt Bandwidth :       0 GB/s  (Utilization : 0 %)
  │      Passive Pkt Bandwidth : 1.69581 GB/s  (Utilization : 2.82635 %)
  │         Flow Pkt Bandwidth :  2.0229 GB/s  (Utilization : 3.3715 %)
  │       Downstream Bandwidth : 3.71871 GB/s  (Utilization : 6.19785 %)
  │         Upstream Bandwidth :       0 GB/s  (Utilization : 0 %)
  │            Total Bandwidth : 3.71871 GB/s  (Utilization : 3.09892 %)
  └───── Total effec Bandwidth : 0.930743 GB/s

  ┌─────────────  [Link 44]   (HMC11_LK_D0)
  │              Read per link : 0
  │             Write per link : 0
  │            Atomic per link : 0
  │           Request per link : 0
  │          Response per link : 0
  │              Flow per link : 0
  │       Error abort per link : 0
  │       Active Pkt Bandwidth :       0 GB/s  (Utilization : 0 %)
  │      Passive Pkt Bandwidth :       0 GB/s  (Utilization : 0 %)
  │         Flow Pkt Bandwidth :       0 GB/s  (Utilization : 0 %)
  │       Downstream Bandwidth :       0 GB/s  (Utilization : 0 %)
  │         Upstream Bandwidth :       0 GB/s  (Utilization : 0 %)
  │            Total Bandwidth :       0 GB/s  (Utilization : 0 %)
  └───── Total effec Bandwidth :       0 GB/s

  ┌─────────────  [Link 45]   (HMC11_LK_D1)
  │              Read per link : 0
  │             Write per link : 0
  │            Atomic per link : 0
  │           Request per link : 0
  │          Response per link : 0
  │              Flow per link : 0
  │       Error abort per link : 0
  │       Active Pkt Bandwidth :       0 GB/s  (Utilization : 0 %)
  │      Passive Pkt Bandwidth :       0 GB/s  (Utilization : 0 %)
  │         Flow Pkt Bandwidth :       0 GB/s  (Utilization : 0 %)
  │       Downstream Bandwidth :       0 GB/s  (Utilization : 0 %)
  │         Upstream Bandwidth :       0 GB/s  (Utilization : 0 %)
  │            Total Bandwidth :       0 GB/s  (Utilization : 0 %)
  └───── Total effec Bandwidth :       0 GB/s

  ┌─────────────  [Link 46]   (HMC11_LK_D2)
  │              Read per link : 0
  │             Write per link : 0
  │            Atomic per link : 0
  │           Request per link : 0
  │          Response per link : 1628091
  │              Flow per link : 3884160
  │       Error abort per link : 0
  │       Active Pkt Bandwidth :       0 GB/s  (Utilization : 0 %)
  │      Passive Pkt Bandwidth : 2.89459 GB/s  (Utilization : 4.82432 %)
  │         Flow Pkt Bandwidth : 1.82523 GB/s  (Utilization : 3.04205 %)
  │       Downstream Bandwidth : 4.71982 GB/s  (Utilization : 7.86637 %)
  │         Upstream Bandwidth :       0 GB/s  (Utilization : 0 %)
  │            Total Bandwidth : 4.71982 GB/s  (Utilization : 3.93319 %)
  └───── Total effec Bandwidth : 2.12952 GB/s

  ┌─────────────  [Link 47]   (HMC11_LK_D3)
  │              Read per link : 0
  │             Write per link : 0
  │            Atomic per link : 0
  │           Request per link : 0
  │          Response per link : 0
  │              Flow per link : 0
  │       Error abort per link : 0
  │       Active Pkt Bandwidth :       0 GB/s  (Utilization : 0 %)
  │      Passive Pkt Bandwidth :       0 GB/s  (Utilization : 0 %)
  │         Flow Pkt Bandwidth :       0 GB/s  (Utilization : 0 %)
  │       Downstream Bandwidth :       0 GB/s  (Utilization : 0 %)
  │         Upstream Bandwidth :       0 GB/s  (Utilization : 0 %)
  │            Total Bandwidth :       0 GB/s  (Utilization : 0 %)
  └───── Total effec Bandwidth :       0 GB/s

  ┌─────────────  [Link 48]   (HMC12_LK_D0)
  │              Read per link : 0
  │             Write per link : 0
  │            Atomic per link : 0
  │           Request per link : 0
  │          Response per link : 0
  │              Flow per link : 0
  │       Error abort per link : 0
  │       Active Pkt Bandwidth :       0 GB/s  (Utilization : 0 %)
  │      Passive Pkt Bandwidth :       0 GB/s  (Utilization : 0 %)
  │         Flow Pkt Bandwidth :       0 GB/s  (Utilization : 0 %)
  │       Downstream Bandwidth :       0 GB/s  (Utilization : 0 %)
  │         Upstream Bandwidth :       0 GB/s  (Utilization : 0 %)
  │            Total Bandwidth :       0 GB/s  (Utilization : 0 %)
  └───── Total effec Bandwidth :       0 GB/s

  ┌─────────────  [Link 49]   (HMC12_LK_D1)
  │              Read per link : 0
  │             Write per link : 0
  │            Atomic per link : 0
  │           Request per link : 0
  │          Response per link : 0
  │              Flow per link : 0
  │       Error abort per link : 0
  │       Active Pkt Bandwidth :       0 GB/s  (Utilization : 0 %)
  │      Passive Pkt Bandwidth :       0 GB/s  (Utilization : 0 %)
  │         Flow Pkt Bandwidth :       0 GB/s  (Utilization : 0 %)
  │       Downstream Bandwidth :       0 GB/s  (Utilization : 0 %)
  │         Upstream Bandwidth :       0 GB/s  (Utilization : 0 %)
  │            Total Bandwidth :       0 GB/s  (Utilization : 0 %)
  └───── Total effec Bandwidth :       0 GB/s

  ┌─────────────  [Link 50]   (HMC12_LK_D2)
  │              Read per link : 0
  │             Write per link : 0
  │            Atomic per link : 0
  │           Request per link : 0
  │          Response per link : 0
  │              Flow per link : 0
  │       Error abort per link : 0
  │       Active Pkt Bandwidth :       0 GB/s  (Utilization : 0 %)
  │      Passive Pkt Bandwidth :       0 GB/s  (Utilization : 0 %)
  │         Flow Pkt Bandwidth :       0 GB/s  (Utilization : 0 %)
  │       Downstream Bandwidth :       0 GB/s  (Utilization : 0 %)
  │         Upstream Bandwidth :       0 GB/s  (Utilization : 0 %)
  │            Total Bandwidth :       0 GB/s  (Utilization : 0 %)
  └───── Total effec Bandwidth :       0 GB/s

  ┌─────────────  [Link 51]   (HMC12_LK_D3)
  │              Read per link : 0
  │             Write per link : 0
  │            Atomic per link : 0
  │           Request per link : 0
  │          Response per link : 1623136
  │              Flow per link : 3844002
  │       Error abort per link : 0
  │       Active Pkt Bandwidth :       0 GB/s  (Utilization : 0 %)
  │      Passive Pkt Bandwidth : 2.88615 GB/s  (Utilization : 4.81026 %)
  │         Flow Pkt Bandwidth : 1.80636 GB/s  (Utilization : 3.0106 %)
  │       Downstream Bandwidth : 4.69252 GB/s  (Utilization : 7.82086 %)
  │         Upstream Bandwidth :       0 GB/s  (Utilization : 0 %)
  │            Total Bandwidth : 4.69252 GB/s  (Utilization : 3.91043 %)
  └───── Total effec Bandwidth : 2.12342 GB/s

  ┌─────────────  [Link 52]   (HMC13_LK_D0)
  │              Read per link : 0
  │             Write per link : 0
  │            Atomic per link : 0
  │           Request per link : 0
  │          Response per link : 0
  │              Flow per link : 0
  │       Error abort per link : 0
  │       Active Pkt Bandwidth :       0 GB/s  (Utilization : 0 %)
  │      Passive Pkt Bandwidth :       0 GB/s  (Utilization : 0 %)
  │         Flow Pkt Bandwidth :       0 GB/s  (Utilization : 0 %)
  │       Downstream Bandwidth :       0 GB/s  (Utilization : 0 %)
  │         Upstream Bandwidth :       0 GB/s  (Utilization : 0 %)
  │            Total Bandwidth :       0 GB/s  (Utilization : 0 %)
  └───── Total effec Bandwidth :       0 GB/s

  ┌─────────────  [Link 53]   (HMC13_LK_D1)
  │              Read per link : 0
  │             Write per link : 0
  │            Atomic per link : 0
  │           Request per link : 0
  │          Response per link : 0
  │              Flow per link : 0
  │       Error abort per link : 0
  │       Active Pkt Bandwidth :       0 GB/s  (Utilization : 0 %)
  │      Passive Pkt Bandwidth :       0 GB/s  (Utilization : 0 %)
  │         Flow Pkt Bandwidth :       0 GB/s  (Utilization : 0 %)
  │       Downstream Bandwidth :       0 GB/s  (Utilization : 0 %)
  │         Upstream Bandwidth :       0 GB/s  (Utilization : 0 %)
  │            Total Bandwidth :       0 GB/s  (Utilization : 0 %)
  └───── Total effec Bandwidth :       0 GB/s

  ┌─────────────  [Link 54]   (HMC13_LK_D2)
  │              Read per link : 0
  │             Write per link : 0
  │            Atomic per link : 0
  │           Request per link : 0
  │          Response per link : 0
  │              Flow per link : 0
  │       Error abort per link : 0
  │       Active Pkt Bandwidth :       0 GB/s  (Utilization : 0 %)
  │      Passive Pkt Bandwidth :       0 GB/s  (Utilization : 0 %)
  │         Flow Pkt Bandwidth :       0 GB/s  (Utilization : 0 %)
  │       Downstream Bandwidth :       0 GB/s  (Utilization : 0 %)
  │         Upstream Bandwidth :       0 GB/s  (Utilization : 0 %)
  │            Total Bandwidth :       0 GB/s  (Utilization : 0 %)
  └───── Total effec Bandwidth :       0 GB/s

  ┌─────────────  [Link 55]   (HMC13_LK_D3)
  │              Read per link : 0
  │             Write per link : 0
  │            Atomic per link : 0
  │           Request per link : 0
  │          Response per link : 1695404
  │              Flow per link : 4000533
  │       Error abort per link : 0
  │       Active Pkt Bandwidth :       0 GB/s  (Utilization : 0 %)
  │      Passive Pkt Bandwidth : 3.01149 GB/s  (Utilization : 5.01916 %)
  │         Flow Pkt Bandwidth : 1.87992 GB/s  (Utilization : 3.13319 %)
  │       Downstream Bandwidth : 4.89141 GB/s  (Utilization : 8.15235 %)
  │         Upstream Bandwidth :       0 GB/s  (Utilization : 0 %)
  │            Total Bandwidth : 4.89141 GB/s  (Utilization : 4.07618 %)
  └───── Total effec Bandwidth :  2.2148 GB/s

  ┌─────────────  [Link 56]   (HMC14_LK_D0)
  │              Read per link : 0
  │             Write per link : 0
  │            Atomic per link : 0
  │           Request per link : 0
  │          Response per link : 0
  │              Flow per link : 0
  │       Error abort per link : 0
  │       Active Pkt Bandwidth :       0 GB/s  (Utilization : 0 %)
  │      Passive Pkt Bandwidth :       0 GB/s  (Utilization : 0 %)
  │         Flow Pkt Bandwidth :       0 GB/s  (Utilization : 0 %)
  │       Downstream Bandwidth :       0 GB/s  (Utilization : 0 %)
  │         Upstream Bandwidth :       0 GB/s  (Utilization : 0 %)
  │            Total Bandwidth :       0 GB/s  (Utilization : 0 %)
  └───── Total effec Bandwidth :       0 GB/s

  ┌─────────────  [Link 57]   (HMC14_LK_D1)
  │              Read per link : 0
  │             Write per link : 0
  │            Atomic per link : 0
  │           Request per link : 0
  │          Response per link : 0
  │              Flow per link : 0
  │       Error abort per link : 0
  │       Active Pkt Bandwidth :       0 GB/s  (Utilization : 0 %)
  │      Passive Pkt Bandwidth :       0 GB/s  (Utilization : 0 %)
  │         Flow Pkt Bandwidth :       0 GB/s  (Utilization : 0 %)
  │       Downstream Bandwidth :       0 GB/s  (Utilization : 0 %)
  │         Upstream Bandwidth :       0 GB/s  (Utilization : 0 %)
  │            Total Bandwidth :       0 GB/s  (Utilization : 0 %)
  └───── Total effec Bandwidth :       0 GB/s

  ┌─────────────  [Link 58]   (HMC14_LK_D2)
  │              Read per link : 0
  │             Write per link : 0
  │            Atomic per link : 0
  │           Request per link : 0
  │          Response per link : 0
  │              Flow per link : 0
  │       Error abort per link : 0
  │       Active Pkt Bandwidth :       0 GB/s  (Utilization : 0 %)
  │      Passive Pkt Bandwidth :       0 GB/s  (Utilization : 0 %)
  │         Flow Pkt Bandwidth :       0 GB/s  (Utilization : 0 %)
  │       Downstream Bandwidth :       0 GB/s  (Utilization : 0 %)
  │         Upstream Bandwidth :       0 GB/s  (Utilization : 0 %)
  │            Total Bandwidth :       0 GB/s  (Utilization : 0 %)
  └───── Total effec Bandwidth :       0 GB/s

  ┌─────────────  [Link 59]   (HMC14_LK_D3)
  │              Read per link : 0
  │             Write per link : 0
  │            Atomic per link : 0
  │           Request per link : 0
  │          Response per link : 1693763
  │              Flow per link : 3996320
  │       Error abort per link : 0
  │       Active Pkt Bandwidth :       0 GB/s  (Utilization : 0 %)
  │      Passive Pkt Bandwidth : 3.00877 GB/s  (Utilization : 5.01462 %)
  │         Flow Pkt Bandwidth : 1.87794 GB/s  (Utilization : 3.1299 %)
  │       Downstream Bandwidth : 4.88671 GB/s  (Utilization : 8.14452 %)
  │         Upstream Bandwidth :       0 GB/s  (Utilization : 0 %)
  │            Total Bandwidth : 4.88671 GB/s  (Utilization : 4.07226 %)
  └───── Total effec Bandwidth : 2.21284 GB/s

  ┌─────────────  [Link 60]   (HMC15_LK_D0)
  │              Read per link : 1129677
  │             Write per link : 493459
  │            Atomic per link : 0
  │           Request per link : 1623136
  │          Response per link : 0
  │              Flow per link : 4247261
  │       Error abort per link : 0
  │       Active Pkt Bandwidth :       0 GB/s  (Utilization : 0 %)
  │      Passive Pkt Bandwidth : 1.69028 GB/s  (Utilization : 2.81713 %)
  │         Flow Pkt Bandwidth : 1.99586 GB/s  (Utilization : 3.32643 %)
  │       Downstream Bandwidth : 3.68614 GB/s  (Utilization : 6.14356 %)
  │         Upstream Bandwidth :       0 GB/s  (Utilization : 0 %)
  │            Total Bandwidth : 3.68614 GB/s  (Utilization : 3.07178 %)
  └───── Total effec Bandwidth : 0.927538 GB/s

  ┌─────────────  [Link 61]   (HMC15_LK_D1)
  │              Read per link : 1178292
  │             Write per link : 517112
  │            Atomic per link : 0
  │           Request per link : 1695404
  │          Response per link : 0
  │              Flow per link : 4420998
  │       Error abort per link : 0
  │       Active Pkt Bandwidth :       0 GB/s  (Utilization : 0 %)
  │      Passive Pkt Bandwidth :  1.7687 GB/s  (Utilization : 2.94783 %)
  │         Flow Pkt Bandwidth :  2.0775 GB/s  (Utilization : 3.4625 %)
  │       Downstream Bandwidth :  3.8462 GB/s  (Utilization : 6.41033 %)
  │         Upstream Bandwidth :       0 GB/s  (Utilization : 0 %)
  │            Total Bandwidth :  3.8462 GB/s  (Utilization : 3.20516 %)
  └───── Total effec Bandwidth : 0.971998 GB/s

  ┌─────────────  [Link 62]   (HMC15_LK_D2)
  │              Read per link : 1177254
  │             Write per link : 516509
  │            Atomic per link : 0
  │           Request per link : 1693763
  │          Response per link : 0
  │              Flow per link : 4417342
  │       Error abort per link : 0
  │       Active Pkt Bandwidth :       0 GB/s  (Utilization : 0 %)
  │      Passive Pkt Bandwidth : 1.76679 GB/s  (Utilization : 2.94465 %)
  │         Flow Pkt Bandwidth : 2.07578 GB/s  (Utilization : 3.45964 %)
  │       Downstream Bandwidth : 3.84257 GB/s  (Utilization : 6.40429 %)
  │         Upstream Bandwidth :       0 GB/s  (Utilization : 0 %)
  │            Total Bandwidth : 3.84257 GB/s  (Utilization : 3.20215 %)
  └───── Total effec Bandwidth : 0.970865 GB/s

  ┌─────────────  [Link 63]   (HMC15_LK_U3)
  │              Read per link : 0
  │             Write per link : 0
  │            Atomic per link : 0
  │           Request per link : 0
  │          Response per link : 6639113
  │              Flow per link : 12135401
  │       Error abort per link : 0
  │       Active Pkt Bandwidth :       0 GB/s  (Utilization : 0 %)
  │      Passive Pkt Bandwidth : 11.7981 GB/s  (Utilization : 19.6635 %)
  │         Flow Pkt Bandwidth : 5.70263 GB/s  (Utilization : 9.50438 %)
  │       Downstream Bandwidth :       0 GB/s  (Utilization : 0 %)
  │         Upstream Bandwidth : 17.5007 GB/s  (Utilization : 29.1679 %)
  │            Total Bandwidth : 17.5007 GB/s  (Utilization : 14.5839 %)
  └───── Total effec Bandwidth : 8.67826 GB/s

  ┌─────────────  [Link 64]   (HC0_LK_D0)
  │              Read per link : 4619758
  │             Write per link : 2023247
  │            Atomic per link : 0
  │           Request per link : 6643005
  │          Response per link : 0
  │              Flow per link : 13868375
  │       Error abort per link : 0
  │       Active Pkt Bandwidth :       0 GB/s  (Utilization : 0 %)
  │      Passive Pkt Bandwidth : 6.92469 GB/s  (Utilization : 11.5411 %)
  │         Flow Pkt Bandwidth : 6.51698 GB/s  (Utilization : 10.8616 %)
  │       Downstream Bandwidth : 13.4417 GB/s  (Utilization : 22.4028 %)
  │         Upstream Bandwidth :       0 GB/s  (Utilization : 0 %)
  │            Total Bandwidth : 13.4417 GB/s  (Utilization : 11.2014 %)
  └───── Total effec Bandwidth : 3.80303 GB/s

  ┌─────────────  [Link 65]   (HC1_LK_D0)
  │              Read per link : 4616504
  │             Write per link : 2021740
  │            Atomic per link : 0
  │           Request per link : 6638244
  │          Response per link : 0
  │              Flow per link : 14135219
  │       Error abort per link : 0
  │       Active Pkt Bandwidth :       0 GB/s  (Utilization : 0 %)
  │      Passive Pkt Bandwidth : 6.91962 GB/s  (Utilization : 11.5327 %)
  │         Flow Pkt Bandwidth : 6.64237 GB/s  (Utilization : 11.0706 %)
  │       Downstream Bandwidth :  13.562 GB/s  (Utilization : 22.6033 %)
  │         Upstream Bandwidth :       0 GB/s  (Utilization : 0 %)
  │            Total Bandwidth :  13.562 GB/s  (Utilization : 11.3017 %)
  └───── Total effec Bandwidth :  3.8002 GB/s

  ┌─────────────  [Link 66]   (HC2_LK_D0)
  │              Read per link : 4620587
  │             Write per link : 2023594
  │            Atomic per link : 0
  │           Request per link : 6644181
  │          Response per link : 0
  │              Flow per link : 14187974
  │       Error abort per link : 0
  │       Active Pkt Bandwidth :       0 GB/s  (Utilization : 0 %)
  │      Passive Pkt Bandwidth : 6.92589 GB/s  (Utilization : 11.5432 %)
  │         Flow Pkt Bandwidth : 6.66716 GB/s  (Utilization : 11.1119 %)
  │       Downstream Bandwidth : 13.5931 GB/s  (Utilization : 22.6551 %)
  │         Upstream Bandwidth :       0 GB/s  (Utilization : 0 %)
  │            Total Bandwidth : 13.5931 GB/s  (Utilization : 11.3275 %)
  └───── Total effec Bandwidth : 3.80368 GB/s

  ┌─────────────  [Link 67]   (HC3_LK_D0)
  │              Read per link : 4616917
  │             Write per link : 2022196
  │            Atomic per link : 0
  │           Request per link : 6639113
  │          Response per link : 0
  │              Flow per link : 13809850
  │       Error abort per link : 0
  │       Active Pkt Bandwidth :       0 GB/s  (Utilization : 0 %)
  │      Passive Pkt Bandwidth : 6.92088 GB/s  (Utilization : 11.5348 %)
  │         Flow Pkt Bandwidth : 6.48948 GB/s  (Utilization : 10.8158 %)
  │       Downstream Bandwidth : 13.4104 GB/s  (Utilization : 22.3506 %)
  │         Upstream Bandwidth :       0 GB/s  (Utilization : 0 %)
  │            Total Bandwidth : 13.4104 GB/s  (Utilization : 11.1753 %)
  └───── Total effec Bandwidth : 3.80105 GB/s

  Operand buffer stalls : [0] 0  [1] 0  [2] 0  [3] 0  [4] 0  [5] 0  [6] 0  [7] 0  [8] 0  [9] 0  [10] 0  [11] 0  [12] 0  [13] 0  [14] 0  [15] 0  
  Total operand buffer stalls 0

  Number of updates : [0] 0  [1] 0  [2] 0  [3] 0  [4] 0  [5] 0  [6] 0  [7] 0  [8] 0  [9] 0  [10] 0  [11] 0  [12] 0  [13] 0  [14] 0  [15] 0  

  Number of operands : [0] 0  [1] 0  [2] 0  [3] 0  [4] 0  [5] 0  [6] 0  [7] 0  [8] 0  [9] 0  [10] 0  [11] 0  [12] 0  [13] 0  [14] 0  [15] 0  

