****************************************************************
*                      CasHMC version 1.1                      *
*                       result log file                        *
*            Date : 2018/07/24      Time : 14:25:09            *
****************************************************************

- Trace type : 
  ============= CasHMC statistic result =============

  Elapsed epoch : 20
  Elapsed clock : 20794729

        HMC bandwidth : 2.96841 GB/s  (Considered only data size)
    Link HC bandwidth : 14.1629 GB/s  (Bandwidth flowing into HMC Network)
       Link bandwidth :  81.772 GB/s  (Sum of bandwidth over 68 Links, Included flow packet)
 Effec Link bandwidth : 14.1915 GB/s  (Data bandwidth(sum) regardless of packet header and tail over 68 Links)
 Ef Link HC bandwidth : 1.15655 GB/s  (Data bandwidth(sum) regardless of packet header and tail over CPU links injecting into HMCNET)
     Link utilization : 2.00422 %     (Max link bandwidth : 480 GB/S)

    Tran latency mean : 56.912 ns
                 std  : 22.4884 ns
                 max  : 986.5 ns
                 min  : 28 ns
    Link latency mean : 1.45308e+06 ns
                 std  : 944777 ns
                 max  : 3.89893e+06 ns
                 min  : 25 ns
   Vault latency mean : 25.2368 ns
                 std  : 6.17065 ns
                 max  : 307.2 ns
                 min  : 19.2 ns
   Retry latency mean : 0 ns
                 std  : 0 ns
                 max  : 0 ns
                 min  : 0 ns

           Read count : 553169
          Write count : 353285
         Atomic count : 12613040
        Request count : 13519494
       Response count : 7182811
           Flow count : 26447223
    Transaction count : 517806
    Error abort count : 0
    Error retry count : 0

  ┌─────────────  [Link 0]   (HMC0_LK_U0)
  │              Read per link : 0
  │             Write per link : 0
  │            Atomic per link : 0
  │           Request per link : 0
  │          Response per link : 133391
  │              Flow per link : 7106944
  │       Error abort per link : 0
  │       Active Pkt Bandwidth : 0.0117405 GB/s  (Utilization : 0.0195675 %)
  │      Passive Pkt Bandwidth : 0.637764 GB/s  (Utilization : 1.06294 %)
  │         Flow Pkt Bandwidth : 10.1854 GB/s  (Utilization : 16.9757 %)
  │       Downstream Bandwidth :       0 GB/s  (Utilization : 0 %)
  │         Upstream Bandwidth : 10.8349 GB/s  (Utilization : 18.0582 %)
  │            Total Bandwidth : 10.8349 GB/s  (Utilization : 9.02912 %)
  └───── Total effec Bandwidth : 0.458333 GB/s

  ┌─────────────  [Link 1]   (HMC0_LK_D1)
  │              Read per link : 19117
  │             Write per link : 11880
  │            Atomic per link : 1310720
  │           Request per link : 1341717
  │          Response per link : 0
  │              Flow per link : 1511829
  │       Error abort per link : 0
  │       Active Pkt Bandwidth : 1.87848 GB/s  (Utilization : 3.1308 %)
  │      Passive Pkt Bandwidth : 0.112528 GB/s  (Utilization : 0.187547 %)
  │         Flow Pkt Bandwidth :  2.1667 GB/s  (Utilization : 3.61117 %)
  │       Downstream Bandwidth : 4.15771 GB/s  (Utilization : 6.92952 %)
  │         Upstream Bandwidth :       0 GB/s  (Utilization : 0 %)
  │            Total Bandwidth : 4.15771 GB/s  (Utilization : 3.46476 %)
  └───── Total effec Bandwidth : 0.0681041 GB/s

  ┌─────────────  [Link 2]   (HMC0_LK_D2)
  │              Read per link : 20612
  │             Write per link : 12326
  │            Atomic per link : 5031130
  │           Request per link : 5064068
  │          Response per link : 0
  │              Flow per link : 2798453
  │       Error abort per link : 0
  │       Active Pkt Bandwidth : 7.21199 GB/s  (Utilization : 12.02 %)
  │      Passive Pkt Bandwidth : 0.117867 GB/s  (Utilization : 0.196444 %)
  │         Flow Pkt Bandwidth : 4.01065 GB/s  (Utilization : 6.68442 %)
  │       Downstream Bandwidth : 11.3405 GB/s  (Utilization : 18.9008 %)
  │         Upstream Bandwidth :       0 GB/s  (Utilization : 0 %)
  │            Total Bandwidth : 11.3405 GB/s  (Utilization : 9.45042 %)
  └───── Total effec Bandwidth : 0.0706609 GB/s

  ┌─────────────  [Link 3]   (HMC0_LK_D3)
  │              Read per link : 20483
  │             Write per link : 13188
  │            Atomic per link : 1240060
  │           Request per link : 1273731
  │          Response per link : 0
  │              Flow per link : 1467199
  │       Error abort per link : 0
  │       Active Pkt Bandwidth : 1.77721 GB/s  (Utilization : 2.96202 %)
  │      Passive Pkt Bandwidth : 0.123859 GB/s  (Utilization : 0.206431 %)
  │         Flow Pkt Bandwidth : 2.10274 GB/s  (Utilization : 3.50457 %)
  │       Downstream Bandwidth : 4.00381 GB/s  (Utilization : 6.67302 %)
  │         Upstream Bandwidth :       0 GB/s  (Utilization : 0 %)
  │            Total Bandwidth : 4.00381 GB/s  (Utilization : 3.33651 %)
  └───── Total effec Bandwidth : 0.0756024 GB/s

  ┌─────────────  [Link 4]   (HMC1_LK_D0)
  │              Read per link : 0
  │             Write per link : 0
  │            Atomic per link : 0
  │           Request per link : 0
  │          Response per link : 1341717
  │              Flow per link : 1606560
  │       Error abort per link : 0
  │       Active Pkt Bandwidth : 3.75696 GB/s  (Utilization : 6.2616 %)
  │      Passive Pkt Bandwidth : 0.154015 GB/s  (Utilization : 0.256692 %)
  │         Flow Pkt Bandwidth : 2.30247 GB/s  (Utilization : 3.83745 %)
  │       Downstream Bandwidth : 6.21345 GB/s  (Utilization : 10.3557 %)
  │         Upstream Bandwidth :       0 GB/s  (Utilization : 0 %)
  │            Total Bandwidth : 6.21345 GB/s  (Utilization : 5.17787 %)
  └───── Total effec Bandwidth : 1.98807 GB/s

  ┌─────────────  [Link 5]   (HMC1_LK_D1)
  │              Read per link : 0
  │             Write per link : 0
  │            Atomic per link : 0
  │           Request per link : 0
  │          Response per link : 0
  │              Flow per link : 0
  │       Error abort per link : 0
  │       Active Pkt Bandwidth :       0 GB/s  (Utilization : 0 %)
  │      Passive Pkt Bandwidth :       0 GB/s  (Utilization : 0 %)
  │         Flow Pkt Bandwidth :       0 GB/s  (Utilization : 0 %)
  │       Downstream Bandwidth :       0 GB/s  (Utilization : 0 %)
  │         Upstream Bandwidth :       0 GB/s  (Utilization : 0 %)
  │            Total Bandwidth :       0 GB/s  (Utilization : 0 %)
  └───── Total effec Bandwidth :       0 GB/s

  ┌─────────────  [Link 6]   (HMC1_LK_D2)
  │              Read per link : 0
  │             Write per link : 0
  │            Atomic per link : 0
  │           Request per link : 0
  │          Response per link : 0
  │              Flow per link : 0
  │       Error abort per link : 0
  │       Active Pkt Bandwidth :       0 GB/s  (Utilization : 0 %)
  │      Passive Pkt Bandwidth :       0 GB/s  (Utilization : 0 %)
  │         Flow Pkt Bandwidth :       0 GB/s  (Utilization : 0 %)
  │       Downstream Bandwidth :       0 GB/s  (Utilization : 0 %)
  │         Upstream Bandwidth :       0 GB/s  (Utilization : 0 %)
  │            Total Bandwidth :       0 GB/s  (Utilization : 0 %)
  └───── Total effec Bandwidth :       0 GB/s

  ┌─────────────  [Link 7]   (HMC1_LK_D3)
  │              Read per link : 0
  │             Write per link : 0
  │            Atomic per link : 0
  │           Request per link : 0
  │          Response per link : 0
  │              Flow per link : 0
  │       Error abort per link : 0
  │       Active Pkt Bandwidth :       0 GB/s  (Utilization : 0 %)
  │      Passive Pkt Bandwidth :       0 GB/s  (Utilization : 0 %)
  │         Flow Pkt Bandwidth :       0 GB/s  (Utilization : 0 %)
  │       Downstream Bandwidth :       0 GB/s  (Utilization : 0 %)
  │         Upstream Bandwidth :       0 GB/s  (Utilization : 0 %)
  │            Total Bandwidth :       0 GB/s  (Utilization : 0 %)
  └───── Total effec Bandwidth :       0 GB/s

  ┌─────────────  [Link 8]   (HMC2_LK_D0)
  │              Read per link : 0
  │             Write per link : 0
  │            Atomic per link : 0
  │           Request per link : 0
  │          Response per link : 3754419
  │              Flow per link : 4618062
  │       Error abort per link : 0
  │       Active Pkt Bandwidth :  10.667 GB/s  (Utilization : 17.7783 %)
  │      Passive Pkt Bandwidth : 0.165367 GB/s  (Utilization : 0.275612 %)
  │         Flow Pkt Bandwidth : 6.61845 GB/s  (Utilization : 11.0308 %)
  │       Downstream Bandwidth : 17.4508 GB/s  (Utilization : 29.0847 %)
  │         Upstream Bandwidth :       0 GB/s  (Utilization : 0 %)
  │            Total Bandwidth : 17.4508 GB/s  (Utilization : 14.5424 %)
  └───── Total effec Bandwidth : 5.45167 GB/s

  ┌─────────────  [Link 9]   (HMC2_LK_D1)
  │              Read per link : 0
  │             Write per link : 0
  │            Atomic per link : 0
  │           Request per link : 0
  │          Response per link : 0
  │              Flow per link : 0
  │       Error abort per link : 0
  │       Active Pkt Bandwidth :       0 GB/s  (Utilization : 0 %)
  │      Passive Pkt Bandwidth :       0 GB/s  (Utilization : 0 %)
  │         Flow Pkt Bandwidth :       0 GB/s  (Utilization : 0 %)
  │       Downstream Bandwidth :       0 GB/s  (Utilization : 0 %)
  │         Upstream Bandwidth :       0 GB/s  (Utilization : 0 %)
  │            Total Bandwidth :       0 GB/s  (Utilization : 0 %)
  └───── Total effec Bandwidth :       0 GB/s

  ┌─────────────  [Link 10]   (HMC2_LK_D2)
  │              Read per link : 0
  │             Write per link : 0
  │            Atomic per link : 0
  │           Request per link : 0
  │          Response per link : 0
  │              Flow per link : 0
  │       Error abort per link : 0
  │       Active Pkt Bandwidth :       0 GB/s  (Utilization : 0 %)
  │      Passive Pkt Bandwidth :       0 GB/s  (Utilization : 0 %)
  │         Flow Pkt Bandwidth :       0 GB/s  (Utilization : 0 %)
  │       Downstream Bandwidth :       0 GB/s  (Utilization : 0 %)
  │         Upstream Bandwidth :       0 GB/s  (Utilization : 0 %)
  │            Total Bandwidth :       0 GB/s  (Utilization : 0 %)
  └───── Total effec Bandwidth :       0 GB/s

  ┌─────────────  [Link 11]   (HMC2_LK_D3)
  │              Read per link : 0
  │             Write per link : 0
  │            Atomic per link : 0
  │           Request per link : 0
  │          Response per link : 0
  │              Flow per link : 0
  │       Error abort per link : 0
  │       Active Pkt Bandwidth :       0 GB/s  (Utilization : 0 %)
  │      Passive Pkt Bandwidth :       0 GB/s  (Utilization : 0 %)
  │         Flow Pkt Bandwidth :       0 GB/s  (Utilization : 0 %)
  │       Downstream Bandwidth :       0 GB/s  (Utilization : 0 %)
  │         Upstream Bandwidth :       0 GB/s  (Utilization : 0 %)
  │            Total Bandwidth :       0 GB/s  (Utilization : 0 %)
  └───── Total effec Bandwidth :       0 GB/s

  ┌─────────────  [Link 12]   (HMC3_LK_D0)
  │              Read per link : 0
  │             Write per link : 0
  │            Atomic per link : 0
  │           Request per link : 0
  │          Response per link : 1273731
  │              Flow per link : 1549374
  │       Error abort per link : 0
  │       Active Pkt Bandwidth : 3.55443 GB/s  (Utilization : 5.92404 %)
  │      Passive Pkt Bandwidth : 0.165678 GB/s  (Utilization : 0.276131 %)
  │         Flow Pkt Bandwidth : 2.22051 GB/s  (Utilization : 3.70085 %)
  │       Downstream Bandwidth : 5.94062 GB/s  (Utilization : 9.90103 %)
  │         Upstream Bandwidth :       0 GB/s  (Utilization : 0 %)
  │            Total Bandwidth : 5.94062 GB/s  (Utilization : 4.95051 %)
  └───── Total effec Bandwidth : 1.89464 GB/s

  ┌─────────────  [Link 13]   (HMC3_LK_D1)
  │              Read per link : 0
  │             Write per link : 0
  │            Atomic per link : 0
  │           Request per link : 0
  │          Response per link : 0
  │              Flow per link : 0
  │       Error abort per link : 0
  │       Active Pkt Bandwidth :       0 GB/s  (Utilization : 0 %)
  │      Passive Pkt Bandwidth :       0 GB/s  (Utilization : 0 %)
  │         Flow Pkt Bandwidth :       0 GB/s  (Utilization : 0 %)
  │       Downstream Bandwidth :       0 GB/s  (Utilization : 0 %)
  │         Upstream Bandwidth :       0 GB/s  (Utilization : 0 %)
  │            Total Bandwidth :       0 GB/s  (Utilization : 0 %)
  └───── Total effec Bandwidth :       0 GB/s

  ┌─────────────  [Link 14]   (HMC3_LK_D2)
  │              Read per link : 0
  │             Write per link : 0
  │            Atomic per link : 0
  │           Request per link : 0
  │          Response per link : 0
  │              Flow per link : 0
  │       Error abort per link : 0
  │       Active Pkt Bandwidth :       0 GB/s  (Utilization : 0 %)
  │      Passive Pkt Bandwidth :       0 GB/s  (Utilization : 0 %)
  │         Flow Pkt Bandwidth :       0 GB/s  (Utilization : 0 %)
  │       Downstream Bandwidth :       0 GB/s  (Utilization : 0 %)
  │         Upstream Bandwidth :       0 GB/s  (Utilization : 0 %)
  │            Total Bandwidth :       0 GB/s  (Utilization : 0 %)
  └───── Total effec Bandwidth :       0 GB/s

  ┌─────────────  [Link 15]   (HMC3_LK_D3)
  │              Read per link : 0
  │             Write per link : 0
  │            Atomic per link : 0
  │           Request per link : 0
  │          Response per link : 0
  │              Flow per link : 0
  │       Error abort per link : 0
  │       Active Pkt Bandwidth :       0 GB/s  (Utilization : 0 %)
  │      Passive Pkt Bandwidth :       0 GB/s  (Utilization : 0 %)
  │         Flow Pkt Bandwidth :       0 GB/s  (Utilization : 0 %)
  │       Downstream Bandwidth :       0 GB/s  (Utilization : 0 %)
  │         Upstream Bandwidth :       0 GB/s  (Utilization : 0 %)
  │            Total Bandwidth :       0 GB/s  (Utilization : 0 %)
  └───── Total effec Bandwidth :       0 GB/s

  ┌─────────────  [Link 16]   (HMC4_LK_D0)
  │              Read per link : 0
  │             Write per link : 0
  │            Atomic per link : 0
  │           Request per link : 0
  │          Response per link : 0
  │              Flow per link : 0
  │       Error abort per link : 0
  │       Active Pkt Bandwidth :       0 GB/s  (Utilization : 0 %)
  │      Passive Pkt Bandwidth :       0 GB/s  (Utilization : 0 %)
  │         Flow Pkt Bandwidth :       0 GB/s  (Utilization : 0 %)
  │       Downstream Bandwidth :       0 GB/s  (Utilization : 0 %)
  │         Upstream Bandwidth :       0 GB/s  (Utilization : 0 %)
  │            Total Bandwidth :       0 GB/s  (Utilization : 0 %)
  └───── Total effec Bandwidth :       0 GB/s

  ┌─────────────  [Link 17]   (HMC4_LK_D1)
  │              Read per link : 0
  │             Write per link : 0
  │            Atomic per link : 0
  │           Request per link : 0
  │          Response per link : 32024
  │              Flow per link : 69389
  │       Error abort per link : 0
  │       Active Pkt Bandwidth :       0 GB/s  (Utilization : 0 %)
  │      Passive Pkt Bandwidth : 0.153521 GB/s  (Utilization : 0.255868 %)
  │         Flow Pkt Bandwidth : 0.099446 GB/s  (Utilization : 0.165743 %)
  │       Downstream Bandwidth : 0.252967 GB/s  (Utilization : 0.421611 %)
  │         Upstream Bandwidth :       0 GB/s  (Utilization : 0 %)
  │            Total Bandwidth : 0.252967 GB/s  (Utilization : 0.210806 %)
  └───── Total effec Bandwidth : 0.107625 GB/s

  ┌─────────────  [Link 18]   (HMC4_LK_D2)
  │              Read per link : 0
  │             Write per link : 0
  │            Atomic per link : 0
  │           Request per link : 0
  │          Response per link : 0
  │              Flow per link : 0
  │       Error abort per link : 0
  │       Active Pkt Bandwidth :       0 GB/s  (Utilization : 0 %)
  │      Passive Pkt Bandwidth :       0 GB/s  (Utilization : 0 %)
  │         Flow Pkt Bandwidth :       0 GB/s  (Utilization : 0 %)
  │       Downstream Bandwidth :       0 GB/s  (Utilization : 0 %)
  │         Upstream Bandwidth :       0 GB/s  (Utilization : 0 %)
  │            Total Bandwidth :       0 GB/s  (Utilization : 0 %)
  └───── Total effec Bandwidth :       0 GB/s

  ┌─────────────  [Link 19]   (HMC4_LK_D3)
  │              Read per link : 0
  │             Write per link : 0
  │            Atomic per link : 0
  │           Request per link : 0
  │          Response per link : 0
  │              Flow per link : 0
  │       Error abort per link : 0
  │       Active Pkt Bandwidth :       0 GB/s  (Utilization : 0 %)
  │      Passive Pkt Bandwidth :       0 GB/s  (Utilization : 0 %)
  │         Flow Pkt Bandwidth :       0 GB/s  (Utilization : 0 %)
  │       Downstream Bandwidth :       0 GB/s  (Utilization : 0 %)
  │         Upstream Bandwidth :       0 GB/s  (Utilization : 0 %)
  │            Total Bandwidth :       0 GB/s  (Utilization : 0 %)
  └───── Total effec Bandwidth :       0 GB/s

  ┌─────────────  [Link 20]   (HMC5_LK_D0)
  │              Read per link : 18774
  │             Write per link : 13250
  │            Atomic per link : 0
  │           Request per link : 32024
  │          Response per link : 0
  │              Flow per link : 82443
  │       Error abort per link : 0
  │       Active Pkt Bandwidth :       0 GB/s  (Utilization : 0 %)
  │      Passive Pkt Bandwidth : 0.121854 GB/s  (Utilization : 0.203089 %)
  │         Flow Pkt Bandwidth : 0.118155 GB/s  (Utilization : 0.196924 %)
  │       Downstream Bandwidth : 0.240008 GB/s  (Utilization : 0.400014 %)
  │         Upstream Bandwidth :       0 GB/s  (Utilization : 0 %)
  │            Total Bandwidth : 0.240008 GB/s  (Utilization : 0.200007 %)
  └───── Total effec Bandwidth : 0.0759579 GB/s

  ┌─────────────  [Link 21]   (HMC5_LK_U1)
  │              Read per link : 0
  │             Write per link : 0
  │            Atomic per link : 0
  │           Request per link : 0
  │          Response per link : 129423
  │              Flow per link : 289514
  │       Error abort per link : 0
  │       Active Pkt Bandwidth :       0 GB/s  (Utilization : 0 %)
  │      Passive Pkt Bandwidth : 0.638239 GB/s  (Utilization : 1.06373 %)
  │         Flow Pkt Bandwidth : 0.414922 GB/s  (Utilization : 0.691537 %)
  │       Downstream Bandwidth :       0 GB/s  (Utilization : 0 %)
  │         Upstream Bandwidth : 1.05316 GB/s  (Utilization : 1.75527 %)
  │            Total Bandwidth : 1.05316 GB/s  (Utilization : 0.877635 %)
  └───── Total effec Bandwidth : 0.452755 GB/s

  ┌─────────────  [Link 22]   (HMC5_LK_D2)
  │              Read per link : 20617
  │             Write per link : 12194
  │            Atomic per link : 0
  │           Request per link : 32811
  │          Response per link : 0
  │              Flow per link : 85875
  │       Error abort per link : 0
  │       Active Pkt Bandwidth :       0 GB/s  (Utilization : 0 %)
  │      Passive Pkt Bandwidth : 0.116928 GB/s  (Utilization : 0.19488 %)
  │         Flow Pkt Bandwidth : 0.123073 GB/s  (Utilization : 0.205122 %)
  │       Downstream Bandwidth : 0.240001 GB/s  (Utilization : 0.400002 %)
  │         Upstream Bandwidth :       0 GB/s  (Utilization : 0 %)
  │            Total Bandwidth : 0.240001 GB/s  (Utilization : 0.200001 %)
  └───── Total effec Bandwidth : 0.0699042 GB/s

  ┌─────────────  [Link 23]   (HMC5_LK_D3)
  │              Read per link : 20486
  │             Write per link : 13125
  │            Atomic per link : 0
  │           Request per link : 33611
  │          Response per link : 0
  │              Flow per link : 87256
  │       Error abort per link : 0
  │       Active Pkt Bandwidth :       0 GB/s  (Utilization : 0 %)
  │      Passive Pkt Bandwidth : 0.123411 GB/s  (Utilization : 0.205686 %)
  │         Flow Pkt Bandwidth : 0.125052 GB/s  (Utilization : 0.208421 %)
  │       Downstream Bandwidth : 0.248464 GB/s  (Utilization : 0.414106 %)
  │         Upstream Bandwidth :       0 GB/s  (Utilization : 0 %)
  │            Total Bandwidth : 0.248464 GB/s  (Utilization : 0.207053 %)
  └───── Total effec Bandwidth : 0.0752413 GB/s

  ┌─────────────  [Link 24]   (HMC6_LK_D0)
  │              Read per link : 0
  │             Write per link : 0
  │            Atomic per link : 0
  │           Request per link : 0
  │          Response per link : 0
  │              Flow per link : 0
  │       Error abort per link : 0
  │       Active Pkt Bandwidth :       0 GB/s  (Utilization : 0 %)
  │      Passive Pkt Bandwidth :       0 GB/s  (Utilization : 0 %)
  │         Flow Pkt Bandwidth :       0 GB/s  (Utilization : 0 %)
  │       Downstream Bandwidth :       0 GB/s  (Utilization : 0 %)
  │         Upstream Bandwidth :       0 GB/s  (Utilization : 0 %)
  │            Total Bandwidth :       0 GB/s  (Utilization : 0 %)
  └───── Total effec Bandwidth :       0 GB/s

  ┌─────────────  [Link 25]   (HMC6_LK_D1)
  │              Read per link : 0
  │             Write per link : 0
  │            Atomic per link : 0
  │           Request per link : 0
  │          Response per link : 32811
  │              Flow per link : 73886
  │       Error abort per link : 0
  │       Active Pkt Bandwidth :       0 GB/s  (Utilization : 0 %)
  │      Passive Pkt Bandwidth : 0.165214 GB/s  (Utilization : 0.275357 %)
  │         Flow Pkt Bandwidth : 0.105891 GB/s  (Utilization : 0.176485 %)
  │       Downstream Bandwidth : 0.271105 GB/s  (Utilization : 0.451842 %)
  │         Upstream Bandwidth :       0 GB/s  (Utilization : 0 %)
  │            Total Bandwidth : 0.271105 GB/s  (Utilization : 0.225921 %)
  └───── Total effec Bandwidth : 0.11819 GB/s

  ┌─────────────  [Link 26]   (HMC6_LK_D2)
  │              Read per link : 0
  │             Write per link : 0
  │            Atomic per link : 0
  │           Request per link : 0
  │          Response per link : 0
  │              Flow per link : 0
  │       Error abort per link : 0
  │       Active Pkt Bandwidth :       0 GB/s  (Utilization : 0 %)
  │      Passive Pkt Bandwidth :       0 GB/s  (Utilization : 0 %)
  │         Flow Pkt Bandwidth :       0 GB/s  (Utilization : 0 %)
  │       Downstream Bandwidth :       0 GB/s  (Utilization : 0 %)
  │         Upstream Bandwidth :       0 GB/s  (Utilization : 0 %)
  │            Total Bandwidth :       0 GB/s  (Utilization : 0 %)
  └───── Total effec Bandwidth :       0 GB/s

  ┌─────────────  [Link 27]   (HMC6_LK_D3)
  │              Read per link : 0
  │             Write per link : 0
  │            Atomic per link : 0
  │           Request per link : 0
  │          Response per link : 0
  │              Flow per link : 0
  │       Error abort per link : 0
  │       Active Pkt Bandwidth :       0 GB/s  (Utilization : 0 %)
  │      Passive Pkt Bandwidth :       0 GB/s  (Utilization : 0 %)
  │         Flow Pkt Bandwidth :       0 GB/s  (Utilization : 0 %)
  │       Downstream Bandwidth :       0 GB/s  (Utilization : 0 %)
  │         Upstream Bandwidth :       0 GB/s  (Utilization : 0 %)
  │            Total Bandwidth :       0 GB/s  (Utilization : 0 %)
  └───── Total effec Bandwidth :       0 GB/s

  ┌─────────────  [Link 28]   (HMC7_LK_D0)
  │              Read per link : 0
  │             Write per link : 0
  │            Atomic per link : 0
  │           Request per link : 0
  │          Response per link : 0
  │              Flow per link : 0
  │       Error abort per link : 0
  │       Active Pkt Bandwidth :       0 GB/s  (Utilization : 0 %)
  │      Passive Pkt Bandwidth :       0 GB/s  (Utilization : 0 %)
  │         Flow Pkt Bandwidth :       0 GB/s  (Utilization : 0 %)
  │       Downstream Bandwidth :       0 GB/s  (Utilization : 0 %)
  │         Upstream Bandwidth :       0 GB/s  (Utilization : 0 %)
  │            Total Bandwidth :       0 GB/s  (Utilization : 0 %)
  └───── Total effec Bandwidth :       0 GB/s

  ┌─────────────  [Link 29]   (HMC7_LK_D1)
  │              Read per link : 0
  │             Write per link : 0
  │            Atomic per link : 0
  │           Request per link : 0
  │          Response per link : 33611
  │              Flow per link : 74305
  │       Error abort per link : 0
  │       Active Pkt Bandwidth :       0 GB/s  (Utilization : 0 %)
  │      Passive Pkt Bandwidth : 0.16561 GB/s  (Utilization : 0.276016 %)
  │         Flow Pkt Bandwidth : 0.106491 GB/s  (Utilization : 0.177486 %)
  │       Downstream Bandwidth : 0.272101 GB/s  (Utilization : 0.453502 %)
  │         Upstream Bandwidth :       0 GB/s  (Utilization : 0 %)
  │            Total Bandwidth : 0.272101 GB/s  (Utilization : 0.226751 %)
  └───── Total effec Bandwidth : 0.117439 GB/s

  ┌─────────────  [Link 30]   (HMC7_LK_D2)
  │              Read per link : 0
  │             Write per link : 0
  │            Atomic per link : 0
  │           Request per link : 0
  │          Response per link : 0
  │              Flow per link : 0
  │       Error abort per link : 0
  │       Active Pkt Bandwidth :       0 GB/s  (Utilization : 0 %)
  │      Passive Pkt Bandwidth :       0 GB/s  (Utilization : 0 %)
  │         Flow Pkt Bandwidth :       0 GB/s  (Utilization : 0 %)
  │       Downstream Bandwidth :       0 GB/s  (Utilization : 0 %)
  │         Upstream Bandwidth :       0 GB/s  (Utilization : 0 %)
  │            Total Bandwidth :       0 GB/s  (Utilization : 0 %)
  └───── Total effec Bandwidth :       0 GB/s

  ┌─────────────  [Link 31]   (HMC7_LK_D3)
  │              Read per link : 0
  │             Write per link : 0
  │            Atomic per link : 0
  │           Request per link : 0
  │          Response per link : 0
  │              Flow per link : 0
  │       Error abort per link : 0
  │       Active Pkt Bandwidth :       0 GB/s  (Utilization : 0 %)
  │      Passive Pkt Bandwidth :       0 GB/s  (Utilization : 0 %)
  │         Flow Pkt Bandwidth :       0 GB/s  (Utilization : 0 %)
  │       Downstream Bandwidth :       0 GB/s  (Utilization : 0 %)
  │         Upstream Bandwidth :       0 GB/s  (Utilization : 0 %)
  │            Total Bandwidth :       0 GB/s  (Utilization : 0 %)
  └───── Total effec Bandwidth :       0 GB/s

  ┌─────────────  [Link 32]   (HMC8_LK_D0)
  │              Read per link : 0
  │             Write per link : 0
  │            Atomic per link : 0
  │           Request per link : 0
  │          Response per link : 0
  │              Flow per link : 0
  │       Error abort per link : 0
  │       Active Pkt Bandwidth :       0 GB/s  (Utilization : 0 %)
  │      Passive Pkt Bandwidth :       0 GB/s  (Utilization : 0 %)
  │         Flow Pkt Bandwidth :       0 GB/s  (Utilization : 0 %)
  │       Downstream Bandwidth :       0 GB/s  (Utilization : 0 %)
  │         Upstream Bandwidth :       0 GB/s  (Utilization : 0 %)
  │            Total Bandwidth :       0 GB/s  (Utilization : 0 %)
  └───── Total effec Bandwidth :       0 GB/s

  ┌─────────────  [Link 33]   (HMC8_LK_D1)
  │              Read per link : 0
  │             Write per link : 0
  │            Atomic per link : 0
  │           Request per link : 0
  │          Response per link : 0
  │              Flow per link : 0
  │       Error abort per link : 0
  │       Active Pkt Bandwidth :       0 GB/s  (Utilization : 0 %)
  │      Passive Pkt Bandwidth :       0 GB/s  (Utilization : 0 %)
  │         Flow Pkt Bandwidth :       0 GB/s  (Utilization : 0 %)
  │       Downstream Bandwidth :       0 GB/s  (Utilization : 0 %)
  │         Upstream Bandwidth :       0 GB/s  (Utilization : 0 %)
  │            Total Bandwidth :       0 GB/s  (Utilization : 0 %)
  └───── Total effec Bandwidth :       0 GB/s

  ┌─────────────  [Link 34]   (HMC8_LK_D2)
  │              Read per link : 0
  │             Write per link : 0
  │            Atomic per link : 0
  │           Request per link : 0
  │          Response per link : 31737
  │              Flow per link : 69074
  │       Error abort per link : 0
  │       Active Pkt Bandwidth :       0 GB/s  (Utilization : 0 %)
  │      Passive Pkt Bandwidth : 0.153098 GB/s  (Utilization : 0.255163 %)
  │         Flow Pkt Bandwidth : 0.0989946 GB/s  (Utilization : 0.164991 %)
  │       Downstream Bandwidth : 0.252093 GB/s  (Utilization : 0.420154 %)
  │         Upstream Bandwidth :       0 GB/s  (Utilization : 0 %)
  │            Total Bandwidth : 0.252093 GB/s  (Utilization : 0.210077 %)
  └───── Total effec Bandwidth : 0.107614 GB/s

  ┌─────────────  [Link 35]   (HMC8_LK_D3)
  │              Read per link : 0
  │             Write per link : 0
  │            Atomic per link : 0
  │           Request per link : 0
  │          Response per link : 0
  │              Flow per link : 0
  │       Error abort per link : 0
  │       Active Pkt Bandwidth :       0 GB/s  (Utilization : 0 %)
  │      Passive Pkt Bandwidth :       0 GB/s  (Utilization : 0 %)
  │         Flow Pkt Bandwidth :       0 GB/s  (Utilization : 0 %)
  │       Downstream Bandwidth :       0 GB/s  (Utilization : 0 %)
  │         Upstream Bandwidth :       0 GB/s  (Utilization : 0 %)
  │            Total Bandwidth :       0 GB/s  (Utilization : 0 %)
  └───── Total effec Bandwidth :       0 GB/s

  ┌─────────────  [Link 36]   (HMC9_LK_D0)
  │              Read per link : 0
  │             Write per link : 0
  │            Atomic per link : 0
  │           Request per link : 0
  │          Response per link : 0
  │              Flow per link : 0
  │       Error abort per link : 0
  │       Active Pkt Bandwidth :       0 GB/s  (Utilization : 0 %)
  │      Passive Pkt Bandwidth :       0 GB/s  (Utilization : 0 %)
  │         Flow Pkt Bandwidth :       0 GB/s  (Utilization : 0 %)
  │       Downstream Bandwidth :       0 GB/s  (Utilization : 0 %)
  │         Upstream Bandwidth :       0 GB/s  (Utilization : 0 %)
  │            Total Bandwidth :       0 GB/s  (Utilization : 0 %)
  └───── Total effec Bandwidth :       0 GB/s

  ┌─────────────  [Link 37]   (HMC9_LK_D1)
  │              Read per link : 0
  │             Write per link : 0
  │            Atomic per link : 0
  │           Request per link : 0
  │          Response per link : 0
  │              Flow per link : 0
  │       Error abort per link : 0
  │       Active Pkt Bandwidth :       0 GB/s  (Utilization : 0 %)
  │      Passive Pkt Bandwidth :       0 GB/s  (Utilization : 0 %)
  │         Flow Pkt Bandwidth :       0 GB/s  (Utilization : 0 %)
  │       Downstream Bandwidth :       0 GB/s  (Utilization : 0 %)
  │         Upstream Bandwidth :       0 GB/s  (Utilization : 0 %)
  │            Total Bandwidth :       0 GB/s  (Utilization : 0 %)
  └───── Total effec Bandwidth :       0 GB/s

  ┌─────────────  [Link 38]   (HMC9_LK_D2)
  │              Read per link : 0
  │             Write per link : 0
  │            Atomic per link : 0
  │           Request per link : 0
  │          Response per link : 31346
  │              Flow per link : 69500
  │       Error abort per link : 0
  │       Active Pkt Bandwidth :       0 GB/s  (Utilization : 0 %)
  │      Passive Pkt Bandwidth : 0.154894 GB/s  (Utilization : 0.258156 %)
  │         Flow Pkt Bandwidth : 0.0996051 GB/s  (Utilization : 0.166009 %)
  │       Downstream Bandwidth : 0.254499 GB/s  (Utilization : 0.424165 %)
  │         Upstream Bandwidth :       0 GB/s  (Utilization : 0 %)
  │            Total Bandwidth : 0.254499 GB/s  (Utilization : 0.212082 %)
  └───── Total effec Bandwidth : 0.10997 GB/s

  ┌─────────────  [Link 39]   (HMC9_LK_D3)
  │              Read per link : 0
  │             Write per link : 0
  │            Atomic per link : 0
  │           Request per link : 0
  │          Response per link : 0
  │              Flow per link : 0
  │       Error abort per link : 0
  │       Active Pkt Bandwidth :       0 GB/s  (Utilization : 0 %)
  │      Passive Pkt Bandwidth :       0 GB/s  (Utilization : 0 %)
  │         Flow Pkt Bandwidth :       0 GB/s  (Utilization : 0 %)
  │       Downstream Bandwidth :       0 GB/s  (Utilization : 0 %)
  │         Upstream Bandwidth :       0 GB/s  (Utilization : 0 %)
  │            Total Bandwidth :       0 GB/s  (Utilization : 0 %)
  └───── Total effec Bandwidth :       0 GB/s

  ┌─────────────  [Link 40]   (HMC10_LK_D0)
  │              Read per link : 18772
  │             Write per link : 12965
  │            Atomic per link : 0
  │           Request per link : 31737
  │          Response per link : 0
  │              Flow per link : 81869
  │       Error abort per link : 0
  │       Active Pkt Bandwidth :       0 GB/s  (Utilization : 0 %)
  │      Passive Pkt Bandwidth : 0.119808 GB/s  (Utilization : 0.199681 %)
  │         Flow Pkt Bandwidth : 0.117332 GB/s  (Utilization : 0.195553 %)
  │       Downstream Bandwidth : 0.23714 GB/s  (Utilization : 0.395234 %)
  │         Upstream Bandwidth :       0 GB/s  (Utilization : 0 %)
  │            Total Bandwidth : 0.23714 GB/s  (Utilization : 0.197617 %)
  └───── Total effec Bandwidth : 0.074324 GB/s

  ┌─────────────  [Link 41]   (HMC10_LK_D1)
  │              Read per link : 19183
  │             Write per link : 12163
  │            Atomic per link : 0
  │           Request per link : 31346
  │          Response per link : 0
  │              Flow per link : 81457
  │       Error abort per link : 0
  │       Active Pkt Bandwidth :       0 GB/s  (Utilization : 0 %)
  │      Passive Pkt Bandwidth : 0.114651 GB/s  (Utilization : 0.191084 %)
  │         Flow Pkt Bandwidth : 0.116741 GB/s  (Utilization : 0.194569 %)
  │       Downstream Bandwidth : 0.231392 GB/s  (Utilization : 0.385653 %)
  │         Upstream Bandwidth :       0 GB/s  (Utilization : 0 %)
  │            Total Bandwidth : 0.231392 GB/s  (Utilization : 0.192827 %)
  └───── Total effec Bandwidth : 0.0697264 GB/s

  ┌─────────────  [Link 42]   (HMC10_LK_U2)
  │              Read per link : 0
  │             Write per link : 0
  │            Atomic per link : 0
  │           Request per link : 0
  │          Response per link : 129504
  │              Flow per link : 289540
  │       Error abort per link : 0
  │       Active Pkt Bandwidth :       0 GB/s  (Utilization : 0 %)
  │      Passive Pkt Bandwidth : 0.638992 GB/s  (Utilization : 1.06499 %)
  │         Flow Pkt Bandwidth : 0.414959 GB/s  (Utilization : 0.691599 %)
  │       Downstream Bandwidth :       0 GB/s  (Utilization : 0 %)
  │         Upstream Bandwidth : 1.05395 GB/s  (Utilization : 1.75659 %)
  │            Total Bandwidth : 1.05395 GB/s  (Utilization : 0.878293 %)
  └───── Total effec Bandwidth : 0.453391 GB/s

  ┌─────────────  [Link 43]   (HMC10_LK_D3)
  │              Read per link : 20483
  │             Write per link : 13196
  │            Atomic per link : 0
  │           Request per link : 33679
  │          Response per link : 0
  │              Flow per link : 87425
  │       Error abort per link : 0
  │       Active Pkt Bandwidth :       0 GB/s  (Utilization : 0 %)
  │      Passive Pkt Bandwidth : 0.123916 GB/s  (Utilization : 0.206527 %)
  │         Flow Pkt Bandwidth : 0.125295 GB/s  (Utilization : 0.208824 %)
  │       Downstream Bandwidth : 0.249211 GB/s  (Utilization : 0.415351 %)
  │         Upstream Bandwidth :       0 GB/s  (Utilization : 0 %)
  │            Total Bandwidth : 0.249211 GB/s  (Utilization : 0.207675 %)
  └───── Total effec Bandwidth : 0.0756483 GB/s

  ┌─────────────  [Link 44]   (HMC11_LK_D0)
  │              Read per link : 0
  │             Write per link : 0
  │            Atomic per link : 0
  │           Request per link : 0
  │          Response per link : 0
  │              Flow per link : 0
  │       Error abort per link : 0
  │       Active Pkt Bandwidth :       0 GB/s  (Utilization : 0 %)
  │      Passive Pkt Bandwidth :       0 GB/s  (Utilization : 0 %)
  │         Flow Pkt Bandwidth :       0 GB/s  (Utilization : 0 %)
  │       Downstream Bandwidth :       0 GB/s  (Utilization : 0 %)
  │         Upstream Bandwidth :       0 GB/s  (Utilization : 0 %)
  │            Total Bandwidth :       0 GB/s  (Utilization : 0 %)
  └───── Total effec Bandwidth :       0 GB/s

  ┌─────────────  [Link 45]   (HMC11_LK_D1)
  │              Read per link : 0
  │             Write per link : 0
  │            Atomic per link : 0
  │           Request per link : 0
  │          Response per link : 0
  │              Flow per link : 0
  │       Error abort per link : 0
  │       Active Pkt Bandwidth :       0 GB/s  (Utilization : 0 %)
  │      Passive Pkt Bandwidth :       0 GB/s  (Utilization : 0 %)
  │         Flow Pkt Bandwidth :       0 GB/s  (Utilization : 0 %)
  │       Downstream Bandwidth :       0 GB/s  (Utilization : 0 %)
  │         Upstream Bandwidth :       0 GB/s  (Utilization : 0 %)
  │            Total Bandwidth :       0 GB/s  (Utilization : 0 %)
  └───── Total effec Bandwidth :       0 GB/s

  ┌─────────────  [Link 46]   (HMC11_LK_D2)
  │              Read per link : 0
  │             Write per link : 0
  │            Atomic per link : 0
  │           Request per link : 0
  │          Response per link : 33679
  │              Flow per link : 74374
  │       Error abort per link : 0
  │       Active Pkt Bandwidth :       0 GB/s  (Utilization : 0 %)
  │      Passive Pkt Bandwidth : 0.16569 GB/s  (Utilization : 0.27615 %)
  │         Flow Pkt Bandwidth : 0.10659 GB/s  (Utilization : 0.177651 %)
  │       Downstream Bandwidth : 0.27228 GB/s  (Utilization : 0.4538 %)
  │         Upstream Bandwidth :       0 GB/s  (Utilization : 0 %)
  │            Total Bandwidth : 0.27228 GB/s  (Utilization : 0.2269 %)
  └───── Total effec Bandwidth : 0.117422 GB/s

  ┌─────────────  [Link 47]   (HMC11_LK_D3)
  │              Read per link : 0
  │             Write per link : 0
  │            Atomic per link : 0
  │           Request per link : 0
  │          Response per link : 0
  │              Flow per link : 0
  │       Error abort per link : 0
  │       Active Pkt Bandwidth :       0 GB/s  (Utilization : 0 %)
  │      Passive Pkt Bandwidth :       0 GB/s  (Utilization : 0 %)
  │         Flow Pkt Bandwidth :       0 GB/s  (Utilization : 0 %)
  │       Downstream Bandwidth :       0 GB/s  (Utilization : 0 %)
  │         Upstream Bandwidth :       0 GB/s  (Utilization : 0 %)
  │            Total Bandwidth :       0 GB/s  (Utilization : 0 %)
  └───── Total effec Bandwidth :       0 GB/s

  ┌─────────────  [Link 48]   (HMC12_LK_D0)
  │              Read per link : 0
  │             Write per link : 0
  │            Atomic per link : 0
  │           Request per link : 0
  │          Response per link : 0
  │              Flow per link : 0
  │       Error abort per link : 0
  │       Active Pkt Bandwidth :       0 GB/s  (Utilization : 0 %)
  │      Passive Pkt Bandwidth :       0 GB/s  (Utilization : 0 %)
  │         Flow Pkt Bandwidth :       0 GB/s  (Utilization : 0 %)
  │       Downstream Bandwidth :       0 GB/s  (Utilization : 0 %)
  │         Upstream Bandwidth :       0 GB/s  (Utilization : 0 %)
  │            Total Bandwidth :       0 GB/s  (Utilization : 0 %)
  └───── Total effec Bandwidth :       0 GB/s

  ┌─────────────  [Link 49]   (HMC12_LK_D1)
  │              Read per link : 0
  │             Write per link : 0
  │            Atomic per link : 0
  │           Request per link : 0
  │          Response per link : 0
  │              Flow per link : 0
  │       Error abort per link : 0
  │       Active Pkt Bandwidth :       0 GB/s  (Utilization : 0 %)
  │      Passive Pkt Bandwidth :       0 GB/s  (Utilization : 0 %)
  │         Flow Pkt Bandwidth :       0 GB/s  (Utilization : 0 %)
  │       Downstream Bandwidth :       0 GB/s  (Utilization : 0 %)
  │         Upstream Bandwidth :       0 GB/s  (Utilization : 0 %)
  │            Total Bandwidth :       0 GB/s  (Utilization : 0 %)
  └───── Total effec Bandwidth :       0 GB/s

  ┌─────────────  [Link 50]   (HMC12_LK_D2)
  │              Read per link : 0
  │             Write per link : 0
  │            Atomic per link : 0
  │           Request per link : 0
  │          Response per link : 0
  │              Flow per link : 0
  │       Error abort per link : 0
  │       Active Pkt Bandwidth :       0 GB/s  (Utilization : 0 %)
  │      Passive Pkt Bandwidth :       0 GB/s  (Utilization : 0 %)
  │         Flow Pkt Bandwidth :       0 GB/s  (Utilization : 0 %)
  │       Downstream Bandwidth :       0 GB/s  (Utilization : 0 %)
  │         Upstream Bandwidth :       0 GB/s  (Utilization : 0 %)
  │            Total Bandwidth :       0 GB/s  (Utilization : 0 %)
  └───── Total effec Bandwidth :       0 GB/s

  ┌─────────────  [Link 51]   (HMC12_LK_D3)
  │              Read per link : 0
  │             Write per link : 0
  │            Atomic per link : 0
  │           Request per link : 0
  │          Response per link : 31625
  │              Flow per link : 68979
  │       Error abort per link : 0
  │       Active Pkt Bandwidth :       0 GB/s  (Utilization : 0 %)
  │      Passive Pkt Bandwidth : 0.152852 GB/s  (Utilization : 0.254753 %)
  │         Flow Pkt Bandwidth : 0.0988584 GB/s  (Utilization : 0.164764 %)
  │       Downstream Bandwidth : 0.25171 GB/s  (Utilization : 0.419517 %)
  │         Upstream Bandwidth :       0 GB/s  (Utilization : 0 %)
  │            Total Bandwidth : 0.25171 GB/s  (Utilization : 0.209758 %)
  └───── Total effec Bandwidth : 0.107528 GB/s

  ┌─────────────  [Link 52]   (HMC13_LK_D0)
  │              Read per link : 0
  │             Write per link : 0
  │            Atomic per link : 0
  │           Request per link : 0
  │          Response per link : 0
  │              Flow per link : 0
  │       Error abort per link : 0
  │       Active Pkt Bandwidth :       0 GB/s  (Utilization : 0 %)
  │      Passive Pkt Bandwidth :       0 GB/s  (Utilization : 0 %)
  │         Flow Pkt Bandwidth :       0 GB/s  (Utilization : 0 %)
  │       Downstream Bandwidth :       0 GB/s  (Utilization : 0 %)
  │         Upstream Bandwidth :       0 GB/s  (Utilization : 0 %)
  │            Total Bandwidth :       0 GB/s  (Utilization : 0 %)
  └───── Total effec Bandwidth :       0 GB/s

  ┌─────────────  [Link 53]   (HMC13_LK_D1)
  │              Read per link : 0
  │             Write per link : 0
  │            Atomic per link : 0
  │           Request per link : 0
  │          Response per link : 0
  │              Flow per link : 0
  │       Error abort per link : 0
  │       Active Pkt Bandwidth :       0 GB/s  (Utilization : 0 %)
  │      Passive Pkt Bandwidth :       0 GB/s  (Utilization : 0 %)
  │         Flow Pkt Bandwidth :       0 GB/s  (Utilization : 0 %)
  │       Downstream Bandwidth :       0 GB/s  (Utilization : 0 %)
  │         Upstream Bandwidth :       0 GB/s  (Utilization : 0 %)
  │            Total Bandwidth :       0 GB/s  (Utilization : 0 %)
  └───── Total effec Bandwidth :       0 GB/s

  ┌─────────────  [Link 54]   (HMC13_LK_D2)
  │              Read per link : 0
  │             Write per link : 0
  │            Atomic per link : 0
  │           Request per link : 0
  │          Response per link : 0
  │              Flow per link : 0
  │       Error abort per link : 0
  │       Active Pkt Bandwidth :       0 GB/s  (Utilization : 0 %)
  │      Passive Pkt Bandwidth :       0 GB/s  (Utilization : 0 %)
  │         Flow Pkt Bandwidth :       0 GB/s  (Utilization : 0 %)
  │       Downstream Bandwidth :       0 GB/s  (Utilization : 0 %)
  │         Upstream Bandwidth :       0 GB/s  (Utilization : 0 %)
  │            Total Bandwidth :       0 GB/s  (Utilization : 0 %)
  └───── Total effec Bandwidth :       0 GB/s

  ┌─────────────  [Link 55]   (HMC13_LK_D3)
  │              Read per link : 0
  │             Write per link : 0
  │            Atomic per link : 0
  │           Request per link : 0
  │          Response per link : 31266
  │              Flow per link : 69490
  │       Error abort per link : 0
  │       Active Pkt Bandwidth :       0 GB/s  (Utilization : 0 %)
  │      Passive Pkt Bandwidth : 0.154951 GB/s  (Utilization : 0.258252 %)
  │         Flow Pkt Bandwidth : 0.0995908 GB/s  (Utilization : 0.165985 %)
  │       Downstream Bandwidth : 0.254542 GB/s  (Utilization : 0.424237 %)
  │         Upstream Bandwidth :       0 GB/s  (Utilization : 0 %)
  │            Total Bandwidth : 0.254542 GB/s  (Utilization : 0.212118 %)
  └───── Total effec Bandwidth : 0.110142 GB/s

  ┌─────────────  [Link 56]   (HMC14_LK_D0)
  │              Read per link : 0
  │             Write per link : 0
  │            Atomic per link : 0
  │           Request per link : 0
  │          Response per link : 0
  │              Flow per link : 0
  │       Error abort per link : 0
  │       Active Pkt Bandwidth :       0 GB/s  (Utilization : 0 %)
  │      Passive Pkt Bandwidth :       0 GB/s  (Utilization : 0 %)
  │         Flow Pkt Bandwidth :       0 GB/s  (Utilization : 0 %)
  │       Downstream Bandwidth :       0 GB/s  (Utilization : 0 %)
  │         Upstream Bandwidth :       0 GB/s  (Utilization : 0 %)
  │            Total Bandwidth :       0 GB/s  (Utilization : 0 %)
  └───── Total effec Bandwidth :       0 GB/s

  ┌─────────────  [Link 57]   (HMC14_LK_D1)
  │              Read per link : 0
  │             Write per link : 0
  │            Atomic per link : 0
  │           Request per link : 0
  │          Response per link : 0
  │              Flow per link : 0
  │       Error abort per link : 0
  │       Active Pkt Bandwidth :       0 GB/s  (Utilization : 0 %)
  │      Passive Pkt Bandwidth :       0 GB/s  (Utilization : 0 %)
  │         Flow Pkt Bandwidth :       0 GB/s  (Utilization : 0 %)
  │       Downstream Bandwidth :       0 GB/s  (Utilization : 0 %)
  │         Upstream Bandwidth :       0 GB/s  (Utilization : 0 %)
  │            Total Bandwidth :       0 GB/s  (Utilization : 0 %)
  └───── Total effec Bandwidth :       0 GB/s

  ┌─────────────  [Link 58]   (HMC14_LK_D2)
  │              Read per link : 0
  │             Write per link : 0
  │            Atomic per link : 0
  │           Request per link : 0
  │          Response per link : 0
  │              Flow per link : 0
  │       Error abort per link : 0
  │       Active Pkt Bandwidth :       0 GB/s  (Utilization : 0 %)
  │      Passive Pkt Bandwidth :       0 GB/s  (Utilization : 0 %)
  │         Flow Pkt Bandwidth :       0 GB/s  (Utilization : 0 %)
  │       Downstream Bandwidth :       0 GB/s  (Utilization : 0 %)
  │         Upstream Bandwidth :       0 GB/s  (Utilization : 0 %)
  │            Total Bandwidth :       0 GB/s  (Utilization : 0 %)
  └───── Total effec Bandwidth :       0 GB/s

  ┌─────────────  [Link 59]   (HMC14_LK_D3)
  │              Read per link : 0
  │             Write per link : 0
  │            Atomic per link : 0
  │           Request per link : 0
  │          Response per link : 32943
  │              Flow per link : 73996
  │       Error abort per link : 0
  │       Active Pkt Bandwidth :       0 GB/s  (Utilization : 0 %)
  │      Passive Pkt Bandwidth : 0.165386 GB/s  (Utilization : 0.275643 %)
  │         Flow Pkt Bandwidth : 0.106049 GB/s  (Utilization : 0.176748 %)
  │       Downstream Bandwidth : 0.271435 GB/s  (Utilization : 0.452391 %)
  │         Upstream Bandwidth :       0 GB/s  (Utilization : 0 %)
  │            Total Bandwidth : 0.271435 GB/s  (Utilization : 0.226196 %)
  └───── Total effec Bandwidth : 0.118173 GB/s

  ┌─────────────  [Link 60]   (HMC15_LK_D0)
  │              Read per link : 18757
  │             Write per link : 12868
  │            Atomic per link : 0
  │           Request per link : 31625
  │          Response per link : 0
  │              Flow per link : 81596
  │       Error abort per link : 0
  │       Active Pkt Bandwidth :       0 GB/s  (Utilization : 0 %)
  │      Passive Pkt Bandwidth : 0.119092 GB/s  (Utilization : 0.198486 %)
  │         Flow Pkt Bandwidth : 0.116941 GB/s  (Utilization : 0.194901 %)
  │       Downstream Bandwidth : 0.236033 GB/s  (Utilization : 0.393388 %)
  │         Upstream Bandwidth :       0 GB/s  (Utilization : 0 %)
  │            Total Bandwidth : 0.236033 GB/s  (Utilization : 0.196694 %)
  └───── Total effec Bandwidth : 0.073768 GB/s

  ┌─────────────  [Link 61]   (HMC15_LK_D1)
  │              Read per link : 19213
  │             Write per link : 12053
  │            Atomic per link : 0
  │           Request per link : 31266
  │          Response per link : 0
  │              Flow per link : 81260
  │       Error abort per link : 0
  │       Active Pkt Bandwidth :       0 GB/s  (Utilization : 0 %)
  │      Passive Pkt Bandwidth : 0.113905 GB/s  (Utilization : 0.189842 %)
  │         Flow Pkt Bandwidth : 0.116459 GB/s  (Utilization : 0.194099 %)
  │       Downstream Bandwidth : 0.230364 GB/s  (Utilization : 0.383941 %)
  │         Upstream Bandwidth :       0 GB/s  (Utilization : 0 %)
  │            Total Bandwidth : 0.230364 GB/s  (Utilization : 0.19197 %)
  └───── Total effec Bandwidth : 0.0690959 GB/s

  ┌─────────────  [Link 62]   (HMC15_LK_D2)
  │              Read per link : 20614
  │             Write per link : 12329
  │            Atomic per link : 0
  │           Request per link : 32943
  │          Response per link : 0
  │              Flow per link : 86084
  │       Error abort per link : 0
  │       Active Pkt Bandwidth :       0 GB/s  (Utilization : 0 %)
  │      Passive Pkt Bandwidth : 0.117891 GB/s  (Utilization : 0.196485 %)
  │         Flow Pkt Bandwidth : 0.123373 GB/s  (Utilization : 0.205621 %)
  │       Downstream Bandwidth : 0.241264 GB/s  (Utilization : 0.402106 %)
  │         Upstream Bandwidth :       0 GB/s  (Utilization : 0 %)
  │            Total Bandwidth : 0.241264 GB/s  (Utilization : 0.201053 %)
  └───── Total effec Bandwidth : 0.0706781 GB/s

  ┌─────────────  [Link 63]   (HMC15_LK_U3)
  │              Read per link : 0
  │             Write per link : 0
  │            Atomic per link : 0
  │           Request per link : 0
  │          Response per link : 129584
  │              Flow per link : 289243
  │       Error abort per link : 0
  │       Active Pkt Bandwidth :       0 GB/s  (Utilization : 0 %)
  │      Passive Pkt Bandwidth : 0.638963 GB/s  (Utilization : 1.06494 %)
  │         Flow Pkt Bandwidth : 0.414534 GB/s  (Utilization : 0.690889 %)
  │       Downstream Bandwidth :       0 GB/s  (Utilization : 0 %)
  │         Upstream Bandwidth :  1.0535 GB/s  (Utilization : 1.75583 %)
  │            Total Bandwidth :  1.0535 GB/s  (Utilization : 0.877914 %)
  └───── Total effec Bandwidth : 0.453248 GB/s

  ┌─────────────  [Link 64]   (HC0_LK_D0)
  │              Read per link : 78927
  │             Write per link : 50368
  │            Atomic per link : 5031130
  │           Request per link : 5160425
  │          Response per link : 0
  │              Flow per link : 2512249
  │       Error abort per link : 0
  │       Active Pkt Bandwidth : 7.21632 GB/s  (Utilization : 12.0272 %)
  │      Passive Pkt Bandwidth : 0.474044 GB/s  (Utilization : 0.790074 %)
  │         Flow Pkt Bandwidth : 3.60047 GB/s  (Utilization : 6.00079 %)
  │       Downstream Bandwidth : 11.2908 GB/s  (Utilization : 18.8181 %)
  │         Upstream Bandwidth :       0 GB/s  (Utilization : 0 %)
  │            Total Bandwidth : 11.2908 GB/s  (Utilization : 9.40903 %)
  └───── Total effec Bandwidth : 0.288743 GB/s

  ┌─────────────  [Link 65]   (HC1_LK_D0)
  │              Read per link : 78978
  │             Write per link : 50445
  │            Atomic per link : 0
  │           Request per link : 129423
  │          Response per link : 0
  │              Flow per link : 336568
  │       Error abort per link : 0
  │       Active Pkt Bandwidth :       0 GB/s  (Utilization : 0 %)
  │      Passive Pkt Bandwidth : 0.474669 GB/s  (Utilization : 0.791115 %)
  │         Flow Pkt Bandwidth : 0.482358 GB/s  (Utilization : 0.80393 %)
  │       Downstream Bandwidth : 0.957027 GB/s  (Utilization : 1.59505 %)
  │         Upstream Bandwidth :       0 GB/s  (Utilization : 0 %)
  │            Total Bandwidth : 0.957027 GB/s  (Utilization : 0.797523 %)
  └───── Total effec Bandwidth : 0.289184 GB/s

  ┌─────────────  [Link 66]   (HC2_LK_D0)
  │              Read per link : 79089
  │             Write per link : 50415
  │            Atomic per link : 0
  │           Request per link : 129504
  │          Response per link : 0
  │              Flow per link : 336506
  │       Error abort per link : 0
  │       Active Pkt Bandwidth :       0 GB/s  (Utilization : 0 %)
  │      Passive Pkt Bandwidth : 0.474613 GB/s  (Utilization : 0.791022 %)
  │         Flow Pkt Bandwidth : 0.482269 GB/s  (Utilization : 0.803782 %)
  │       Downstream Bandwidth : 0.956883 GB/s  (Utilization : 1.5948 %)
  │         Upstream Bandwidth :       0 GB/s  (Utilization : 0 %)
  │            Total Bandwidth : 0.956883 GB/s  (Utilization : 0.797402 %)
  └───── Total effec Bandwidth : 0.289012 GB/s

  ┌─────────────  [Link 67]   (HC3_LK_D0)
  │              Read per link : 79064
  │             Write per link : 50520
  │            Atomic per link : 0
  │           Request per link : 129584
  │          Response per link : 0
  │              Flow per link : 336924
  │       Error abort per link : 0
  │       Active Pkt Bandwidth :       0 GB/s  (Utilization : 0 %)
  │      Passive Pkt Bandwidth : 0.47533 GB/s  (Utilization : 0.792217 %)
  │         Flow Pkt Bandwidth : 0.482868 GB/s  (Utilization : 0.804781 %)
  │       Downstream Bandwidth : 0.958198 GB/s  (Utilization : 1.597 %)
  │         Upstream Bandwidth :       0 GB/s  (Utilization : 0 %)
  │            Total Bandwidth : 0.958198 GB/s  (Utilization : 0.798499 %)
  └───── Total effec Bandwidth : 0.289614 GB/s

  Operand buffer stalls : [0] 2608542  [1] 0  [2] 163492  [3] 0  [4] 0  [5] 0  [6] 0  [7] 0  [8] 0  [9] 0  [10] 0  [11] 0  [12] 0  [13] 0  [14] 0  [15] 0  
  Total operand buffer stalls 2772034

  Number of updates : [0] 3720410  [1] 0  [2] 1310720  [3] 0  [4] 0  [5] 0  [6] 0  [7] 0  [8] 0  [9] 0  [10] 0  [11] 0  [12] 0  [13] 0  [14] 0  [15] 0  

  Number of operands : [0] 1169630  [1] 1310720  [2] 6341850  [3] 1240060  [4] 0  [5] 0  [6] 0  [7] 0  [8] 0  [9] 0  [10] 0  [11] 0  [12] 0  [13] 0  [14] 0  [15] 0  

