****************************************************************
*                      CasHMC version 1.1                      *
*                       result log file                        *
*            Date : 2018/07/24      Time : 19:36:08            *
****************************************************************

- Trace type : 
  ============= CasHMC statistic result =============

  Elapsed epoch : 132
  Elapsed clock : 132770017

        HMC bandwidth : 0.00319101 GB/s  (Considered only data size)
    Link HC bandwidth : 1.41745 GB/s  (Bandwidth flowing into HMC Network)
       Link bandwidth : 16.4157 GB/s  (Sum of bandwidth over 68 Links, Included flow packet)
 Effec Link bandwidth :  1.6826 GB/s  (Data bandwidth(sum) regardless of packet header and tail over 68 Links)
 Ef Link HC bandwidth : 0.00120493 GB/s  (Data bandwidth(sum) regardless of packet header and tail over CPU links injecting into HMCNET)
     Link utilization : 0.402345 %     (Max link bandwidth : 480 GB/S)

    Tran latency mean : 3240.32 ns
                 std  : 15013.5 ns
                 max  : 481481 ns
                 min  : 31 ns
    Link latency mean : 1.26617e+07 ns
                 std  : 6.57357e+06 ns
                 max  : 2.48944e+07 ns
                 min  : 28 ns
   Vault latency mean : 24.8254 ns
                 std  : 4.712 ns
                 max  : 132 ns
                 min  : 19.2 ns
   Retry latency mean : 0 ns
                 std  : 0 ns
                 max  : 0 ns
                 min  : 0 ns

           Read count : 3869
          Write count : 2356
         Atomic count : 15131136
        Request count : 15137361
       Response count : 7477327
           Flow count : 43017729
    Transaction count : 3554
    Error abort count : 0
    Error retry count : 0

  ┌─────────────  [Link 0]   (HMC0_LK_U0)
  │              Read per link : 0
  │             Write per link : 0
  │            Atomic per link : 0
  │           Request per link : 0
  │          Response per link : 2941
  │              Flow per link : 10294326
  │       Error abort per link : 0
  │       Active Pkt Bandwidth : 0.000918963 GB/s  (Utilization : 0.0015316 %)
  │      Passive Pkt Bandwidth : 0.00071425 GB/s  (Utilization : 0.00119042 %)
  │         Flow Pkt Bandwidth : 2.31072 GB/s  (Utilization : 3.85121 %)
  │       Downstream Bandwidth :       0 GB/s  (Utilization : 0 %)
  │         Upstream Bandwidth : 2.31236 GB/s  (Utilization : 3.85393 %)
  │            Total Bandwidth : 2.31236 GB/s  (Utilization : 1.92696 %)
  └───── Total effec Bandwidth : 0.000973059 GB/s

  ┌─────────────  [Link 1]   (HMC0_LK_D1)
  │              Read per link : 132
  │             Write per link : 78
  │            Atomic per link : 2161920
  │           Request per link : 2162130
  │          Response per link : 0
  │              Flow per link : 4826315
  │       Error abort per link : 0
  │       Active Pkt Bandwidth : 0.485334 GB/s  (Utilization : 0.808891 %)
  │      Passive Pkt Bandwidth : 0.000117171 GB/s  (Utilization : 0.000195285 %)
  │         Flow Pkt Bandwidth : 1.08334 GB/s  (Utilization : 1.80557 %)
  │       Downstream Bandwidth : 1.56879 GB/s  (Utilization : 2.61466 %)
  │         Upstream Bandwidth :       0 GB/s  (Utilization : 0 %)
  │            Total Bandwidth : 1.56879 GB/s  (Utilization : 1.30733 %)
  └───── Total effec Bandwidth : 7.00333e-05 GB/s

  ┌─────────────  [Link 2]   (HMC0_LK_D2)
  │              Read per link : 138
  │             Write per link : 87
  │            Atomic per link : 2161920
  │           Request per link : 2162145
  │          Response per link : 0
  │              Flow per link : 4736313
  │       Error abort per link : 0
  │       Active Pkt Bandwidth : 0.485334 GB/s  (Utilization : 0.808891 %)
  │      Passive Pkt Bandwidth : 0.000128619 GB/s  (Utilization : 0.000214365 %)
  │         Flow Pkt Bandwidth : 1.06314 GB/s  (Utilization : 1.7719 %)
  │       Downstream Bandwidth :  1.5486 GB/s  (Utilization : 2.58101 %)
  │         Upstream Bandwidth :       0 GB/s  (Utilization : 0 %)
  │            Total Bandwidth :  1.5486 GB/s  (Utilization : 1.2905 %)
  └───── Total effec Bandwidth : 7.81141e-05 GB/s

  ┌─────────────  [Link 3]   (HMC0_LK_D3)
  │              Read per link : 151
  │             Write per link : 84
  │            Atomic per link : 4518912
  │           Request per link : 4519147
  │          Response per link : 0
  │              Flow per link : 4670754
  │       Error abort per link : 0
  │       Active Pkt Bandwidth : 1.01463 GB/s  (Utilization : 1.69105 %)
  │      Passive Pkt Bandwidth : 0.00012817 GB/s  (Utilization : 0.000213617 %)
  │         Flow Pkt Bandwidth : 1.04842 GB/s  (Utilization : 1.74737 %)
  │       Downstream Bandwidth : 2.06318 GB/s  (Utilization : 3.43863 %)
  │         Upstream Bandwidth :       0 GB/s  (Utilization : 0 %)
  │            Total Bandwidth : 2.06318 GB/s  (Utilization : 1.71932 %)
  └───── Total effec Bandwidth : 7.54205e-05 GB/s

  ┌─────────────  [Link 4]   (HMC1_LK_D0)
  │              Read per link : 0
  │             Write per link : 0
  │            Atomic per link : 0
  │           Request per link : 0
  │          Response per link : 1965778
  │              Flow per link : 5289123
  │       Error abort per link : 0
  │       Active Pkt Bandwidth : 0.882405 GB/s  (Utilization : 1.47068 %)
  │      Passive Pkt Bandwidth : 0.000165656 GB/s  (Utilization : 0.000276093 %)
  │         Flow Pkt Bandwidth : 1.18723 GB/s  (Utilization : 1.97871 %)
  │       Downstream Bandwidth :  2.0698 GB/s  (Utilization : 3.44966 %)
  │         Upstream Bandwidth :       0 GB/s  (Utilization : 0 %)
  │            Total Bandwidth :  2.0698 GB/s  (Utilization : 1.72483 %)
  └───── Total effec Bandwidth : 0.441321 GB/s

  ┌─────────────  [Link 5]   (HMC1_LK_D1)
  │              Read per link : 0
  │             Write per link : 0
  │            Atomic per link : 0
  │           Request per link : 0
  │          Response per link : 0
  │              Flow per link : 0
  │       Error abort per link : 0
  │       Active Pkt Bandwidth :       0 GB/s  (Utilization : 0 %)
  │      Passive Pkt Bandwidth :       0 GB/s  (Utilization : 0 %)
  │         Flow Pkt Bandwidth :       0 GB/s  (Utilization : 0 %)
  │       Downstream Bandwidth :       0 GB/s  (Utilization : 0 %)
  │         Upstream Bandwidth :       0 GB/s  (Utilization : 0 %)
  │            Total Bandwidth :       0 GB/s  (Utilization : 0 %)
  └───── Total effec Bandwidth :       0 GB/s

  ┌─────────────  [Link 6]   (HMC1_LK_D2)
  │              Read per link : 0
  │             Write per link : 0
  │            Atomic per link : 0
  │           Request per link : 0
  │          Response per link : 0
  │              Flow per link : 0
  │       Error abort per link : 0
  │       Active Pkt Bandwidth :       0 GB/s  (Utilization : 0 %)
  │      Passive Pkt Bandwidth :       0 GB/s  (Utilization : 0 %)
  │         Flow Pkt Bandwidth :       0 GB/s  (Utilization : 0 %)
  │       Downstream Bandwidth :       0 GB/s  (Utilization : 0 %)
  │         Upstream Bandwidth :       0 GB/s  (Utilization : 0 %)
  │            Total Bandwidth :       0 GB/s  (Utilization : 0 %)
  └───── Total effec Bandwidth :       0 GB/s

  ┌─────────────  [Link 7]   (HMC1_LK_D3)
  │              Read per link : 0
  │             Write per link : 0
  │            Atomic per link : 0
  │           Request per link : 0
  │          Response per link : 0
  │              Flow per link : 0
  │       Error abort per link : 0
  │       Active Pkt Bandwidth :       0 GB/s  (Utilization : 0 %)
  │      Passive Pkt Bandwidth :       0 GB/s  (Utilization : 0 %)
  │         Flow Pkt Bandwidth :       0 GB/s  (Utilization : 0 %)
  │       Downstream Bandwidth :       0 GB/s  (Utilization : 0 %)
  │         Upstream Bandwidth :       0 GB/s  (Utilization : 0 %)
  │            Total Bandwidth :       0 GB/s  (Utilization : 0 %)
  └───── Total effec Bandwidth :       0 GB/s

  ┌─────────────  [Link 8]   (HMC2_LK_D0)
  │              Read per link : 0
  │             Write per link : 0
  │            Atomic per link : 0
  │           Request per link : 0
  │          Response per link : 1965793
  │              Flow per link : 5237079
  │       Error abort per link : 0
  │       Active Pkt Bandwidth : 0.882405 GB/s  (Utilization : 1.47068 %)
  │      Passive Pkt Bandwidth : 0.00017441 GB/s  (Utilization : 0.000290683 %)
  │         Flow Pkt Bandwidth : 1.17554 GB/s  (Utilization : 1.95924 %)
  │       Downstream Bandwidth : 2.05812 GB/s  (Utilization : 3.43021 %)
  │         Upstream Bandwidth :       0 GB/s  (Utilization : 0 %)
  │            Total Bandwidth : 2.05812 GB/s  (Utilization : 1.7151 %)
  └───── Total effec Bandwidth : 0.441327 GB/s

  ┌─────────────  [Link 9]   (HMC2_LK_D1)
  │              Read per link : 0
  │             Write per link : 0
  │            Atomic per link : 0
  │           Request per link : 0
  │          Response per link : 0
  │              Flow per link : 0
  │       Error abort per link : 0
  │       Active Pkt Bandwidth :       0 GB/s  (Utilization : 0 %)
  │      Passive Pkt Bandwidth :       0 GB/s  (Utilization : 0 %)
  │         Flow Pkt Bandwidth :       0 GB/s  (Utilization : 0 %)
  │       Downstream Bandwidth :       0 GB/s  (Utilization : 0 %)
  │         Upstream Bandwidth :       0 GB/s  (Utilization : 0 %)
  │            Total Bandwidth :       0 GB/s  (Utilization : 0 %)
  └───── Total effec Bandwidth :       0 GB/s

  ┌─────────────  [Link 10]   (HMC2_LK_D2)
  │              Read per link : 0
  │             Write per link : 0
  │            Atomic per link : 0
  │           Request per link : 0
  │          Response per link : 0
  │              Flow per link : 0
  │       Error abort per link : 0
  │       Active Pkt Bandwidth :       0 GB/s  (Utilization : 0 %)
  │      Passive Pkt Bandwidth :       0 GB/s  (Utilization : 0 %)
  │         Flow Pkt Bandwidth :       0 GB/s  (Utilization : 0 %)
  │       Downstream Bandwidth :       0 GB/s  (Utilization : 0 %)
  │         Upstream Bandwidth :       0 GB/s  (Utilization : 0 %)
  │            Total Bandwidth :       0 GB/s  (Utilization : 0 %)
  └───── Total effec Bandwidth :       0 GB/s

  ┌─────────────  [Link 11]   (HMC2_LK_D3)
  │              Read per link : 0
  │             Write per link : 0
  │            Atomic per link : 0
  │           Request per link : 0
  │          Response per link : 0
  │              Flow per link : 0
  │       Error abort per link : 0
  │       Active Pkt Bandwidth :       0 GB/s  (Utilization : 0 %)
  │      Passive Pkt Bandwidth :       0 GB/s  (Utilization : 0 %)
  │         Flow Pkt Bandwidth :       0 GB/s  (Utilization : 0 %)
  │       Downstream Bandwidth :       0 GB/s  (Utilization : 0 %)
  │         Upstream Bandwidth :       0 GB/s  (Utilization : 0 %)
  │            Total Bandwidth :       0 GB/s  (Utilization : 0 %)
  └───── Total effec Bandwidth :       0 GB/s

  ┌─────────────  [Link 12]   (HMC3_LK_D0)
  │              Read per link : 0
  │             Write per link : 0
  │            Atomic per link : 0
  │           Request per link : 0
  │          Response per link : 3538154
  │              Flow per link : 7932134
  │       Error abort per link : 0
  │       Active Pkt Bandwidth : 1.58828 GB/s  (Utilization : 2.64714 %)
  │      Passive Pkt Bandwidth : 0.000188327 GB/s  (Utilization : 0.000313878 %)
  │         Flow Pkt Bandwidth : 1.78049 GB/s  (Utilization : 2.96749 %)
  │       Downstream Bandwidth : 3.36896 GB/s  (Utilization : 5.61494 %)
  │         Upstream Bandwidth :       0 GB/s  (Utilization : 0 %)
  │            Total Bandwidth : 3.36896 GB/s  (Utilization : 2.80747 %)
  └───── Total effec Bandwidth : 0.794277 GB/s

  ┌─────────────  [Link 13]   (HMC3_LK_D1)
  │              Read per link : 0
  │             Write per link : 0
  │            Atomic per link : 0
  │           Request per link : 0
  │          Response per link : 0
  │              Flow per link : 0
  │       Error abort per link : 0
  │       Active Pkt Bandwidth :       0 GB/s  (Utilization : 0 %)
  │      Passive Pkt Bandwidth :       0 GB/s  (Utilization : 0 %)
  │         Flow Pkt Bandwidth :       0 GB/s  (Utilization : 0 %)
  │       Downstream Bandwidth :       0 GB/s  (Utilization : 0 %)
  │         Upstream Bandwidth :       0 GB/s  (Utilization : 0 %)
  │            Total Bandwidth :       0 GB/s  (Utilization : 0 %)
  └───── Total effec Bandwidth :       0 GB/s

  ┌─────────────  [Link 14]   (HMC3_LK_D2)
  │              Read per link : 0
  │             Write per link : 0
  │            Atomic per link : 0
  │           Request per link : 0
  │          Response per link : 0
  │              Flow per link : 0
  │       Error abort per link : 0
  │       Active Pkt Bandwidth :       0 GB/s  (Utilization : 0 %)
  │      Passive Pkt Bandwidth :       0 GB/s  (Utilization : 0 %)
  │         Flow Pkt Bandwidth :       0 GB/s  (Utilization : 0 %)
  │       Downstream Bandwidth :       0 GB/s  (Utilization : 0 %)
  │         Upstream Bandwidth :       0 GB/s  (Utilization : 0 %)
  │            Total Bandwidth :       0 GB/s  (Utilization : 0 %)
  └───── Total effec Bandwidth :       0 GB/s

  ┌─────────────  [Link 15]   (HMC3_LK_D3)
  │              Read per link : 0
  │             Write per link : 0
  │            Atomic per link : 0
  │           Request per link : 0
  │          Response per link : 0
  │              Flow per link : 0
  │       Error abort per link : 0
  │       Active Pkt Bandwidth :       0 GB/s  (Utilization : 0 %)
  │      Passive Pkt Bandwidth :       0 GB/s  (Utilization : 0 %)
  │         Flow Pkt Bandwidth :       0 GB/s  (Utilization : 0 %)
  │       Downstream Bandwidth :       0 GB/s  (Utilization : 0 %)
  │         Upstream Bandwidth :       0 GB/s  (Utilization : 0 %)
  │            Total Bandwidth :       0 GB/s  (Utilization : 0 %)
  └───── Total effec Bandwidth :       0 GB/s

  ┌─────────────  [Link 16]   (HMC4_LK_D0)
  │              Read per link : 0
  │             Write per link : 0
  │            Atomic per link : 0
  │           Request per link : 0
  │          Response per link : 0
  │              Flow per link : 0
  │       Error abort per link : 0
  │       Active Pkt Bandwidth :       0 GB/s  (Utilization : 0 %)
  │      Passive Pkt Bandwidth :       0 GB/s  (Utilization : 0 %)
  │         Flow Pkt Bandwidth :       0 GB/s  (Utilization : 0 %)
  │       Downstream Bandwidth :       0 GB/s  (Utilization : 0 %)
  │         Upstream Bandwidth :       0 GB/s  (Utilization : 0 %)
  │            Total Bandwidth :       0 GB/s  (Utilization : 0 %)
  └───── Total effec Bandwidth :       0 GB/s

  ┌─────────────  [Link 17]   (HMC4_LK_D1)
  │              Read per link : 0
  │             Write per link : 0
  │            Atomic per link : 0
  │           Request per link : 0
  │          Response per link : 228
  │              Flow per link : 539
  │       Error abort per link : 0
  │       Active Pkt Bandwidth :       0 GB/s  (Utilization : 0 %)
  │      Passive Pkt Bandwidth : 0.000190347 GB/s  (Utilization : 0.000317245 %)
  │         Flow Pkt Bandwidth : 0.000120987 GB/s  (Utilization : 0.000201645 %)
  │       Downstream Bandwidth : 0.000311334 GB/s  (Utilization : 0.00051889 %)
  │         Upstream Bandwidth :       0 GB/s  (Utilization : 0 %)
  │            Total Bandwidth : 0.000311334 GB/s  (Utilization : 0.000259445 %)
  └───── Total effec Bandwidth : 0.000139169 GB/s

  ┌─────────────  [Link 18]   (HMC4_LK_D2)
  │              Read per link : 0
  │             Write per link : 0
  │            Atomic per link : 0
  │           Request per link : 0
  │          Response per link : 0
  │              Flow per link : 0
  │       Error abort per link : 0
  │       Active Pkt Bandwidth :       0 GB/s  (Utilization : 0 %)
  │      Passive Pkt Bandwidth :       0 GB/s  (Utilization : 0 %)
  │         Flow Pkt Bandwidth :       0 GB/s  (Utilization : 0 %)
  │       Downstream Bandwidth :       0 GB/s  (Utilization : 0 %)
  │         Upstream Bandwidth :       0 GB/s  (Utilization : 0 %)
  │            Total Bandwidth :       0 GB/s  (Utilization : 0 %)
  └───── Total effec Bandwidth :       0 GB/s

  ┌─────────────  [Link 19]   (HMC4_LK_D3)
  │              Read per link : 0
  │             Write per link : 0
  │            Atomic per link : 0
  │           Request per link : 0
  │          Response per link : 0
  │              Flow per link : 0
  │       Error abort per link : 0
  │       Active Pkt Bandwidth :       0 GB/s  (Utilization : 0 %)
  │      Passive Pkt Bandwidth :       0 GB/s  (Utilization : 0 %)
  │         Flow Pkt Bandwidth :       0 GB/s  (Utilization : 0 %)
  │       Downstream Bandwidth :       0 GB/s  (Utilization : 0 %)
  │         Upstream Bandwidth :       0 GB/s  (Utilization : 0 %)
  │            Total Bandwidth :       0 GB/s  (Utilization : 0 %)
  └───── Total effec Bandwidth :       0 GB/s

  ┌─────────────  [Link 20]   (HMC5_LK_D0)
  │              Read per link : 155
  │             Write per link : 73
  │            Atomic per link : 0
  │           Request per link : 228
  │          Response per link : 0
  │              Flow per link : 609
  │       Error abort per link : 0
  │       Active Pkt Bandwidth :       0 GB/s  (Utilization : 0 %)
  │      Passive Pkt Bandwidth : 0.000116722 GB/s  (Utilization : 0.000194537 %)
  │         Flow Pkt Bandwidth : 0.0001367 GB/s  (Utilization : 0.000227833 %)
  │       Downstream Bandwidth : 0.000253422 GB/s  (Utilization : 0.00042237 %)
  │         Upstream Bandwidth :       0 GB/s  (Utilization : 0 %)
  │            Total Bandwidth : 0.000253422 GB/s  (Utilization : 0.000211185 %)
  └───── Total effec Bandwidth : 6.5544e-05 GB/s

  ┌─────────────  [Link 21]   (HMC5_LK_U1)
  │              Read per link : 0
  │             Write per link : 0
  │            Atomic per link : 0
  │           Request per link : 0
  │          Response per link : 886
  │              Flow per link : 2088
  │       Error abort per link : 0
  │       Active Pkt Bandwidth :       0 GB/s  (Utilization : 0 %)
  │      Passive Pkt Bandwidth : 0.000693599 GB/s  (Utilization : 0.001156 %)
  │         Flow Pkt Bandwidth : 0.000468685 GB/s  (Utilization : 0.000781141 %)
  │       Downstream Bandwidth :       0 GB/s  (Utilization : 0 %)
  │         Upstream Bandwidth : 0.00116228 GB/s  (Utilization : 0.00193714 %)
  │            Total Bandwidth : 0.00116228 GB/s  (Utilization : 0.00096857 %)
  └───── Total effec Bandwidth : 0.000494723 GB/s

  ┌─────────────  [Link 22]   (HMC5_LK_D2)
  │              Read per link : 129
  │             Write per link : 82
  │            Atomic per link : 0
  │           Request per link : 211
  │          Response per link : 0
  │              Flow per link : 566
  │       Error abort per link : 0
  │       Active Pkt Bandwidth :       0 GB/s  (Utilization : 0 %)
  │      Passive Pkt Bandwidth : 0.000120987 GB/s  (Utilization : 0.000201645 %)
  │         Flow Pkt Bandwidth : 0.000127048 GB/s  (Utilization : 0.000211746 %)
  │       Downstream Bandwidth : 0.000248035 GB/s  (Utilization : 0.000413391 %)
  │         Upstream Bandwidth :       0 GB/s  (Utilization : 0 %)
  │            Total Bandwidth : 0.000248035 GB/s  (Utilization : 0.000206696 %)
  └───── Total effec Bandwidth : 7.36248e-05 GB/s

  ┌─────────────  [Link 23]   (HMC5_LK_D3)
  │              Read per link : 138
  │             Write per link : 103
  │            Atomic per link : 0
  │           Request per link : 241
  │          Response per link : 0
  │              Flow per link : 636
  │       Error abort per link : 0
  │       Active Pkt Bandwidth :       0 GB/s  (Utilization : 0 %)
  │      Passive Pkt Bandwidth : 0.000146576 GB/s  (Utilization : 0.000244294 %)
  │         Flow Pkt Bandwidth : 0.00014276 GB/s  (Utilization : 0.000237934 %)
  │       Downstream Bandwidth : 0.000289336 GB/s  (Utilization : 0.000482227 %)
  │         Upstream Bandwidth :       0 GB/s  (Utilization : 0 %)
  │            Total Bandwidth : 0.000289336 GB/s  (Utilization : 0.000241114 %)
  └───── Total effec Bandwidth : 9.24799e-05 GB/s

  ┌─────────────  [Link 24]   (HMC6_LK_D0)
  │              Read per link : 0
  │             Write per link : 0
  │            Atomic per link : 0
  │           Request per link : 0
  │          Response per link : 0
  │              Flow per link : 0
  │       Error abort per link : 0
  │       Active Pkt Bandwidth :       0 GB/s  (Utilization : 0 %)
  │      Passive Pkt Bandwidth :       0 GB/s  (Utilization : 0 %)
  │         Flow Pkt Bandwidth :       0 GB/s  (Utilization : 0 %)
  │       Downstream Bandwidth :       0 GB/s  (Utilization : 0 %)
  │         Upstream Bandwidth :       0 GB/s  (Utilization : 0 %)
  │            Total Bandwidth :       0 GB/s  (Utilization : 0 %)
  └───── Total effec Bandwidth :       0 GB/s

  ┌─────────────  [Link 25]   (HMC6_LK_D1)
  │              Read per link : 0
  │             Write per link : 0
  │            Atomic per link : 0
  │           Request per link : 0
  │          Response per link : 211
  │              Flow per link : 499
  │       Error abort per link : 0
  │       Active Pkt Bandwidth :       0 GB/s  (Utilization : 0 %)
  │      Passive Pkt Bandwidth : 0.000163187 GB/s  (Utilization : 0.000271978 %)
  │         Flow Pkt Bandwidth : 0.000112008 GB/s  (Utilization : 0.000186681 %)
  │       Downstream Bandwidth : 0.000275195 GB/s  (Utilization : 0.000458658 %)
  │         Upstream Bandwidth :       0 GB/s  (Utilization : 0 %)
  │            Total Bandwidth : 0.000275195 GB/s  (Utilization : 0.000229329 %)
  └───── Total effec Bandwidth : 0.000115824 GB/s

  ┌─────────────  [Link 26]   (HMC6_LK_D2)
  │              Read per link : 0
  │             Write per link : 0
  │            Atomic per link : 0
  │           Request per link : 0
  │          Response per link : 0
  │              Flow per link : 0
  │       Error abort per link : 0
  │       Active Pkt Bandwidth :       0 GB/s  (Utilization : 0 %)
  │      Passive Pkt Bandwidth :       0 GB/s  (Utilization : 0 %)
  │         Flow Pkt Bandwidth :       0 GB/s  (Utilization : 0 %)
  │       Downstream Bandwidth :       0 GB/s  (Utilization : 0 %)
  │         Upstream Bandwidth :       0 GB/s  (Utilization : 0 %)
  │            Total Bandwidth :       0 GB/s  (Utilization : 0 %)
  └───── Total effec Bandwidth :       0 GB/s

  ┌─────────────  [Link 27]   (HMC6_LK_D3)
  │              Read per link : 0
  │             Write per link : 0
  │            Atomic per link : 0
  │           Request per link : 0
  │          Response per link : 0
  │              Flow per link : 0
  │       Error abort per link : 0
  │       Active Pkt Bandwidth :       0 GB/s  (Utilization : 0 %)
  │      Passive Pkt Bandwidth :       0 GB/s  (Utilization : 0 %)
  │         Flow Pkt Bandwidth :       0 GB/s  (Utilization : 0 %)
  │       Downstream Bandwidth :       0 GB/s  (Utilization : 0 %)
  │         Upstream Bandwidth :       0 GB/s  (Utilization : 0 %)
  │            Total Bandwidth :       0 GB/s  (Utilization : 0 %)
  └───── Total effec Bandwidth :       0 GB/s

  ┌─────────────  [Link 28]   (HMC7_LK_D0)
  │              Read per link : 0
  │             Write per link : 0
  │            Atomic per link : 0
  │           Request per link : 0
  │          Response per link : 0
  │              Flow per link : 0
  │       Error abort per link : 0
  │       Active Pkt Bandwidth :       0 GB/s  (Utilization : 0 %)
  │      Passive Pkt Bandwidth :       0 GB/s  (Utilization : 0 %)
  │         Flow Pkt Bandwidth :       0 GB/s  (Utilization : 0 %)
  │       Downstream Bandwidth :       0 GB/s  (Utilization : 0 %)
  │         Upstream Bandwidth :       0 GB/s  (Utilization : 0 %)
  │            Total Bandwidth :       0 GB/s  (Utilization : 0 %)
  └───── Total effec Bandwidth :       0 GB/s

  ┌─────────────  [Link 29]   (HMC7_LK_D1)
  │              Read per link : 0
  │             Write per link : 0
  │            Atomic per link : 0
  │           Request per link : 0
  │          Response per link : 241
  │              Flow per link : 549
  │       Error abort per link : 0
  │       Active Pkt Bandwidth :       0 GB/s  (Utilization : 0 %)
  │      Passive Pkt Bandwidth : 0.000178001 GB/s  (Utilization : 0.000296669 %)
  │         Flow Pkt Bandwidth : 0.000123232 GB/s  (Utilization : 0.000205386 %)
  │       Downstream Bandwidth : 0.000301233 GB/s  (Utilization : 0.000502055 %)
  │         Upstream Bandwidth :       0 GB/s  (Utilization : 0 %)
  │            Total Bandwidth : 0.000301233 GB/s  (Utilization : 0.000251028 %)
  └───── Total effec Bandwidth : 0.000123905 GB/s

  ┌─────────────  [Link 30]   (HMC7_LK_D2)
  │              Read per link : 0
  │             Write per link : 0
  │            Atomic per link : 0
  │           Request per link : 0
  │          Response per link : 0
  │              Flow per link : 0
  │       Error abort per link : 0
  │       Active Pkt Bandwidth :       0 GB/s  (Utilization : 0 %)
  │      Passive Pkt Bandwidth :       0 GB/s  (Utilization : 0 %)
  │         Flow Pkt Bandwidth :       0 GB/s  (Utilization : 0 %)
  │       Downstream Bandwidth :       0 GB/s  (Utilization : 0 %)
  │         Upstream Bandwidth :       0 GB/s  (Utilization : 0 %)
  │            Total Bandwidth :       0 GB/s  (Utilization : 0 %)
  └───── Total effec Bandwidth :       0 GB/s

  ┌─────────────  [Link 31]   (HMC7_LK_D3)
  │              Read per link : 0
  │             Write per link : 0
  │            Atomic per link : 0
  │           Request per link : 0
  │          Response per link : 0
  │              Flow per link : 0
  │       Error abort per link : 0
  │       Active Pkt Bandwidth :       0 GB/s  (Utilization : 0 %)
  │      Passive Pkt Bandwidth :       0 GB/s  (Utilization : 0 %)
  │         Flow Pkt Bandwidth :       0 GB/s  (Utilization : 0 %)
  │       Downstream Bandwidth :       0 GB/s  (Utilization : 0 %)
  │         Upstream Bandwidth :       0 GB/s  (Utilization : 0 %)
  │            Total Bandwidth :       0 GB/s  (Utilization : 0 %)
  └───── Total effec Bandwidth :       0 GB/s

  ┌─────────────  [Link 32]   (HMC8_LK_D0)
  │              Read per link : 0
  │             Write per link : 0
  │            Atomic per link : 0
  │           Request per link : 0
  │          Response per link : 0
  │              Flow per link : 0
  │       Error abort per link : 0
  │       Active Pkt Bandwidth :       0 GB/s  (Utilization : 0 %)
  │      Passive Pkt Bandwidth :       0 GB/s  (Utilization : 0 %)
  │         Flow Pkt Bandwidth :       0 GB/s  (Utilization : 0 %)
  │       Downstream Bandwidth :       0 GB/s  (Utilization : 0 %)
  │         Upstream Bandwidth :       0 GB/s  (Utilization : 0 %)
  │            Total Bandwidth :       0 GB/s  (Utilization : 0 %)
  └───── Total effec Bandwidth :       0 GB/s

  ┌─────────────  [Link 33]   (HMC8_LK_D1)
  │              Read per link : 0
  │             Write per link : 0
  │            Atomic per link : 0
  │           Request per link : 0
  │          Response per link : 0
  │              Flow per link : 0
  │       Error abort per link : 0
  │       Active Pkt Bandwidth :       0 GB/s  (Utilization : 0 %)
  │      Passive Pkt Bandwidth :       0 GB/s  (Utilization : 0 %)
  │         Flow Pkt Bandwidth :       0 GB/s  (Utilization : 0 %)
  │       Downstream Bandwidth :       0 GB/s  (Utilization : 0 %)
  │         Upstream Bandwidth :       0 GB/s  (Utilization : 0 %)
  │            Total Bandwidth :       0 GB/s  (Utilization : 0 %)
  └───── Total effec Bandwidth :       0 GB/s

  ┌─────────────  [Link 34]   (HMC8_LK_D2)
  │              Read per link : 0
  │             Write per link : 0
  │            Atomic per link : 0
  │           Request per link : 0
  │          Response per link : 213
  │              Flow per link : 505
  │       Error abort per link : 0
  │       Active Pkt Bandwidth :       0 GB/s  (Utilization : 0 %)
  │      Passive Pkt Bandwidth : 0.000167227 GB/s  (Utilization : 0.000278712 %)
  │         Flow Pkt Bandwidth : 0.000113355 GB/s  (Utilization : 0.000188925 %)
  │       Downstream Bandwidth : 0.000280582 GB/s  (Utilization : 0.000467637 %)
  │         Upstream Bandwidth :       0 GB/s  (Utilization : 0 %)
  │            Total Bandwidth : 0.000280582 GB/s  (Utilization : 0.000233818 %)
  └───── Total effec Bandwidth : 0.000119416 GB/s

  ┌─────────────  [Link 35]   (HMC8_LK_D3)
  │              Read per link : 0
  │             Write per link : 0
  │            Atomic per link : 0
  │           Request per link : 0
  │          Response per link : 0
  │              Flow per link : 0
  │       Error abort per link : 0
  │       Active Pkt Bandwidth :       0 GB/s  (Utilization : 0 %)
  │      Passive Pkt Bandwidth :       0 GB/s  (Utilization : 0 %)
  │         Flow Pkt Bandwidth :       0 GB/s  (Utilization : 0 %)
  │       Downstream Bandwidth :       0 GB/s  (Utilization : 0 %)
  │         Upstream Bandwidth :       0 GB/s  (Utilization : 0 %)
  │            Total Bandwidth :       0 GB/s  (Utilization : 0 %)
  └───── Total effec Bandwidth :       0 GB/s

  ┌─────────────  [Link 36]   (HMC9_LK_D0)
  │              Read per link : 0
  │             Write per link : 0
  │            Atomic per link : 0
  │           Request per link : 0
  │          Response per link : 0
  │              Flow per link : 0
  │       Error abort per link : 0
  │       Active Pkt Bandwidth :       0 GB/s  (Utilization : 0 %)
  │      Passive Pkt Bandwidth :       0 GB/s  (Utilization : 0 %)
  │         Flow Pkt Bandwidth :       0 GB/s  (Utilization : 0 %)
  │       Downstream Bandwidth :       0 GB/s  (Utilization : 0 %)
  │         Upstream Bandwidth :       0 GB/s  (Utilization : 0 %)
  │            Total Bandwidth :       0 GB/s  (Utilization : 0 %)
  └───── Total effec Bandwidth :       0 GB/s

  ┌─────────────  [Link 37]   (HMC9_LK_D1)
  │              Read per link : 0
  │             Write per link : 0
  │            Atomic per link : 0
  │           Request per link : 0
  │          Response per link : 0
  │              Flow per link : 0
  │       Error abort per link : 0
  │       Active Pkt Bandwidth :       0 GB/s  (Utilization : 0 %)
  │      Passive Pkt Bandwidth :       0 GB/s  (Utilization : 0 %)
  │         Flow Pkt Bandwidth :       0 GB/s  (Utilization : 0 %)
  │       Downstream Bandwidth :       0 GB/s  (Utilization : 0 %)
  │         Upstream Bandwidth :       0 GB/s  (Utilization : 0 %)
  │            Total Bandwidth :       0 GB/s  (Utilization : 0 %)
  └───── Total effec Bandwidth :       0 GB/s

  ┌─────────────  [Link 38]   (HMC9_LK_D2)
  │              Read per link : 0
  │             Write per link : 0
  │            Atomic per link : 0
  │           Request per link : 0
  │          Response per link : 218
  │              Flow per link : 510
  │       Error abort per link : 0
  │       Active Pkt Bandwidth :       0 GB/s  (Utilization : 0 %)
  │      Passive Pkt Bandwidth : 0.000165656 GB/s  (Utilization : 0.000276093 %)
  │         Flow Pkt Bandwidth : 0.000114478 GB/s  (Utilization : 0.000190796 %)
  │       Downstream Bandwidth : 0.000280133 GB/s  (Utilization : 0.000466889 %)
  │         Upstream Bandwidth :       0 GB/s  (Utilization : 0 %)
  │            Total Bandwidth : 0.000280133 GB/s  (Utilization : 0.000233444 %)
  └───── Total effec Bandwidth : 0.000116722 GB/s

  ┌─────────────  [Link 39]   (HMC9_LK_D3)
  │              Read per link : 0
  │             Write per link : 0
  │            Atomic per link : 0
  │           Request per link : 0
  │          Response per link : 0
  │              Flow per link : 0
  │       Error abort per link : 0
  │       Active Pkt Bandwidth :       0 GB/s  (Utilization : 0 %)
  │      Passive Pkt Bandwidth :       0 GB/s  (Utilization : 0 %)
  │         Flow Pkt Bandwidth :       0 GB/s  (Utilization : 0 %)
  │       Downstream Bandwidth :       0 GB/s  (Utilization : 0 %)
  │         Upstream Bandwidth :       0 GB/s  (Utilization : 0 %)
  │            Total Bandwidth :       0 GB/s  (Utilization : 0 %)
  └───── Total effec Bandwidth :       0 GB/s

  ┌─────────────  [Link 40]   (HMC10_LK_D0)
  │              Read per link : 133
  │             Write per link : 80
  │            Atomic per link : 0
  │           Request per link : 213
  │          Response per link : 0
  │              Flow per link : 572
  │       Error abort per link : 0
  │       Active Pkt Bandwidth :       0 GB/s  (Utilization : 0 %)
  │      Passive Pkt Bandwidth : 0.00011964 GB/s  (Utilization : 0.0001994 %)
  │         Flow Pkt Bandwidth : 0.000128394 GB/s  (Utilization : 0.000213991 %)
  │       Downstream Bandwidth : 0.000248035 GB/s  (Utilization : 0.000413391 %)
  │         Upstream Bandwidth :       0 GB/s  (Utilization : 0 %)
  │            Total Bandwidth : 0.000248035 GB/s  (Utilization : 0.000206696 %)
  └───── Total effec Bandwidth : 7.1829e-05 GB/s

  ┌─────────────  [Link 41]   (HMC10_LK_D1)
  │              Read per link : 130
  │             Write per link : 88
  │            Atomic per link : 0
  │           Request per link : 218
  │          Response per link : 0
  │              Flow per link : 580
  │       Error abort per link : 0
  │       Active Pkt Bandwidth :       0 GB/s  (Utilization : 0 %)
  │      Passive Pkt Bandwidth : 0.000127945 GB/s  (Utilization : 0.000213242 %)
  │         Flow Pkt Bandwidth : 0.00013019 GB/s  (Utilization : 0.000216984 %)
  │       Downstream Bandwidth : 0.000258136 GB/s  (Utilization : 0.000430226 %)
  │         Upstream Bandwidth :       0 GB/s  (Utilization : 0 %)
  │            Total Bandwidth : 0.000258136 GB/s  (Utilization : 0.000215113 %)
  └───── Total effec Bandwidth : 7.90119e-05 GB/s

  ┌─────────────  [Link 42]   (HMC10_LK_U2)
  │              Read per link : 0
  │             Write per link : 0
  │            Atomic per link : 0
  │           Request per link : 0
  │          Response per link : 882
  │              Flow per link : 2071
  │       Error abort per link : 0
  │       Active Pkt Bandwidth :       0 GB/s  (Utilization : 0 %)
  │      Passive Pkt Bandwidth : 0.000681029 GB/s  (Utilization : 0.00113505 %)
  │         Flow Pkt Bandwidth : 0.000464869 GB/s  (Utilization : 0.000774781 %)
  │       Downstream Bandwidth :       0 GB/s  (Utilization : 0 %)
  │         Upstream Bandwidth : 0.0011459 GB/s  (Utilization : 0.00190983 %)
  │            Total Bandwidth : 0.0011459 GB/s  (Utilization : 0.000954915 %)
  └───── Total effec Bandwidth : 0.00048305 GB/s

  ┌─────────────  [Link 43]   (HMC10_LK_D3)
  │              Read per link : 145
  │             Write per link : 84
  │            Atomic per link : 0
  │           Request per link : 229
  │          Response per link : 0
  │              Flow per link : 613
  │       Error abort per link : 0
  │       Active Pkt Bandwidth :       0 GB/s  (Utilization : 0 %)
  │      Passive Pkt Bandwidth : 0.000126823 GB/s  (Utilization : 0.000211372 %)
  │         Flow Pkt Bandwidth : 0.000137598 GB/s  (Utilization : 0.000229329 %)
  │       Downstream Bandwidth : 0.000264421 GB/s  (Utilization : 0.000440701 %)
  │         Upstream Bandwidth :       0 GB/s  (Utilization : 0 %)
  │            Total Bandwidth : 0.000264421 GB/s  (Utilization : 0.000220351 %)
  └───── Total effec Bandwidth : 7.54205e-05 GB/s

  ┌─────────────  [Link 44]   (HMC11_LK_D0)
  │              Read per link : 0
  │             Write per link : 0
  │            Atomic per link : 0
  │           Request per link : 0
  │          Response per link : 0
  │              Flow per link : 0
  │       Error abort per link : 0
  │       Active Pkt Bandwidth :       0 GB/s  (Utilization : 0 %)
  │      Passive Pkt Bandwidth :       0 GB/s  (Utilization : 0 %)
  │         Flow Pkt Bandwidth :       0 GB/s  (Utilization : 0 %)
  │       Downstream Bandwidth :       0 GB/s  (Utilization : 0 %)
  │         Upstream Bandwidth :       0 GB/s  (Utilization : 0 %)
  │            Total Bandwidth :       0 GB/s  (Utilization : 0 %)
  └───── Total effec Bandwidth :       0 GB/s

  ┌─────────────  [Link 45]   (HMC11_LK_D1)
  │              Read per link : 0
  │             Write per link : 0
  │            Atomic per link : 0
  │           Request per link : 0
  │          Response per link : 0
  │              Flow per link : 0
  │       Error abort per link : 0
  │       Active Pkt Bandwidth :       0 GB/s  (Utilization : 0 %)
  │      Passive Pkt Bandwidth :       0 GB/s  (Utilization : 0 %)
  │         Flow Pkt Bandwidth :       0 GB/s  (Utilization : 0 %)
  │       Downstream Bandwidth :       0 GB/s  (Utilization : 0 %)
  │         Upstream Bandwidth :       0 GB/s  (Utilization : 0 %)
  │            Total Bandwidth :       0 GB/s  (Utilization : 0 %)
  └───── Total effec Bandwidth :       0 GB/s

  ┌─────────────  [Link 46]   (HMC11_LK_D2)
  │              Read per link : 0
  │             Write per link : 0
  │            Atomic per link : 0
  │           Request per link : 0
  │          Response per link : 229
  │              Flow per link : 539
  │       Error abort per link : 0
  │       Active Pkt Bandwidth :       0 GB/s  (Utilization : 0 %)
  │      Passive Pkt Bandwidth : 0.000181593 GB/s  (Utilization : 0.000302655 %)
  │         Flow Pkt Bandwidth : 0.000120987 GB/s  (Utilization : 0.000201645 %)
  │       Downstream Bandwidth : 0.00030258 GB/s  (Utilization : 0.0005043 %)
  │         Upstream Bandwidth :       0 GB/s  (Utilization : 0 %)
  │            Total Bandwidth : 0.00030258 GB/s  (Utilization : 0.00025215 %)
  └───── Total effec Bandwidth : 0.00013019 GB/s

  ┌─────────────  [Link 47]   (HMC11_LK_D3)
  │              Read per link : 0
  │             Write per link : 0
  │            Atomic per link : 0
  │           Request per link : 0
  │          Response per link : 0
  │              Flow per link : 0
  │       Error abort per link : 0
  │       Active Pkt Bandwidth :       0 GB/s  (Utilization : 0 %)
  │      Passive Pkt Bandwidth :       0 GB/s  (Utilization : 0 %)
  │         Flow Pkt Bandwidth :       0 GB/s  (Utilization : 0 %)
  │       Downstream Bandwidth :       0 GB/s  (Utilization : 0 %)
  │         Upstream Bandwidth :       0 GB/s  (Utilization : 0 %)
  │            Total Bandwidth :       0 GB/s  (Utilization : 0 %)
  └───── Total effec Bandwidth :       0 GB/s

  ┌─────────────  [Link 48]   (HMC12_LK_D0)
  │              Read per link : 0
  │             Write per link : 0
  │            Atomic per link : 0
  │           Request per link : 0
  │          Response per link : 0
  │              Flow per link : 0
  │       Error abort per link : 0
  │       Active Pkt Bandwidth :       0 GB/s  (Utilization : 0 %)
  │      Passive Pkt Bandwidth :       0 GB/s  (Utilization : 0 %)
  │         Flow Pkt Bandwidth :       0 GB/s  (Utilization : 0 %)
  │       Downstream Bandwidth :       0 GB/s  (Utilization : 0 %)
  │         Upstream Bandwidth :       0 GB/s  (Utilization : 0 %)
  │            Total Bandwidth :       0 GB/s  (Utilization : 0 %)
  └───── Total effec Bandwidth :       0 GB/s

  ┌─────────────  [Link 49]   (HMC12_LK_D1)
  │              Read per link : 0
  │             Write per link : 0
  │            Atomic per link : 0
  │           Request per link : 0
  │          Response per link : 0
  │              Flow per link : 0
  │       Error abort per link : 0
  │       Active Pkt Bandwidth :       0 GB/s  (Utilization : 0 %)
  │      Passive Pkt Bandwidth :       0 GB/s  (Utilization : 0 %)
  │         Flow Pkt Bandwidth :       0 GB/s  (Utilization : 0 %)
  │       Downstream Bandwidth :       0 GB/s  (Utilization : 0 %)
  │         Upstream Bandwidth :       0 GB/s  (Utilization : 0 %)
  │            Total Bandwidth :       0 GB/s  (Utilization : 0 %)
  └───── Total effec Bandwidth :       0 GB/s

  ┌─────────────  [Link 50]   (HMC12_LK_D2)
  │              Read per link : 0
  │             Write per link : 0
  │            Atomic per link : 0
  │           Request per link : 0
  │          Response per link : 0
  │              Flow per link : 0
  │       Error abort per link : 0
  │       Active Pkt Bandwidth :       0 GB/s  (Utilization : 0 %)
  │      Passive Pkt Bandwidth :       0 GB/s  (Utilization : 0 %)
  │         Flow Pkt Bandwidth :       0 GB/s  (Utilization : 0 %)
  │       Downstream Bandwidth :       0 GB/s  (Utilization : 0 %)
  │         Upstream Bandwidth :       0 GB/s  (Utilization : 0 %)
  │            Total Bandwidth :       0 GB/s  (Utilization : 0 %)
  └───── Total effec Bandwidth :       0 GB/s

  ┌─────────────  [Link 51]   (HMC12_LK_D3)
  │              Read per link : 0
  │             Write per link : 0
  │            Atomic per link : 0
  │           Request per link : 0
  │          Response per link : 209
  │              Flow per link : 495
  │       Error abort per link : 0
  │       Active Pkt Bandwidth :       0 GB/s  (Utilization : 0 %)
  │      Passive Pkt Bandwidth : 0.000163636 GB/s  (Utilization : 0.000272726 %)
  │         Flow Pkt Bandwidth : 0.000111111 GB/s  (Utilization : 0.000185184 %)
  │       Downstream Bandwidth : 0.000274746 GB/s  (Utilization : 0.00045791 %)
  │         Upstream Bandwidth :       0 GB/s  (Utilization : 0 %)
  │            Total Bandwidth : 0.000274746 GB/s  (Utilization : 0.000228955 %)
  └───── Total effec Bandwidth : 0.000116722 GB/s

  ┌─────────────  [Link 52]   (HMC13_LK_D0)
  │              Read per link : 0
  │             Write per link : 0
  │            Atomic per link : 0
  │           Request per link : 0
  │          Response per link : 0
  │              Flow per link : 0
  │       Error abort per link : 0
  │       Active Pkt Bandwidth :       0 GB/s  (Utilization : 0 %)
  │      Passive Pkt Bandwidth :       0 GB/s  (Utilization : 0 %)
  │         Flow Pkt Bandwidth :       0 GB/s  (Utilization : 0 %)
  │       Downstream Bandwidth :       0 GB/s  (Utilization : 0 %)
  │         Upstream Bandwidth :       0 GB/s  (Utilization : 0 %)
  │            Total Bandwidth :       0 GB/s  (Utilization : 0 %)
  └───── Total effec Bandwidth :       0 GB/s

  ┌─────────────  [Link 53]   (HMC13_LK_D1)
  │              Read per link : 0
  │             Write per link : 0
  │            Atomic per link : 0
  │           Request per link : 0
  │          Response per link : 0
  │              Flow per link : 0
  │       Error abort per link : 0
  │       Active Pkt Bandwidth :       0 GB/s  (Utilization : 0 %)
  │      Passive Pkt Bandwidth :       0 GB/s  (Utilization : 0 %)
  │         Flow Pkt Bandwidth :       0 GB/s  (Utilization : 0 %)
  │       Downstream Bandwidth :       0 GB/s  (Utilization : 0 %)
  │         Upstream Bandwidth :       0 GB/s  (Utilization : 0 %)
  │            Total Bandwidth :       0 GB/s  (Utilization : 0 %)
  └───── Total effec Bandwidth :       0 GB/s

  ┌─────────────  [Link 54]   (HMC13_LK_D2)
  │              Read per link : 0
  │             Write per link : 0
  │            Atomic per link : 0
  │           Request per link : 0
  │          Response per link : 0
  │              Flow per link : 0
  │       Error abort per link : 0
  │       Active Pkt Bandwidth :       0 GB/s  (Utilization : 0 %)
  │      Passive Pkt Bandwidth :       0 GB/s  (Utilization : 0 %)
  │         Flow Pkt Bandwidth :       0 GB/s  (Utilization : 0 %)
  │       Downstream Bandwidth :       0 GB/s  (Utilization : 0 %)
  │         Upstream Bandwidth :       0 GB/s  (Utilization : 0 %)
  │            Total Bandwidth :       0 GB/s  (Utilization : 0 %)
  └───── Total effec Bandwidth :       0 GB/s

  ┌─────────────  [Link 55]   (HMC13_LK_D3)
  │              Read per link : 0
  │             Write per link : 0
  │            Atomic per link : 0
  │           Request per link : 0
  │          Response per link : 212
  │              Flow per link : 497
  │       Error abort per link : 0
  │       Active Pkt Bandwidth :       0 GB/s  (Utilization : 0 %)
  │      Passive Pkt Bandwidth : 0.000163411 GB/s  (Utilization : 0.000272352 %)
  │         Flow Pkt Bandwidth : 0.000111559 GB/s  (Utilization : 0.000185932 %)
  │       Downstream Bandwidth : 0.000274971 GB/s  (Utilization : 0.000458284 %)
  │         Upstream Bandwidth :       0 GB/s  (Utilization : 0 %)
  │            Total Bandwidth : 0.000274971 GB/s  (Utilization : 0.000229142 %)
  └───── Total effec Bandwidth : 0.000115824 GB/s

  ┌─────────────  [Link 56]   (HMC14_LK_D0)
  │              Read per link : 0
  │             Write per link : 0
  │            Atomic per link : 0
  │           Request per link : 0
  │          Response per link : 0
  │              Flow per link : 0
  │       Error abort per link : 0
  │       Active Pkt Bandwidth :       0 GB/s  (Utilization : 0 %)
  │      Passive Pkt Bandwidth :       0 GB/s  (Utilization : 0 %)
  │         Flow Pkt Bandwidth :       0 GB/s  (Utilization : 0 %)
  │       Downstream Bandwidth :       0 GB/s  (Utilization : 0 %)
  │         Upstream Bandwidth :       0 GB/s  (Utilization : 0 %)
  │            Total Bandwidth :       0 GB/s  (Utilization : 0 %)
  └───── Total effec Bandwidth :       0 GB/s

  ┌─────────────  [Link 57]   (HMC14_LK_D1)
  │              Read per link : 0
  │             Write per link : 0
  │            Atomic per link : 0
  │           Request per link : 0
  │          Response per link : 0
  │              Flow per link : 0
  │       Error abort per link : 0
  │       Active Pkt Bandwidth :       0 GB/s  (Utilization : 0 %)
  │      Passive Pkt Bandwidth :       0 GB/s  (Utilization : 0 %)
  │         Flow Pkt Bandwidth :       0 GB/s  (Utilization : 0 %)
  │       Downstream Bandwidth :       0 GB/s  (Utilization : 0 %)
  │         Upstream Bandwidth :       0 GB/s  (Utilization : 0 %)
  │            Total Bandwidth :       0 GB/s  (Utilization : 0 %)
  └───── Total effec Bandwidth :       0 GB/s

  ┌─────────────  [Link 58]   (HMC14_LK_D2)
  │              Read per link : 0
  │             Write per link : 0
  │            Atomic per link : 0
  │           Request per link : 0
  │          Response per link : 0
  │              Flow per link : 0
  │       Error abort per link : 0
  │       Active Pkt Bandwidth :       0 GB/s  (Utilization : 0 %)
  │      Passive Pkt Bandwidth :       0 GB/s  (Utilization : 0 %)
  │         Flow Pkt Bandwidth :       0 GB/s  (Utilization : 0 %)
  │       Downstream Bandwidth :       0 GB/s  (Utilization : 0 %)
  │         Upstream Bandwidth :       0 GB/s  (Utilization : 0 %)
  │            Total Bandwidth :       0 GB/s  (Utilization : 0 %)
  └───── Total effec Bandwidth :       0 GB/s

  ┌─────────────  [Link 59]   (HMC14_LK_D3)
  │              Read per link : 0
  │             Write per link : 0
  │            Atomic per link : 0
  │           Request per link : 0
  │          Response per link : 240
  │              Flow per link : 560
  │       Error abort per link : 0
  │       Active Pkt Bandwidth :       0 GB/s  (Utilization : 0 %)
  │      Passive Pkt Bandwidth : 0.000185858 GB/s  (Utilization : 0.000309763 %)
  │         Flow Pkt Bandwidth : 0.000125701 GB/s  (Utilization : 0.000209501 %)
  │       Downstream Bandwidth : 0.000311558 GB/s  (Utilization : 0.000519264 %)
  │         Upstream Bandwidth :       0 GB/s  (Utilization : 0 %)
  │            Total Bandwidth : 0.000311558 GB/s  (Utilization : 0.000259632 %)
  └───── Total effec Bandwidth : 0.000131986 GB/s

  ┌─────────────  [Link 60]   (HMC15_LK_D0)
  │              Read per link : 130
  │             Write per link : 79
  │            Atomic per link : 0
  │           Request per link : 209
  │          Response per link : 0
  │              Flow per link : 561
  │       Error abort per link : 0
  │       Active Pkt Bandwidth :       0 GB/s  (Utilization : 0 %)
  │      Passive Pkt Bandwidth : 0.000117845 GB/s  (Utilization : 0.000196408 %)
  │         Flow Pkt Bandwidth : 0.000125925 GB/s  (Utilization : 0.000209875 %)
  │       Downstream Bandwidth : 0.00024377 GB/s  (Utilization : 0.000406283 %)
  │         Upstream Bandwidth :       0 GB/s  (Utilization : 0 %)
  │            Total Bandwidth : 0.00024377 GB/s  (Utilization : 0.000203142 %)
  └───── Total effec Bandwidth : 7.09312e-05 GB/s

  ┌─────────────  [Link 61]   (HMC15_LK_D1)
  │              Read per link : 129
  │             Write per link : 83
  │            Atomic per link : 0
  │           Request per link : 212
  │          Response per link : 0
  │              Flow per link : 563
  │       Error abort per link : 0
  │       Active Pkt Bandwidth :       0 GB/s  (Utilization : 0 %)
  │      Passive Pkt Bandwidth : 0.000122109 GB/s  (Utilization : 0.000203516 %)
  │         Flow Pkt Bandwidth : 0.000126374 GB/s  (Utilization : 0.000210624 %)
  │       Downstream Bandwidth : 0.000248484 GB/s  (Utilization : 0.000414139 %)
  │         Upstream Bandwidth :       0 GB/s  (Utilization : 0 %)
  │            Total Bandwidth : 0.000248484 GB/s  (Utilization : 0.00020707 %)
  └───── Total effec Bandwidth : 7.45226e-05 GB/s

  ┌─────────────  [Link 62]   (HMC15_LK_D2)
  │              Read per link : 147
  │             Write per link : 93
  │            Atomic per link : 0
  │           Request per link : 240
  │          Response per link : 0
  │              Flow per link : 639
  │       Error abort per link : 0
  │       Active Pkt Bandwidth :       0 GB/s  (Utilization : 0 %)
  │      Passive Pkt Bandwidth : 0.000137373 GB/s  (Utilization : 0.000228955 %)
  │         Flow Pkt Bandwidth : 0.000143434 GB/s  (Utilization : 0.000239056 %)
  │       Downstream Bandwidth : 0.000280807 GB/s  (Utilization : 0.000468011 %)
  │         Upstream Bandwidth :       0 GB/s  (Utilization : 0 %)
  │            Total Bandwidth : 0.000280807 GB/s  (Utilization : 0.000234006 %)
  └───── Total effec Bandwidth : 8.35013e-05 GB/s

  ┌─────────────  [Link 63]   (HMC15_LK_U3)
  │              Read per link : 0
  │             Write per link : 0
  │            Atomic per link : 0
  │           Request per link : 0
  │          Response per link : 892
  │              Flow per link : 2091
  │       Error abort per link : 0
  │       Active Pkt Bandwidth :       0 GB/s  (Utilization : 0 %)
  │      Passive Pkt Bandwidth : 0.000694946 GB/s  (Utilization : 0.00115824 %)
  │         Flow Pkt Bandwidth : 0.000469358 GB/s  (Utilization : 0.000782263 %)
  │       Downstream Bandwidth :       0 GB/s  (Utilization : 0 %)
  │         Upstream Bandwidth : 0.0011643 GB/s  (Utilization : 0.00194051 %)
  │            Total Bandwidth : 0.0011643 GB/s  (Utilization : 0.000970253 %)
  └───── Total effec Bandwidth : 0.000494723 GB/s

  ┌─────────────  [Link 64]   (HC0_LK_D0)
  │              Read per link : 572
  │             Write per link : 322
  │            Atomic per link : 6288384
  │           Request per link : 6289278
  │          Response per link : 0
  │              Flow per link : 8306
  │       Error abort per link : 0
  │       Active Pkt Bandwidth : 1.41199 GB/s  (Utilization : 2.35331 %)
  │      Passive Pkt Bandwidth : 0.000489784 GB/s  (Utilization : 0.000816307 %)
  │         Flow Pkt Bandwidth : 0.00186441 GB/s  (Utilization : 0.00310735 %)
  │       Downstream Bandwidth : 1.41434 GB/s  (Utilization : 2.35723 %)
  │         Upstream Bandwidth :       0 GB/s  (Utilization : 0 %)
  │            Total Bandwidth : 1.41434 GB/s  (Utilization : 1.17862 %)
  └───── Total effec Bandwidth : 0.000289112 GB/s

  ┌─────────────  [Link 65]   (HC1_LK_D0)
  │              Read per link : 551
  │             Write per link : 335
  │            Atomic per link : 0
  │           Request per link : 886
  │          Response per link : 0
  │              Flow per link : 2371
  │       Error abort per link : 0
  │       Active Pkt Bandwidth :       0 GB/s  (Utilization : 0 %)
  │      Passive Pkt Bandwidth : 0.000499661 GB/s  (Utilization : 0.000832768 %)
  │         Flow Pkt Bandwidth : 0.000532208 GB/s  (Utilization : 0.000887014 %)
  │       Downstream Bandwidth : 0.00103187 GB/s  (Utilization : 0.00171978 %)
  │         Upstream Bandwidth :       0 GB/s  (Utilization : 0 %)
  │            Total Bandwidth : 0.00103187 GB/s  (Utilization : 0.000859891 %)
  └───── Total effec Bandwidth : 0.000300784 GB/s

  ┌─────────────  [Link 66]   (HC2_LK_D0)
  │              Read per link : 538
  │             Write per link : 344
  │            Atomic per link : 0
  │           Request per link : 882
  │          Response per link : 0
  │              Flow per link : 2350
  │       Error abort per link : 0
  │       Active Pkt Bandwidth :       0 GB/s  (Utilization : 0 %)
  │      Passive Pkt Bandwidth : 0.000506844 GB/s  (Utilization : 0.000844739 %)
  │         Flow Pkt Bandwidth : 0.000527495 GB/s  (Utilization : 0.000879158 %)
  │       Downstream Bandwidth : 0.00103434 GB/s  (Utilization : 0.0017239 %)
  │         Upstream Bandwidth :       0 GB/s  (Utilization : 0 %)
  │            Total Bandwidth : 0.00103434 GB/s  (Utilization : 0.000861949 %)
  └───── Total effec Bandwidth : 0.000308865 GB/s

  ┌─────────────  [Link 67]   (HC3_LK_D0)
  │              Read per link : 551
  │             Write per link : 341
  │            Atomic per link : 0
  │           Request per link : 892
  │          Response per link : 0
  │              Flow per link : 2376
  │       Error abort per link : 0
  │       Active Pkt Bandwidth :       0 GB/s  (Utilization : 0 %)
  │      Passive Pkt Bandwidth : 0.000506395 GB/s  (Utilization : 0.000843991 %)
  │         Flow Pkt Bandwidth : 0.000533331 GB/s  (Utilization : 0.000888884 %)
  │       Downstream Bandwidth : 0.00103973 GB/s  (Utilization : 0.00173288 %)
  │         Upstream Bandwidth :       0 GB/s  (Utilization : 0 %)
  │            Total Bandwidth : 0.00103973 GB/s  (Utilization : 0.000866438 %)
  └───── Total effec Bandwidth : 0.000306171 GB/s

  Operand buffer stalls : [0] 2347277608  [1] 0  [2] 0  [3] 6071963  [4] 0  [5] 0  [6] 0  [7] 0  [8] 0  [9] 0  [10] 0  [11] 0  [12] 0  [13] 0  [14] 0  [15] 0  
  Total operand buffer stalls 2353349571

  Number of updates : [0] 4912896  [1] 196608  [2] 196608  [3] 982272  [4] 0  [5] 0  [6] 0  [7] 0  [8] 0  [9] 0  [10] 0  [11] 0  [12] 0  [13] 0  [14] 0  [15] 0  

  Number of operands : [0] 2358528  [1] 2358528  [2] 2358528  [3] 5501184  [4] 0  [5] 0  [6] 0  [7] 0  [8] 0  [9] 0  [10] 0  [11] 0  [12] 0  [13] 0  [14] 0  [15] 0  

