****************************************************************
*                      CasHMC version 1.1                      *
*                       result log file                        *
*            Date : 2018/07/27      Time : 00:33:13            *
****************************************************************

- Trace type : 
  ============= CasHMC statistic result =============

  Elapsed epoch : 1477
  Elapsed clock : 1477463838

        HMC bandwidth : 1.97944 GB/s  (Considered only data size)
    Link HC bandwidth : 3.28819 GB/s  (Bandwidth flowing into HMC Network)
       Link bandwidth : 18.0568 GB/s  (Sum of bandwidth over 68 Links, Included flow packet)
 Effec Link bandwidth :  4.2253 GB/s  (Data bandwidth(sum) regardless of packet header and tail over 68 Links)
 Ef Link HC bandwidth : 0.93045 GB/s  (Data bandwidth(sum) regardless of packet header and tail over CPU links injecting into HMCNET)
     Link utilization : 0.442568 %     (Max link bandwidth : 480 GB/S)

    Tran latency mean : 70.3936 ns
                 std  : 689.517 ns
                 max  : 437404 ns
                 min  : 28 ns
    Link latency mean : 1.84477e+08 ns
                 std  : 1.07075e+08 ns
                 max  : 2.77024e+08 ns
                 min  : 25 ns
   Vault latency mean : 23.8871 ns
                 std  : 4.44111 ns
                 max  : 148.8 ns
                 min  : 19.2 ns
   Retry latency mean : 0 ns
                 std  : 0 ns
                 max  : 0 ns
                 min  : 0 ns

           Read count : 22750007
          Write count : 20180551
         Atomic count : 77594706
        Request count : 120525264
       Response count : 80679392
           Flow count : 484497507
    Transaction count : 24532949
    Error abort count : 0
    Error retry count : 0

  ┌─────────────  [Link 0]   (HMC0_LK_U0)
  │              Read per link : 0
  │             Write per link : 0
  │            Atomic per link : 0
  │           Request per link : 0
  │          Response per link : 6131784
  │              Flow per link : 77354182
  │       Error abort per link : 0
  │       Active Pkt Bandwidth : 6.85823e-07 GB/s  (Utilization : 1.14304e-06 %)
  │      Passive Pkt Bandwidth : 0.385843 GB/s  (Utilization : 0.643072 %)
  │         Flow Pkt Bandwidth : 1.56033 GB/s  (Utilization : 2.60055 %)
  │       Downstream Bandwidth :       0 GB/s  (Utilization : 0 %)
  │         Upstream Bandwidth : 1.94618 GB/s  (Utilization : 3.24363 %)
  │            Total Bandwidth : 1.94618 GB/s  (Utilization : 1.62181 %)
  └───── Total effec Bandwidth : 0.262158 GB/s

  ┌─────────────  [Link 1]   (HMC0_LK_D1)
  │              Read per link : 812454
  │             Write per link : 717028
  │            Atomic per link : 14680080
  │           Request per link : 16209562
  │          Response per link : 0
  │              Flow per link : 37379862
  │       Error abort per link : 0
  │       Active Pkt Bandwidth : 0.296116 GB/s  (Utilization : 0.493527 %)
  │      Passive Pkt Bandwidth : 0.0887051 GB/s  (Utilization : 0.147842 %)
  │         Flow Pkt Bandwidth : 0.753999 GB/s  (Utilization : 1.25667 %)
  │       Downstream Bandwidth : 1.13882 GB/s  (Utilization : 1.89803 %)
  │         Upstream Bandwidth :       0 GB/s  (Utilization : 0 %)
  │            Total Bandwidth : 1.13882 GB/s  (Utilization : 0.949017 %)
  └───── Total effec Bandwidth : 0.0578535 GB/s

  ┌─────────────  [Link 2]   (HMC0_LK_D2)
  │              Read per link : 813175
  │             Write per link : 719860
  │            Atomic per link : 14680097
  │           Request per link : 16213132
  │          Response per link : 0
  │              Flow per link : 37691549
  │       Error abort per link : 0
  │       Active Pkt Bandwidth : 0.296117 GB/s  (Utilization : 0.493528 %)
  │      Passive Pkt Bandwidth : 0.0890052 GB/s  (Utilization : 0.148342 %)
  │         Flow Pkt Bandwidth : 0.760286 GB/s  (Utilization : 1.26714 %)
  │       Downstream Bandwidth : 1.14541 GB/s  (Utilization : 1.90901 %)
  │         Upstream Bandwidth :       0 GB/s  (Utilization : 0 %)
  │            Total Bandwidth : 1.14541 GB/s  (Utilization : 0.954507 %)
  └───── Total effec Bandwidth : 0.058082 GB/s

  ┌─────────────  [Link 3]   (HMC0_LK_D3)
  │              Read per link : 809892
  │             Write per link : 721967
  │            Atomic per link : 14680064
  │           Request per link : 16211923
  │          Response per link : 0
  │              Flow per link : 37725010
  │       Error abort per link : 0
  │       Active Pkt Bandwidth : 0.296116 GB/s  (Utilization : 0.493526 %)
  │      Passive Pkt Bandwidth : 0.0891515 GB/s  (Utilization : 0.148586 %)
  │         Flow Pkt Bandwidth : 0.760961 GB/s  (Utilization : 1.26827 %)
  │       Downstream Bandwidth : 1.14623 GB/s  (Utilization : 1.91038 %)
  │         Upstream Bandwidth :       0 GB/s  (Utilization : 0 %)
  │            Total Bandwidth : 1.14623 GB/s  (Utilization : 0.955191 %)
  └───── Total effec Bandwidth : 0.058252 GB/s

  ┌─────────────  [Link 4]   (HMC1_LK_D0)
  │              Read per link : 0
  │             Write per link : 0
  │            Atomic per link : 0
  │           Request per link : 0
  │          Response per link : 14112426
  │              Flow per link : 42222069
  │       Error abort per link : 0
  │       Active Pkt Bandwidth : 0.507628 GB/s  (Utilization : 0.846047 %)
  │      Passive Pkt Bandwidth : 0.0964045 GB/s  (Utilization : 0.160674 %)
  │         Flow Pkt Bandwidth : 0.851673 GB/s  (Utilization : 1.41945 %)
  │       Downstream Bandwidth : 1.45571 GB/s  (Utilization : 2.42618 %)
  │         Upstream Bandwidth :       0 GB/s  (Utilization : 0 %)
  │            Total Bandwidth : 1.45571 GB/s  (Utilization : 1.21309 %)
  └───── Total effec Bandwidth : 0.319367 GB/s

  ┌─────────────  [Link 5]   (HMC1_LK_D1)
  │              Read per link : 0
  │             Write per link : 0
  │            Atomic per link : 0
  │           Request per link : 0
  │          Response per link : 0
  │              Flow per link : 0
  │       Error abort per link : 0
  │       Active Pkt Bandwidth :       0 GB/s  (Utilization : 0 %)
  │      Passive Pkt Bandwidth :       0 GB/s  (Utilization : 0 %)
  │         Flow Pkt Bandwidth :       0 GB/s  (Utilization : 0 %)
  │       Downstream Bandwidth :       0 GB/s  (Utilization : 0 %)
  │         Upstream Bandwidth :       0 GB/s  (Utilization : 0 %)
  │            Total Bandwidth :       0 GB/s  (Utilization : 0 %)
  └───── Total effec Bandwidth :       0 GB/s

  ┌─────────────  [Link 6]   (HMC1_LK_D2)
  │              Read per link : 0
  │             Write per link : 0
  │            Atomic per link : 0
  │           Request per link : 0
  │          Response per link : 0
  │              Flow per link : 0
  │       Error abort per link : 0
  │       Active Pkt Bandwidth :       0 GB/s  (Utilization : 0 %)
  │      Passive Pkt Bandwidth :       0 GB/s  (Utilization : 0 %)
  │         Flow Pkt Bandwidth :       0 GB/s  (Utilization : 0 %)
  │       Downstream Bandwidth :       0 GB/s  (Utilization : 0 %)
  │         Upstream Bandwidth :       0 GB/s  (Utilization : 0 %)
  │            Total Bandwidth :       0 GB/s  (Utilization : 0 %)
  └───── Total effec Bandwidth :       0 GB/s

  ┌─────────────  [Link 7]   (HMC1_LK_D3)
  │              Read per link : 0
  │             Write per link : 0
  │            Atomic per link : 0
  │           Request per link : 0
  │          Response per link : 0
  │              Flow per link : 0
  │       Error abort per link : 0
  │       Active Pkt Bandwidth :       0 GB/s  (Utilization : 0 %)
  │      Passive Pkt Bandwidth :       0 GB/s  (Utilization : 0 %)
  │         Flow Pkt Bandwidth :       0 GB/s  (Utilization : 0 %)
  │       Downstream Bandwidth :       0 GB/s  (Utilization : 0 %)
  │         Upstream Bandwidth :       0 GB/s  (Utilization : 0 %)
  │            Total Bandwidth :       0 GB/s  (Utilization : 0 %)
  └───── Total effec Bandwidth :       0 GB/s

  ┌─────────────  [Link 8]   (HMC2_LK_D0)
  │              Read per link : 0
  │             Write per link : 0
  │            Atomic per link : 0
  │           Request per link : 0
  │          Response per link : 14115980
  │              Flow per link : 42428647
  │       Error abort per link : 0
  │       Active Pkt Bandwidth : 0.507628 GB/s  (Utilization : 0.846047 %)
  │      Passive Pkt Bandwidth : 0.0965344 GB/s  (Utilization : 0.160891 %)
  │         Flow Pkt Bandwidth : 0.85584 GB/s  (Utilization : 1.4264 %)
  │       Downstream Bandwidth :    1.46 GB/s  (Utilization : 2.43334 %)
  │         Upstream Bandwidth :       0 GB/s  (Utilization : 0 %)
  │            Total Bandwidth :    1.46 GB/s  (Utilization : 1.21667 %)
  └───── Total effec Bandwidth : 0.319425 GB/s

  ┌─────────────  [Link 9]   (HMC2_LK_D1)
  │              Read per link : 0
  │             Write per link : 0
  │            Atomic per link : 0
  │           Request per link : 0
  │          Response per link : 0
  │              Flow per link : 0
  │       Error abort per link : 0
  │       Active Pkt Bandwidth :       0 GB/s  (Utilization : 0 %)
  │      Passive Pkt Bandwidth :       0 GB/s  (Utilization : 0 %)
  │         Flow Pkt Bandwidth :       0 GB/s  (Utilization : 0 %)
  │       Downstream Bandwidth :       0 GB/s  (Utilization : 0 %)
  │         Upstream Bandwidth :       0 GB/s  (Utilization : 0 %)
  │            Total Bandwidth :       0 GB/s  (Utilization : 0 %)
  └───── Total effec Bandwidth :       0 GB/s

  ┌─────────────  [Link 10]   (HMC2_LK_D2)
  │              Read per link : 0
  │             Write per link : 0
  │            Atomic per link : 0
  │           Request per link : 0
  │          Response per link : 0
  │              Flow per link : 0
  │       Error abort per link : 0
  │       Active Pkt Bandwidth :       0 GB/s  (Utilization : 0 %)
  │      Passive Pkt Bandwidth :       0 GB/s  (Utilization : 0 %)
  │         Flow Pkt Bandwidth :       0 GB/s  (Utilization : 0 %)
  │       Downstream Bandwidth :       0 GB/s  (Utilization : 0 %)
  │         Upstream Bandwidth :       0 GB/s  (Utilization : 0 %)
  │            Total Bandwidth :       0 GB/s  (Utilization : 0 %)
  └───── Total effec Bandwidth :       0 GB/s

  ┌─────────────  [Link 11]   (HMC2_LK_D3)
  │              Read per link : 0
  │             Write per link : 0
  │            Atomic per link : 0
  │           Request per link : 0
  │          Response per link : 0
  │              Flow per link : 0
  │       Error abort per link : 0
  │       Active Pkt Bandwidth :       0 GB/s  (Utilization : 0 %)
  │      Passive Pkt Bandwidth :       0 GB/s  (Utilization : 0 %)
  │         Flow Pkt Bandwidth :       0 GB/s  (Utilization : 0 %)
  │       Downstream Bandwidth :       0 GB/s  (Utilization : 0 %)
  │         Upstream Bandwidth :       0 GB/s  (Utilization : 0 %)
  │            Total Bandwidth :       0 GB/s  (Utilization : 0 %)
  └───── Total effec Bandwidth :       0 GB/s

  ┌─────────────  [Link 12]   (HMC3_LK_D0)
  │              Read per link : 0
  │             Write per link : 0
  │            Atomic per link : 0
  │           Request per link : 0
  │          Response per link : 14114787
  │              Flow per link : 42452379
  │       Error abort per link : 0
  │       Active Pkt Bandwidth : 0.507627 GB/s  (Utilization : 0.846045 %)
  │      Passive Pkt Bandwidth : 0.0962457 GB/s  (Utilization : 0.16041 %)
  │         Flow Pkt Bandwidth : 0.856318 GB/s  (Utilization : 1.4272 %)
  │       Downstream Bandwidth : 1.46019 GB/s  (Utilization : 2.43365 %)
  │         Upstream Bandwidth :       0 GB/s  (Utilization : 0 %)
  │            Total Bandwidth : 1.46019 GB/s  (Utilization : 1.21683 %)
  └───── Total effec Bandwidth : 0.31916 GB/s

  ┌─────────────  [Link 13]   (HMC3_LK_D1)
  │              Read per link : 0
  │             Write per link : 0
  │            Atomic per link : 0
  │           Request per link : 0
  │          Response per link : 0
  │              Flow per link : 0
  │       Error abort per link : 0
  │       Active Pkt Bandwidth :       0 GB/s  (Utilization : 0 %)
  │      Passive Pkt Bandwidth :       0 GB/s  (Utilization : 0 %)
  │         Flow Pkt Bandwidth :       0 GB/s  (Utilization : 0 %)
  │       Downstream Bandwidth :       0 GB/s  (Utilization : 0 %)
  │         Upstream Bandwidth :       0 GB/s  (Utilization : 0 %)
  │            Total Bandwidth :       0 GB/s  (Utilization : 0 %)
  └───── Total effec Bandwidth :       0 GB/s

  ┌─────────────  [Link 14]   (HMC3_LK_D2)
  │              Read per link : 0
  │             Write per link : 0
  │            Atomic per link : 0
  │           Request per link : 0
  │          Response per link : 0
  │              Flow per link : 0
  │       Error abort per link : 0
  │       Active Pkt Bandwidth :       0 GB/s  (Utilization : 0 %)
  │      Passive Pkt Bandwidth :       0 GB/s  (Utilization : 0 %)
  │         Flow Pkt Bandwidth :       0 GB/s  (Utilization : 0 %)
  │       Downstream Bandwidth :       0 GB/s  (Utilization : 0 %)
  │         Upstream Bandwidth :       0 GB/s  (Utilization : 0 %)
  │            Total Bandwidth :       0 GB/s  (Utilization : 0 %)
  └───── Total effec Bandwidth :       0 GB/s

  ┌─────────────  [Link 15]   (HMC3_LK_D3)
  │              Read per link : 0
  │             Write per link : 0
  │            Atomic per link : 0
  │           Request per link : 0
  │          Response per link : 0
  │              Flow per link : 0
  │       Error abort per link : 0
  │       Active Pkt Bandwidth :       0 GB/s  (Utilization : 0 %)
  │      Passive Pkt Bandwidth :       0 GB/s  (Utilization : 0 %)
  │         Flow Pkt Bandwidth :       0 GB/s  (Utilization : 0 %)
  │       Downstream Bandwidth :       0 GB/s  (Utilization : 0 %)
  │         Upstream Bandwidth :       0 GB/s  (Utilization : 0 %)
  │            Total Bandwidth :       0 GB/s  (Utilization : 0 %)
  └───── Total effec Bandwidth :       0 GB/s

  ┌─────────────  [Link 16]   (HMC4_LK_D0)
  │              Read per link : 0
  │             Write per link : 0
  │            Atomic per link : 0
  │           Request per link : 0
  │          Response per link : 0
  │              Flow per link : 0
  │       Error abort per link : 0
  │       Active Pkt Bandwidth :       0 GB/s  (Utilization : 0 %)
  │      Passive Pkt Bandwidth :       0 GB/s  (Utilization : 0 %)
  │         Flow Pkt Bandwidth :       0 GB/s  (Utilization : 0 %)
  │       Downstream Bandwidth :       0 GB/s  (Utilization : 0 %)
  │         Upstream Bandwidth :       0 GB/s  (Utilization : 0 %)
  │            Total Bandwidth :       0 GB/s  (Utilization : 0 %)
  └───── Total effec Bandwidth :       0 GB/s

  ┌─────────────  [Link 17]   (HMC4_LK_D1)
  │              Read per link : 0
  │             Write per link : 0
  │            Atomic per link : 0
  │           Request per link : 0
  │          Response per link : 1538325
  │              Flow per link : 3598236
  │       Error abort per link : 0
  │       Active Pkt Bandwidth :       0 GB/s  (Utilization : 0 %)
  │      Passive Pkt Bandwidth : 0.0967117 GB/s  (Utilization : 0.161186 %)
  │         Flow Pkt Bandwidth : 0.072581 GB/s  (Utilization : 0.120968 %)
  │       Downstream Bandwidth : 0.169293 GB/s  (Utilization : 0.282155 %)
  │         Upstream Bandwidth :       0 GB/s  (Utilization : 0 %)
  │            Total Bandwidth : 0.169293 GB/s  (Utilization : 0.141077 %)
  └───── Total effec Bandwidth : 0.0656818 GB/s

  ┌─────────────  [Link 18]   (HMC4_LK_D2)
  │              Read per link : 0
  │             Write per link : 0
  │            Atomic per link : 0
  │           Request per link : 0
  │          Response per link : 0
  │              Flow per link : 0
  │       Error abort per link : 0
  │       Active Pkt Bandwidth :       0 GB/s  (Utilization : 0 %)
  │      Passive Pkt Bandwidth :       0 GB/s  (Utilization : 0 %)
  │         Flow Pkt Bandwidth :       0 GB/s  (Utilization : 0 %)
  │       Downstream Bandwidth :       0 GB/s  (Utilization : 0 %)
  │         Upstream Bandwidth :       0 GB/s  (Utilization : 0 %)
  │            Total Bandwidth :       0 GB/s  (Utilization : 0 %)
  └───── Total effec Bandwidth :       0 GB/s

  ┌─────────────  [Link 19]   (HMC4_LK_D3)
  │              Read per link : 0
  │             Write per link : 0
  │            Atomic per link : 0
  │           Request per link : 0
  │          Response per link : 0
  │              Flow per link : 0
  │       Error abort per link : 0
  │       Active Pkt Bandwidth :       0 GB/s  (Utilization : 0 %)
  │      Passive Pkt Bandwidth :       0 GB/s  (Utilization : 0 %)
  │         Flow Pkt Bandwidth :       0 GB/s  (Utilization : 0 %)
  │       Downstream Bandwidth :       0 GB/s  (Utilization : 0 %)
  │         Upstream Bandwidth :       0 GB/s  (Utilization : 0 %)
  │            Total Bandwidth :       0 GB/s  (Utilization : 0 %)
  └───── Total effec Bandwidth :       0 GB/s

  ┌─────────────  [Link 20]   (HMC5_LK_D0)
  │              Read per link : 814051
  │             Write per link : 724274
  │            Atomic per link : 0
  │           Request per link : 1538325
  │          Response per link : 0
  │              Flow per link : 4010225
  │       Error abort per link : 0
  │       Active Pkt Bandwidth :       0 GB/s  (Utilization : 0 %)
  │      Passive Pkt Bandwidth : 0.0894681 GB/s  (Utilization : 0.149113 %)
  │         Flow Pkt Bandwidth : 0.0808913 GB/s  (Utilization : 0.134819 %)
  │       Downstream Bandwidth : 0.170359 GB/s  (Utilization : 0.283932 %)
  │         Upstream Bandwidth :       0 GB/s  (Utilization : 0 %)
  │            Total Bandwidth : 0.170359 GB/s  (Utilization : 0.141966 %)
  └───── Total effec Bandwidth : 0.0584381 GB/s

  ┌─────────────  [Link 21]   (HMC5_LK_U1)
  │              Read per link : 0
  │             Write per link : 0
  │            Atomic per link : 0
  │           Request per link : 0
  │          Response per link : 6132805
  │              Flow per link : 13494762
  │       Error abort per link : 0
  │       Active Pkt Bandwidth :       0 GB/s  (Utilization : 0 %)
  │      Passive Pkt Bandwidth : 0.385903 GB/s  (Utilization : 0.643172 %)
  │         Flow Pkt Bandwidth : 0.272206 GB/s  (Utilization : 0.453677 %)
  │       Downstream Bandwidth :       0 GB/s  (Utilization : 0 %)
  │         Upstream Bandwidth : 0.658109 GB/s  (Utilization : 1.09685 %)
  │            Total Bandwidth : 0.658109 GB/s  (Utilization : 0.548425 %)
  └───── Total effec Bandwidth : 0.262196 GB/s

  ┌─────────────  [Link 22]   (HMC5_LK_D2)
  │              Read per link : 812773
  │             Write per link : 721267
  │            Atomic per link : 0
  │           Request per link : 1534040
  │          Response per link : 0
  │              Flow per link : 4008061
  │       Error abort per link : 0
  │       Active Pkt Bandwidth :       0 GB/s  (Utilization : 0 %)
  │      Passive Pkt Bandwidth : 0.089139 GB/s  (Utilization : 0.148565 %)
  │         Flow Pkt Bandwidth : 0.0808477 GB/s  (Utilization : 0.134746 %)
  │       Downstream Bandwidth : 0.169987 GB/s  (Utilization : 0.283311 %)
  │         Upstream Bandwidth :       0 GB/s  (Utilization : 0 %)
  │            Total Bandwidth : 0.169987 GB/s  (Utilization : 0.141656 %)
  └───── Total effec Bandwidth : 0.0581955 GB/s

  ┌─────────────  [Link 23]   (HMC5_LK_D3)
  │              Read per link : 810275
  │             Write per link : 721324
  │            Atomic per link : 0
  │           Request per link : 1531599
  │          Response per link : 0
  │              Flow per link : 3996728
  │       Error abort per link : 0
  │       Active Pkt Bandwidth :       0 GB/s  (Utilization : 0 %)
  │      Passive Pkt Bandwidth : 0.0890944 GB/s  (Utilization : 0.148491 %)
  │         Flow Pkt Bandwidth : 0.0806191 GB/s  (Utilization : 0.134365 %)
  │       Downstream Bandwidth : 0.169713 GB/s  (Utilization : 0.282856 %)
  │         Upstream Bandwidth :       0 GB/s  (Utilization : 0 %)
  │            Total Bandwidth : 0.169713 GB/s  (Utilization : 0.141428 %)
  └───── Total effec Bandwidth : 0.0582001 GB/s

  ┌─────────────  [Link 24]   (HMC6_LK_D0)
  │              Read per link : 0
  │             Write per link : 0
  │            Atomic per link : 0
  │           Request per link : 0
  │          Response per link : 0
  │              Flow per link : 0
  │       Error abort per link : 0
  │       Active Pkt Bandwidth :       0 GB/s  (Utilization : 0 %)
  │      Passive Pkt Bandwidth :       0 GB/s  (Utilization : 0 %)
  │         Flow Pkt Bandwidth :       0 GB/s  (Utilization : 0 %)
  │       Downstream Bandwidth :       0 GB/s  (Utilization : 0 %)
  │         Upstream Bandwidth :       0 GB/s  (Utilization : 0 %)
  │            Total Bandwidth :       0 GB/s  (Utilization : 0 %)
  └───── Total effec Bandwidth :       0 GB/s

  ┌─────────────  [Link 25]   (HMC6_LK_D1)
  │              Read per link : 0
  │             Write per link : 0
  │            Atomic per link : 0
  │           Request per link : 0
  │          Response per link : 1534040
  │              Flow per link : 3613782
  │       Error abort per link : 0
  │       Active Pkt Bandwidth :       0 GB/s  (Utilization : 0 %)
  │      Passive Pkt Bandwidth : 0.0965222 GB/s  (Utilization : 0.16087 %)
  │         Flow Pkt Bandwidth : 0.0728946 GB/s  (Utilization : 0.121491 %)
  │       Downstream Bandwidth : 0.169417 GB/s  (Utilization : 0.282361 %)
  │         Upstream Bandwidth :       0 GB/s  (Utilization : 0 %)
  │            Total Bandwidth : 0.169417 GB/s  (Utilization : 0.141181 %)
  └───── Total effec Bandwidth : 0.0655787 GB/s

  ┌─────────────  [Link 26]   (HMC6_LK_D2)
  │              Read per link : 0
  │             Write per link : 0
  │            Atomic per link : 0
  │           Request per link : 0
  │          Response per link : 0
  │              Flow per link : 0
  │       Error abort per link : 0
  │       Active Pkt Bandwidth :       0 GB/s  (Utilization : 0 %)
  │      Passive Pkt Bandwidth :       0 GB/s  (Utilization : 0 %)
  │         Flow Pkt Bandwidth :       0 GB/s  (Utilization : 0 %)
  │       Downstream Bandwidth :       0 GB/s  (Utilization : 0 %)
  │         Upstream Bandwidth :       0 GB/s  (Utilization : 0 %)
  │            Total Bandwidth :       0 GB/s  (Utilization : 0 %)
  └───── Total effec Bandwidth :       0 GB/s

  ┌─────────────  [Link 27]   (HMC6_LK_D3)
  │              Read per link : 0
  │             Write per link : 0
  │            Atomic per link : 0
  │           Request per link : 0
  │          Response per link : 0
  │              Flow per link : 0
  │       Error abort per link : 0
  │       Active Pkt Bandwidth :       0 GB/s  (Utilization : 0 %)
  │      Passive Pkt Bandwidth :       0 GB/s  (Utilization : 0 %)
  │         Flow Pkt Bandwidth :       0 GB/s  (Utilization : 0 %)
  │       Downstream Bandwidth :       0 GB/s  (Utilization : 0 %)
  │         Upstream Bandwidth :       0 GB/s  (Utilization : 0 %)
  │            Total Bandwidth :       0 GB/s  (Utilization : 0 %)
  └───── Total effec Bandwidth :       0 GB/s

  ┌─────────────  [Link 28]   (HMC7_LK_D0)
  │              Read per link : 0
  │             Write per link : 0
  │            Atomic per link : 0
  │           Request per link : 0
  │          Response per link : 0
  │              Flow per link : 0
  │       Error abort per link : 0
  │       Active Pkt Bandwidth :       0 GB/s  (Utilization : 0 %)
  │      Passive Pkt Bandwidth :       0 GB/s  (Utilization : 0 %)
  │         Flow Pkt Bandwidth :       0 GB/s  (Utilization : 0 %)
  │       Downstream Bandwidth :       0 GB/s  (Utilization : 0 %)
  │         Upstream Bandwidth :       0 GB/s  (Utilization : 0 %)
  │            Total Bandwidth :       0 GB/s  (Utilization : 0 %)
  └───── Total effec Bandwidth :       0 GB/s

  ┌─────────────  [Link 29]   (HMC7_LK_D1)
  │              Read per link : 0
  │             Write per link : 0
  │            Atomic per link : 0
  │           Request per link : 0
  │          Response per link : 1531599
  │              Flow per link : 3589109
  │       Error abort per link : 0
  │       Active Pkt Bandwidth :       0 GB/s  (Utilization : 0 %)
  │      Passive Pkt Bandwidth : 0.0962714 GB/s  (Utilization : 0.160452 %)
  │         Flow Pkt Bandwidth : 0.0723969 GB/s  (Utilization : 0.120661 %)
  │       Downstream Bandwidth : 0.168668 GB/s  (Utilization : 0.281114 %)
  │         Upstream Bandwidth :       0 GB/s  (Utilization : 0 %)
  │            Total Bandwidth : 0.168668 GB/s  (Utilization : 0.140557 %)
  └───── Total effec Bandwidth : 0.0653771 GB/s

  ┌─────────────  [Link 30]   (HMC7_LK_D2)
  │              Read per link : 0
  │             Write per link : 0
  │            Atomic per link : 0
  │           Request per link : 0
  │          Response per link : 0
  │              Flow per link : 0
  │       Error abort per link : 0
  │       Active Pkt Bandwidth :       0 GB/s  (Utilization : 0 %)
  │      Passive Pkt Bandwidth :       0 GB/s  (Utilization : 0 %)
  │         Flow Pkt Bandwidth :       0 GB/s  (Utilization : 0 %)
  │       Downstream Bandwidth :       0 GB/s  (Utilization : 0 %)
  │         Upstream Bandwidth :       0 GB/s  (Utilization : 0 %)
  │            Total Bandwidth :       0 GB/s  (Utilization : 0 %)
  └───── Total effec Bandwidth :       0 GB/s

  ┌─────────────  [Link 31]   (HMC7_LK_D3)
  │              Read per link : 0
  │             Write per link : 0
  │            Atomic per link : 0
  │           Request per link : 0
  │          Response per link : 0
  │              Flow per link : 0
  │       Error abort per link : 0
  │       Active Pkt Bandwidth :       0 GB/s  (Utilization : 0 %)
  │      Passive Pkt Bandwidth :       0 GB/s  (Utilization : 0 %)
  │         Flow Pkt Bandwidth :       0 GB/s  (Utilization : 0 %)
  │       Downstream Bandwidth :       0 GB/s  (Utilization : 0 %)
  │         Upstream Bandwidth :       0 GB/s  (Utilization : 0 %)
  │            Total Bandwidth :       0 GB/s  (Utilization : 0 %)
  └───── Total effec Bandwidth :       0 GB/s

  ┌─────────────  [Link 32]   (HMC8_LK_D0)
  │              Read per link : 0
  │             Write per link : 0
  │            Atomic per link : 0
  │           Request per link : 0
  │          Response per link : 0
  │              Flow per link : 0
  │       Error abort per link : 0
  │       Active Pkt Bandwidth :       0 GB/s  (Utilization : 0 %)
  │      Passive Pkt Bandwidth :       0 GB/s  (Utilization : 0 %)
  │         Flow Pkt Bandwidth :       0 GB/s  (Utilization : 0 %)
  │       Downstream Bandwidth :       0 GB/s  (Utilization : 0 %)
  │         Upstream Bandwidth :       0 GB/s  (Utilization : 0 %)
  │            Total Bandwidth :       0 GB/s  (Utilization : 0 %)
  └───── Total effec Bandwidth :       0 GB/s

  ┌─────────────  [Link 33]   (HMC8_LK_D1)
  │              Read per link : 0
  │             Write per link : 0
  │            Atomic per link : 0
  │           Request per link : 0
  │          Response per link : 0
  │              Flow per link : 0
  │       Error abort per link : 0
  │       Active Pkt Bandwidth :       0 GB/s  (Utilization : 0 %)
  │      Passive Pkt Bandwidth :       0 GB/s  (Utilization : 0 %)
  │         Flow Pkt Bandwidth :       0 GB/s  (Utilization : 0 %)
  │       Downstream Bandwidth :       0 GB/s  (Utilization : 0 %)
  │         Upstream Bandwidth :       0 GB/s  (Utilization : 0 %)
  │            Total Bandwidth :       0 GB/s  (Utilization : 0 %)
  └───── Total effec Bandwidth :       0 GB/s

  ┌─────────────  [Link 34]   (HMC8_LK_D2)
  │              Read per link : 0
  │             Write per link : 0
  │            Atomic per link : 0
  │           Request per link : 0
  │          Response per link : 1536734
  │              Flow per link : 3603904
  │       Error abort per link : 0
  │       Active Pkt Bandwidth :       0 GB/s  (Utilization : 0 %)
  │      Passive Pkt Bandwidth : 0.0966944 GB/s  (Utilization : 0.161157 %)
  │         Flow Pkt Bandwidth : 0.0726953 GB/s  (Utilization : 0.121159 %)
  │       Downstream Bandwidth : 0.16939 GB/s  (Utilization : 0.282316 %)
  │         Upstream Bandwidth :       0 GB/s  (Utilization : 0 %)
  │            Total Bandwidth : 0.16939 GB/s  (Utilization : 0.141158 %)
  └───── Total effec Bandwidth : 0.0656965 GB/s

  ┌─────────────  [Link 35]   (HMC8_LK_D3)
  │              Read per link : 0
  │             Write per link : 0
  │            Atomic per link : 0
  │           Request per link : 0
  │          Response per link : 0
  │              Flow per link : 0
  │       Error abort per link : 0
  │       Active Pkt Bandwidth :       0 GB/s  (Utilization : 0 %)
  │      Passive Pkt Bandwidth :       0 GB/s  (Utilization : 0 %)
  │         Flow Pkt Bandwidth :       0 GB/s  (Utilization : 0 %)
  │       Downstream Bandwidth :       0 GB/s  (Utilization : 0 %)
  │         Upstream Bandwidth :       0 GB/s  (Utilization : 0 %)
  │            Total Bandwidth :       0 GB/s  (Utilization : 0 %)
  └───── Total effec Bandwidth :       0 GB/s

  ┌─────────────  [Link 36]   (HMC9_LK_D0)
  │              Read per link : 0
  │             Write per link : 0
  │            Atomic per link : 0
  │           Request per link : 0
  │          Response per link : 0
  │              Flow per link : 0
  │       Error abort per link : 0
  │       Active Pkt Bandwidth :       0 GB/s  (Utilization : 0 %)
  │      Passive Pkt Bandwidth :       0 GB/s  (Utilization : 0 %)
  │         Flow Pkt Bandwidth :       0 GB/s  (Utilization : 0 %)
  │       Downstream Bandwidth :       0 GB/s  (Utilization : 0 %)
  │         Upstream Bandwidth :       0 GB/s  (Utilization : 0 %)
  │            Total Bandwidth :       0 GB/s  (Utilization : 0 %)
  └───── Total effec Bandwidth :       0 GB/s

  ┌─────────────  [Link 37]   (HMC9_LK_D1)
  │              Read per link : 0
  │             Write per link : 0
  │            Atomic per link : 0
  │           Request per link : 0
  │          Response per link : 0
  │              Flow per link : 0
  │       Error abort per link : 0
  │       Active Pkt Bandwidth :       0 GB/s  (Utilization : 0 %)
  │      Passive Pkt Bandwidth :       0 GB/s  (Utilization : 0 %)
  │         Flow Pkt Bandwidth :       0 GB/s  (Utilization : 0 %)
  │       Downstream Bandwidth :       0 GB/s  (Utilization : 0 %)
  │         Upstream Bandwidth :       0 GB/s  (Utilization : 0 %)
  │            Total Bandwidth :       0 GB/s  (Utilization : 0 %)
  └───── Total effec Bandwidth :       0 GB/s

  ┌─────────────  [Link 38]   (HMC9_LK_D2)
  │              Read per link : 0
  │             Write per link : 0
  │            Atomic per link : 0
  │           Request per link : 0
  │          Response per link : 1529851
  │              Flow per link : 3616643
  │       Error abort per link : 0
  │       Active Pkt Bandwidth :       0 GB/s  (Utilization : 0 %)
  │      Passive Pkt Bandwidth : 0.0964452 GB/s  (Utilization : 0.160742 %)
  │         Flow Pkt Bandwidth : 0.0729523 GB/s  (Utilization : 0.121587 %)
  │       Downstream Bandwidth : 0.169397 GB/s  (Utilization : 0.282329 %)
  │         Upstream Bandwidth :       0 GB/s  (Utilization : 0 %)
  │            Total Bandwidth : 0.169397 GB/s  (Utilization : 0.141165 %)
  └───── Total effec Bandwidth : 0.0655862 GB/s

  ┌─────────────  [Link 39]   (HMC9_LK_D3)
  │              Read per link : 0
  │             Write per link : 0
  │            Atomic per link : 0
  │           Request per link : 0
  │          Response per link : 0
  │              Flow per link : 0
  │       Error abort per link : 0
  │       Active Pkt Bandwidth :       0 GB/s  (Utilization : 0 %)
  │      Passive Pkt Bandwidth :       0 GB/s  (Utilization : 0 %)
  │         Flow Pkt Bandwidth :       0 GB/s  (Utilization : 0 %)
  │       Downstream Bandwidth :       0 GB/s  (Utilization : 0 %)
  │         Upstream Bandwidth :       0 GB/s  (Utilization : 0 %)
  │            Total Bandwidth :       0 GB/s  (Utilization : 0 %)
  └───── Total effec Bandwidth :       0 GB/s

  ┌─────────────  [Link 40]   (HMC10_LK_D0)
  │              Read per link : 814234
  │             Write per link : 722500
  │            Atomic per link : 0
  │           Request per link : 1536734
  │          Response per link : 0
  │              Flow per link : 4013761
  │       Error abort per link : 0
  │       Active Pkt Bandwidth :       0 GB/s  (Utilization : 0 %)
  │      Passive Pkt Bandwidth : 0.0892928 GB/s  (Utilization : 0.148821 %)
  │         Flow Pkt Bandwidth : 0.0809627 GB/s  (Utilization : 0.134938 %)
  │       Downstream Bandwidth : 0.170256 GB/s  (Utilization : 0.283759 %)
  │         Upstream Bandwidth :       0 GB/s  (Utilization : 0 %)
  │            Total Bandwidth : 0.170256 GB/s  (Utilization : 0.14188 %)
  └───── Total effec Bandwidth : 0.058295 GB/s

  ┌─────────────  [Link 41]   (HMC10_LK_D1)
  │              Read per link : 812866
  │             Write per link : 716985
  │            Atomic per link : 0
  │           Request per link : 1529851
  │          Response per link : 0
  │              Flow per link : 4007993
  │       Error abort per link : 0
  │       Active Pkt Bandwidth :       0 GB/s  (Utilization : 0 %)
  │      Passive Pkt Bandwidth : 0.088709 GB/s  (Utilization : 0.147848 %)
  │         Flow Pkt Bandwidth : 0.0808463 GB/s  (Utilization : 0.134744 %)
  │       Downstream Bandwidth : 0.169555 GB/s  (Utilization : 0.282592 %)
  │         Upstream Bandwidth :       0 GB/s  (Utilization : 0 %)
  │            Total Bandwidth : 0.169555 GB/s  (Utilization : 0.141296 %)
  └───── Total effec Bandwidth : 0.05785 GB/s

  ┌─────────────  [Link 42]   (HMC10_LK_U2)
  │              Read per link : 0
  │             Write per link : 0
  │            Atomic per link : 0
  │           Request per link : 0
  │          Response per link : 6135152
  │              Flow per link : 13530169
  │       Error abort per link : 0
  │       Active Pkt Bandwidth :       0 GB/s  (Utilization : 0 %)
  │      Passive Pkt Bandwidth : 0.386201 GB/s  (Utilization : 0.643668 %)
  │         Flow Pkt Bandwidth : 0.272921 GB/s  (Utilization : 0.454868 %)
  │       Downstream Bandwidth :       0 GB/s  (Utilization : 0 %)
  │         Upstream Bandwidth : 0.659121 GB/s  (Utilization : 1.09854 %)
  │            Total Bandwidth : 0.659121 GB/s  (Utilization : 0.549268 %)
  └───── Total effec Bandwidth : 0.262447 GB/s

  ┌─────────────  [Link 43]   (HMC10_LK_D3)
  │              Read per link : 811593
  │             Write per link : 723554
  │            Atomic per link : 0
  │           Request per link : 1535147
  │          Response per link : 0
  │              Flow per link : 4014816
  │       Error abort per link : 0
  │       Active Pkt Bandwidth :       0 GB/s  (Utilization : 0 %)
  │      Passive Pkt Bandwidth : 0.0893459 GB/s  (Utilization : 0.14891 %)
  │         Flow Pkt Bandwidth : 0.0809839 GB/s  (Utilization : 0.134973 %)
  │       Downstream Bandwidth : 0.17033 GB/s  (Utilization : 0.283883 %)
  │         Upstream Bandwidth :       0 GB/s  (Utilization : 0 %)
  │            Total Bandwidth : 0.17033 GB/s  (Utilization : 0.141942 %)
  └───── Total effec Bandwidth : 0.05838 GB/s

  ┌─────────────  [Link 44]   (HMC11_LK_D0)
  │              Read per link : 0
  │             Write per link : 0
  │            Atomic per link : 0
  │           Request per link : 0
  │          Response per link : 0
  │              Flow per link : 0
  │       Error abort per link : 0
  │       Active Pkt Bandwidth :       0 GB/s  (Utilization : 0 %)
  │      Passive Pkt Bandwidth :       0 GB/s  (Utilization : 0 %)
  │         Flow Pkt Bandwidth :       0 GB/s  (Utilization : 0 %)
  │       Downstream Bandwidth :       0 GB/s  (Utilization : 0 %)
  │         Upstream Bandwidth :       0 GB/s  (Utilization : 0 %)
  │            Total Bandwidth :       0 GB/s  (Utilization : 0 %)
  └───── Total effec Bandwidth :       0 GB/s

  ┌─────────────  [Link 45]   (HMC11_LK_D1)
  │              Read per link : 0
  │             Write per link : 0
  │            Atomic per link : 0
  │           Request per link : 0
  │          Response per link : 0
  │              Flow per link : 0
  │       Error abort per link : 0
  │       Active Pkt Bandwidth :       0 GB/s  (Utilization : 0 %)
  │      Passive Pkt Bandwidth :       0 GB/s  (Utilization : 0 %)
  │         Flow Pkt Bandwidth :       0 GB/s  (Utilization : 0 %)
  │       Downstream Bandwidth :       0 GB/s  (Utilization : 0 %)
  │         Upstream Bandwidth :       0 GB/s  (Utilization : 0 %)
  │            Total Bandwidth :       0 GB/s  (Utilization : 0 %)
  └───── Total effec Bandwidth :       0 GB/s

  ┌─────────────  [Link 46]   (HMC11_LK_D2)
  │              Read per link : 0
  │             Write per link : 0
  │            Atomic per link : 0
  │           Request per link : 0
  │          Response per link : 1535147
  │              Flow per link : 3605961
  │       Error abort per link : 0
  │       Active Pkt Bandwidth :       0 GB/s  (Utilization : 0 %)
  │      Passive Pkt Bandwidth : 0.0964493 GB/s  (Utilization : 0.160749 %)
  │         Flow Pkt Bandwidth : 0.0727368 GB/s  (Utilization : 0.121228 %)
  │       Downstream Bandwidth : 0.169186 GB/s  (Utilization : 0.281977 %)
  │         Upstream Bandwidth :       0 GB/s  (Utilization : 0 %)
  │            Total Bandwidth : 0.169186 GB/s  (Utilization : 0.140988 %)
  └───── Total effec Bandwidth : 0.0654834 GB/s

  ┌─────────────  [Link 47]   (HMC11_LK_D3)
  │              Read per link : 0
  │             Write per link : 0
  │            Atomic per link : 0
  │           Request per link : 0
  │          Response per link : 0
  │              Flow per link : 0
  │       Error abort per link : 0
  │       Active Pkt Bandwidth :       0 GB/s  (Utilization : 0 %)
  │      Passive Pkt Bandwidth :       0 GB/s  (Utilization : 0 %)
  │         Flow Pkt Bandwidth :       0 GB/s  (Utilization : 0 %)
  │       Downstream Bandwidth :       0 GB/s  (Utilization : 0 %)
  │         Upstream Bandwidth :       0 GB/s  (Utilization : 0 %)
  │            Total Bandwidth :       0 GB/s  (Utilization : 0 %)
  └───── Total effec Bandwidth :       0 GB/s

  ┌─────────────  [Link 48]   (HMC12_LK_D0)
  │              Read per link : 0
  │             Write per link : 0
  │            Atomic per link : 0
  │           Request per link : 0
  │          Response per link : 0
  │              Flow per link : 0
  │       Error abort per link : 0
  │       Active Pkt Bandwidth :       0 GB/s  (Utilization : 0 %)
  │      Passive Pkt Bandwidth :       0 GB/s  (Utilization : 0 %)
  │         Flow Pkt Bandwidth :       0 GB/s  (Utilization : 0 %)
  │       Downstream Bandwidth :       0 GB/s  (Utilization : 0 %)
  │         Upstream Bandwidth :       0 GB/s  (Utilization : 0 %)
  │            Total Bandwidth :       0 GB/s  (Utilization : 0 %)
  └───── Total effec Bandwidth :       0 GB/s

  ┌─────────────  [Link 49]   (HMC12_LK_D1)
  │              Read per link : 0
  │             Write per link : 0
  │            Atomic per link : 0
  │           Request per link : 0
  │          Response per link : 0
  │              Flow per link : 0
  │       Error abort per link : 0
  │       Active Pkt Bandwidth :       0 GB/s  (Utilization : 0 %)
  │      Passive Pkt Bandwidth :       0 GB/s  (Utilization : 0 %)
  │         Flow Pkt Bandwidth :       0 GB/s  (Utilization : 0 %)
  │       Downstream Bandwidth :       0 GB/s  (Utilization : 0 %)
  │         Upstream Bandwidth :       0 GB/s  (Utilization : 0 %)
  │            Total Bandwidth :       0 GB/s  (Utilization : 0 %)
  └───── Total effec Bandwidth :       0 GB/s

  ┌─────────────  [Link 50]   (HMC12_LK_D2)
  │              Read per link : 0
  │             Write per link : 0
  │            Atomic per link : 0
  │           Request per link : 0
  │          Response per link : 0
  │              Flow per link : 0
  │       Error abort per link : 0
  │       Active Pkt Bandwidth :       0 GB/s  (Utilization : 0 %)
  │      Passive Pkt Bandwidth :       0 GB/s  (Utilization : 0 %)
  │         Flow Pkt Bandwidth :       0 GB/s  (Utilization : 0 %)
  │       Downstream Bandwidth :       0 GB/s  (Utilization : 0 %)
  │         Upstream Bandwidth :       0 GB/s  (Utilization : 0 %)
  │            Total Bandwidth :       0 GB/s  (Utilization : 0 %)
  └───── Total effec Bandwidth :       0 GB/s

  ┌─────────────  [Link 51]   (HMC12_LK_D3)
  │              Read per link : 0
  │             Write per link : 0
  │            Atomic per link : 0
  │           Request per link : 0
  │          Response per link : 1537869
  │              Flow per link : 3602456
  │       Error abort per link : 0
  │       Active Pkt Bandwidth :       0 GB/s  (Utilization : 0 %)
  │      Passive Pkt Bandwidth : 0.0966788 GB/s  (Utilization : 0.161131 %)
  │         Flow Pkt Bandwidth : 0.0726661 GB/s  (Utilization : 0.12111 %)
  │       Downstream Bandwidth : 0.169345 GB/s  (Utilization : 0.282242 %)
  │         Upstream Bandwidth :       0 GB/s  (Utilization : 0 %)
  │            Total Bandwidth : 0.169345 GB/s  (Utilization : 0.141121 %)
  └───── Total effec Bandwidth : 0.065658 GB/s

  ┌─────────────  [Link 52]   (HMC13_LK_D0)
  │              Read per link : 0
  │             Write per link : 0
  │            Atomic per link : 0
  │           Request per link : 0
  │          Response per link : 0
  │              Flow per link : 0
  │       Error abort per link : 0
  │       Active Pkt Bandwidth :       0 GB/s  (Utilization : 0 %)
  │      Passive Pkt Bandwidth :       0 GB/s  (Utilization : 0 %)
  │         Flow Pkt Bandwidth :       0 GB/s  (Utilization : 0 %)
  │       Downstream Bandwidth :       0 GB/s  (Utilization : 0 %)
  │         Upstream Bandwidth :       0 GB/s  (Utilization : 0 %)
  │            Total Bandwidth :       0 GB/s  (Utilization : 0 %)
  └───── Total effec Bandwidth :       0 GB/s

  ┌─────────────  [Link 53]   (HMC13_LK_D1)
  │              Read per link : 0
  │             Write per link : 0
  │            Atomic per link : 0
  │           Request per link : 0
  │          Response per link : 0
  │              Flow per link : 0
  │       Error abort per link : 0
  │       Active Pkt Bandwidth :       0 GB/s  (Utilization : 0 %)
  │      Passive Pkt Bandwidth :       0 GB/s  (Utilization : 0 %)
  │         Flow Pkt Bandwidth :       0 GB/s  (Utilization : 0 %)
  │       Downstream Bandwidth :       0 GB/s  (Utilization : 0 %)
  │         Upstream Bandwidth :       0 GB/s  (Utilization : 0 %)
  │            Total Bandwidth :       0 GB/s  (Utilization : 0 %)
  └───── Total effec Bandwidth :       0 GB/s

  ┌─────────────  [Link 54]   (HMC13_LK_D2)
  │              Read per link : 0
  │             Write per link : 0
  │            Atomic per link : 0
  │           Request per link : 0
  │          Response per link : 0
  │              Flow per link : 0
  │       Error abort per link : 0
  │       Active Pkt Bandwidth :       0 GB/s  (Utilization : 0 %)
  │      Passive Pkt Bandwidth :       0 GB/s  (Utilization : 0 %)
  │         Flow Pkt Bandwidth :       0 GB/s  (Utilization : 0 %)
  │       Downstream Bandwidth :       0 GB/s  (Utilization : 0 %)
  │         Upstream Bandwidth :       0 GB/s  (Utilization : 0 %)
  │            Total Bandwidth :       0 GB/s  (Utilization : 0 %)
  └───── Total effec Bandwidth :       0 GB/s

  ┌─────────────  [Link 55]   (HMC13_LK_D3)
  │              Read per link : 0
  │             Write per link : 0
  │            Atomic per link : 0
  │           Request per link : 0
  │          Response per link : 1528302
  │              Flow per link : 3579386
  │       Error abort per link : 0
  │       Active Pkt Bandwidth :       0 GB/s  (Utilization : 0 %)
  │      Passive Pkt Bandwidth : 0.0963503 GB/s  (Utilization : 0.160584 %)
  │         Flow Pkt Bandwidth : 0.0722008 GB/s  (Utilization : 0.120335 %)
  │       Downstream Bandwidth : 0.168551 GB/s  (Utilization : 0.280918 %)
  │         Upstream Bandwidth :       0 GB/s  (Utilization : 0 %)
  │            Total Bandwidth : 0.168551 GB/s  (Utilization : 0.140459 %)
  └───── Total effec Bandwidth : 0.0655225 GB/s

  ┌─────────────  [Link 56]   (HMC14_LK_D0)
  │              Read per link : 0
  │             Write per link : 0
  │            Atomic per link : 0
  │           Request per link : 0
  │          Response per link : 0
  │              Flow per link : 0
  │       Error abort per link : 0
  │       Active Pkt Bandwidth :       0 GB/s  (Utilization : 0 %)
  │      Passive Pkt Bandwidth :       0 GB/s  (Utilization : 0 %)
  │         Flow Pkt Bandwidth :       0 GB/s  (Utilization : 0 %)
  │       Downstream Bandwidth :       0 GB/s  (Utilization : 0 %)
  │         Upstream Bandwidth :       0 GB/s  (Utilization : 0 %)
  │            Total Bandwidth :       0 GB/s  (Utilization : 0 %)
  └───── Total effec Bandwidth :       0 GB/s

  ┌─────────────  [Link 57]   (HMC14_LK_D1)
  │              Read per link : 0
  │             Write per link : 0
  │            Atomic per link : 0
  │           Request per link : 0
  │          Response per link : 0
  │              Flow per link : 0
  │       Error abort per link : 0
  │       Active Pkt Bandwidth :       0 GB/s  (Utilization : 0 %)
  │      Passive Pkt Bandwidth :       0 GB/s  (Utilization : 0 %)
  │         Flow Pkt Bandwidth :       0 GB/s  (Utilization : 0 %)
  │       Downstream Bandwidth :       0 GB/s  (Utilization : 0 %)
  │         Upstream Bandwidth :       0 GB/s  (Utilization : 0 %)
  │            Total Bandwidth :       0 GB/s  (Utilization : 0 %)
  └───── Total effec Bandwidth :       0 GB/s

  ┌─────────────  [Link 58]   (HMC14_LK_D2)
  │              Read per link : 0
  │             Write per link : 0
  │            Atomic per link : 0
  │           Request per link : 0
  │          Response per link : 0
  │              Flow per link : 0
  │       Error abort per link : 0
  │       Active Pkt Bandwidth :       0 GB/s  (Utilization : 0 %)
  │      Passive Pkt Bandwidth :       0 GB/s  (Utilization : 0 %)
  │         Flow Pkt Bandwidth :       0 GB/s  (Utilization : 0 %)
  │       Downstream Bandwidth :       0 GB/s  (Utilization : 0 %)
  │         Upstream Bandwidth :       0 GB/s  (Utilization : 0 %)
  │            Total Bandwidth :       0 GB/s  (Utilization : 0 %)
  └───── Total effec Bandwidth :       0 GB/s

  ┌─────────────  [Link 59]   (HMC14_LK_D3)
  │              Read per link : 0
  │             Write per link : 0
  │            Atomic per link : 0
  │           Request per link : 0
  │          Response per link : 1531366
  │              Flow per link : 3587081
  │       Error abort per link : 0
  │       Active Pkt Bandwidth :       0 GB/s  (Utilization : 0 %)
  │      Passive Pkt Bandwidth : 0.0963884 GB/s  (Utilization : 0.160647 %)
  │         Flow Pkt Bandwidth : 0.072356 GB/s  (Utilization : 0.120593 %)
  │       Downstream Bandwidth : 0.168744 GB/s  (Utilization : 0.281241 %)
  │         Upstream Bandwidth :       0 GB/s  (Utilization : 0 %)
  │            Total Bandwidth : 0.168744 GB/s  (Utilization : 0.14062 %)
  └───── Total effec Bandwidth : 0.0654988 GB/s

  ┌─────────────  [Link 60]   (HMC15_LK_D0)
  │              Read per link : 813757
  │             Write per link : 724112
  │            Atomic per link : 0
  │           Request per link : 1537869
  │          Response per link : 0
  │              Flow per link : 3989052
  │       Error abort per link : 0
  │       Active Pkt Bandwidth :       0 GB/s  (Utilization : 0 %)
  │      Passive Pkt Bandwidth : 0.0894458 GB/s  (Utilization : 0.149076 %)
  │         Flow Pkt Bandwidth : 0.0804642 GB/s  (Utilization : 0.134107 %)
  │       Downstream Bandwidth : 0.16991 GB/s  (Utilization : 0.283183 %)
  │         Upstream Bandwidth :       0 GB/s  (Utilization : 0 %)
  │            Total Bandwidth : 0.16991 GB/s  (Utilization : 0.141592 %)
  └───── Total effec Bandwidth : 0.058425 GB/s

  ┌─────────────  [Link 61]   (HMC15_LK_D1)
  │              Read per link : 812077
  │             Write per link : 716225
  │            Atomic per link : 0
  │           Request per link : 1528302
  │          Response per link : 0
  │              Flow per link : 3960909
  │       Error abort per link : 0
  │       Active Pkt Bandwidth :       0 GB/s  (Utilization : 0 %)
  │      Passive Pkt Bandwidth : 0.0886165 GB/s  (Utilization : 0.147694 %)
  │         Flow Pkt Bandwidth : 0.0798966 GB/s  (Utilization : 0.133161 %)
  │       Downstream Bandwidth : 0.168513 GB/s  (Utilization : 0.280855 %)
  │         Upstream Bandwidth :       0 GB/s  (Utilization : 0 %)
  │            Total Bandwidth : 0.168513 GB/s  (Utilization : 0.140428 %)
  └───── Total effec Bandwidth : 0.0577887 GB/s

  ┌─────────────  [Link 62]   (HMC15_LK_D2)
  │              Read per link : 811783
  │             Write per link : 719583
  │            Atomic per link : 0
  │           Request per link : 1531366
  │          Response per link : 0
  │              Flow per link : 3972629
  │       Error abort per link : 0
  │       Active Pkt Bandwidth :       0 GB/s  (Utilization : 0 %)
  │      Passive Pkt Bandwidth : 0.0889492 GB/s  (Utilization : 0.148249 %)
  │         Flow Pkt Bandwidth : 0.080133 GB/s  (Utilization : 0.133555 %)
  │       Downstream Bandwidth : 0.169082 GB/s  (Utilization : 0.281804 %)
  │         Upstream Bandwidth :       0 GB/s  (Utilization : 0 %)
  │            Total Bandwidth : 0.169082 GB/s  (Utilization : 0.140902 %)
  └───── Total effec Bandwidth : 0.0580596 GB/s

  ┌─────────────  [Link 63]   (HMC15_LK_U3)
  │              Read per link : 0
  │             Write per link : 0
  │            Atomic per link : 0
  │           Request per link : 0
  │          Response per link : 6133225
  │              Flow per link : 13049429
  │       Error abort per link : 0
  │       Active Pkt Bandwidth :       0 GB/s  (Utilization : 0 %)
  │      Passive Pkt Bandwidth : 0.385907 GB/s  (Utilization : 0.643178 %)
  │         Flow Pkt Bandwidth : 0.263224 GB/s  (Utilization : 0.438706 %)
  │       Downstream Bandwidth :       0 GB/s  (Utilization : 0 %)
  │         Upstream Bandwidth : 0.649131 GB/s  (Utilization : 1.08188 %)
  │            Total Bandwidth : 0.649131 GB/s  (Utilization : 0.540942 %)
  └───── Total effec Bandwidth : 0.262192 GB/s

  ┌─────────────  [Link 64]   (HC0_LK_D0)
  │              Read per link : 3249146
  │             Write per link : 2882621
  │            Atomic per link : 33554465
  │           Request per link : 39686232
  │          Response per link : 0
  │              Flow per link : 14490443
  │       Error abort per link : 0
  │       Active Pkt Bandwidth : 0.676837 GB/s  (Utilization : 1.12806 %)
  │      Passive Pkt Bandwidth : 0.35627 GB/s  (Utilization : 0.593783 %)
  │         Flow Pkt Bandwidth : 0.292291 GB/s  (Utilization : 0.487151 %)
  │       Downstream Bandwidth :  1.3254 GB/s  (Utilization : 2.209 %)
  │         Upstream Bandwidth :       0 GB/s  (Utilization : 0 %)
  │            Total Bandwidth :  1.3254 GB/s  (Utilization : 1.1045 %)
  └───── Total effec Bandwidth : 0.232585 GB/s

  ┌─────────────  [Link 65]   (HC1_LK_D0)
  │              Read per link : 3249628
  │             Write per link : 2883177
  │            Atomic per link : 0
  │           Request per link : 6132805
  │          Response per link : 0
  │              Flow per link : 14792780
  │       Error abort per link : 0
  │       Active Pkt Bandwidth :       0 GB/s  (Utilization : 0 %)
  │      Passive Pkt Bandwidth : 0.356336 GB/s  (Utilization : 0.593893 %)
  │         Flow Pkt Bandwidth : 0.298389 GB/s  (Utilization : 0.497315 %)
  │       Downstream Bandwidth : 0.654725 GB/s  (Utilization : 1.09121 %)
  │         Upstream Bandwidth :       0 GB/s  (Utilization : 0 %)
  │            Total Bandwidth : 0.654725 GB/s  (Utilization : 0.545604 %)
  └───── Total effec Bandwidth : 0.232629 GB/s

  ┌─────────────  [Link 66]   (HC2_LK_D0)
  │              Read per link : 3252729
  │             Write per link : 2882423
  │            Atomic per link : 0
  │           Request per link : 6135152
  │          Response per link : 0
  │              Flow per link : 14854045
  │       Error abort per link : 0
  │       Active Pkt Bandwidth :       0 GB/s  (Utilization : 0 %)
  │      Passive Pkt Bandwidth : 0.356322 GB/s  (Utilization : 0.593871 %)
  │         Flow Pkt Bandwidth : 0.299625 GB/s  (Utilization : 0.499375 %)
  │       Downstream Bandwidth : 0.655947 GB/s  (Utilization : 1.09325 %)
  │         Upstream Bandwidth :       0 GB/s  (Utilization : 0 %)
  │            Total Bandwidth : 0.655947 GB/s  (Utilization : 0.546623 %)
  └───── Total effec Bandwidth : 0.232569 GB/s

  ┌─────────────  [Link 67]   (HC3_LK_D0)
  │              Read per link : 3249574
  │             Write per link : 2883651
  │            Atomic per link : 0
  │           Request per link : 6133225
  │          Response per link : 0
  │              Flow per link : 14661449
  │       Error abort per link : 0
  │       Active Pkt Bandwidth :       0 GB/s  (Utilization : 0 %)
  │      Passive Pkt Bandwidth : 0.356383 GB/s  (Utilization : 0.593971 %)
  │         Flow Pkt Bandwidth : 0.29574 GB/s  (Utilization : 0.4929 %)
  │       Downstream Bandwidth : 0.652123 GB/s  (Utilization : 1.08687 %)
  │         Upstream Bandwidth :       0 GB/s  (Utilization : 0 %)
  │            Total Bandwidth : 0.652123 GB/s  (Utilization : 0.543436 %)
  └───── Total effec Bandwidth : 0.232668 GB/s

  Operand buffer stalls : [0] 26561835560  [1] 351828970  [2] 339614168  [3] 330341918  [4] 0  [5] 0  [6] 0  [7] 0  [8] 0  [9] 0  [10] 0  [11] 0  [12] 0  [13] 0  [14] 0  [15] 0  
  Total operand buffer stalls 27583620616

  Number of updates : [0] 27262992  [1] 2097152  [2] 2097169  [3] 2097152  [4] 0  [5] 0  [6] 0  [7] 0  [8] 0  [9] 0  [10] 0  [11] 0  [12] 0  [13] 0  [14] 0  [15] 0  

  Number of operands : [0] 16777216  [1] 16777232  [2] 16777266  [3] 16777216  [4] 0  [5] 0  [6] 0  [7] 0  [8] 0  [9] 0  [10] 0  [11] 0  [12] 0  [13] 0  [14] 0  [15] 0  

